.\output\pjnath--Win32-vc8-Debug\pjnath.bsc
C:\temp\git\third-party\pjsip\pjproject-2.0.1-win\pjnath\build\output\pjnath--Win32-vc8-Debug\BscMake.command.1.tlog
C:\temp\git\third-party\pjsip\pjproject-2.0.1-win\pjnath\build\output\pjnath--Win32-vc8-Debug\bscmake.read.1.tlog
C:\temp\git\third-party\pjsip\pjproject-2.0.1-win\pjnath\build\output\pjnath--Win32-vc8-Debug\bscmake.write.1.tlog
C:\temp\git\third-party\pjsip\pjproject-2.0.1-win\pjnath\build\output\pjnath--Win32-vc8-Debug\cl.command.1.tlog
C:\temp\git\third-party\pjsip\pjproject-2.0.1-win\pjnath\build\output\pjnath--Win32-vc8-Debug\CL.read.1.tlog
C:\temp\git\third-party\pjsip\pjproject-2.0.1-win\pjnath\build\output\pjnath--Win32-vc8-Debug\CL.write.1.tlog
C:\temp\git\third-party\pjsip\pjproject-2.0.1-win\pjnath\build\output\pjnath--Win32-vc8-Debug\errno.obj
C:\temp\git\third-party\pjsip\pjproject-2.0.1-win\pjnath\build\output\pjnath--Win32-vc8-Debug\errno.sbr
C:\temp\git\third-party\pjsip\pjproject-2.0.1-win\pjnath\build\output\pjnath--Win32-vc8-Debug\ice_session.obj
C:\temp\git\third-party\pjsip\pjproject-2.0.1-win\pjnath\build\output\pjnath--Win32-vc8-Debug\ice_session.sbr
C:\temp\git\third-party\pjsip\pjproject-2.0.1-win\pjnath\build\output\pjnath--Win32-vc8-Debug\ice_strans.obj
C:\temp\git\third-party\pjsip\pjproject-2.0.1-win\pjnath\build\output\pjnath--Win32-vc8-Debug\ice_strans.sbr
C:\temp\git\third-party\pjsip\pjproject-2.0.1-win\pjnath\build\output\pjnath--Win32-vc8-Debug\lib.command.1.tlog
C:\temp\git\third-party\pjsip\pjproject-2.0.1-win\pjnath\build\output\pjnath--Win32-vc8-Debug\Lib-link.read.1.tlog
C:\temp\git\third-party\pjsip\pjproject-2.0.1-win\pjnath\build\output\pjnath--Win32-vc8-Debug\Lib-link.write.1.tlog
C:\temp\git\third-party\pjsip\pjproject-2.0.1-win\pjnath\build\output\pjnath--Win32-vc8-Debug\nat_detect.obj
C:\temp\git\third-party\pjsip\pjproject-2.0.1-win\pjnath\build\output\pjnath--Win32-vc8-Debug\nat_detect.sbr
C:\temp\git\third-party\pjsip\pjproject-2.0.1-win\pjnath\build\output\pjnath--Win32-vc8-Debug\pjnath.bsc
C:\temp\git\third-party\pjsip\pjproject-2.0.1-win\pjnath\build\output\pjnath--Win32-vc8-Debug\stun_auth.obj
C:\temp\git\third-party\pjsip\pjproject-2.0.1-win\pjnath\build\output\pjnath--Win32-vc8-Debug\stun_auth.sbr
C:\temp\git\third-party\pjsip\pjproject-2.0.1-win\pjnath\build\output\pjnath--Win32-vc8-Debug\stun_msg.obj
C:\temp\git\third-party\pjsip\pjproject-2.0.1-win\pjnath\build\output\pjnath--Win32-vc8-Debug\stun_msg.sbr
C:\temp\git\third-party\pjsip\pjproject-2.0.1-win\pjnath\build\output\pjnath--Win32-vc8-Debug\stun_msg_dump.obj
C:\temp\git\third-party\pjsip\pjproject-2.0.1-win\pjnath\build\output\pjnath--Win32-vc8-Debug\stun_msg_dump.sbr
C:\temp\git\third-party\pjsip\pjproject-2.0.1-win\pjnath\build\output\pjnath--Win32-vc8-Debug\stun_session.obj
C:\temp\git\third-party\pjsip\pjproject-2.0.1-win\pjnath\build\output\pjnath--Win32-vc8-Debug\stun_session.sbr
C:\temp\git\third-party\pjsip\pjproject-2.0.1-win\pjnath\build\output\pjnath--Win32-vc8-Debug\stun_sock.obj
C:\temp\git\third-party\pjsip\pjproject-2.0.1-win\pjnath\build\output\pjnath--Win32-vc8-Debug\stun_sock.sbr
C:\temp\git\third-party\pjsip\pjproject-2.0.1-win\pjnath\build\output\pjnath--Win32-vc8-Debug\stun_transaction.obj
C:\temp\git\third-party\pjsip\pjproject-2.0.1-win\pjnath\build\output\pjnath--Win32-vc8-Debug\stun_transaction.sbr
C:\temp\git\third-party\pjsip\pjproject-2.0.1-win\pjnath\build\output\pjnath--Win32-vc8-Debug\turn_session.obj
C:\temp\git\third-party\pjsip\pjproject-2.0.1-win\pjnath\build\output\pjnath--Win32-vc8-Debug\turn_session.sbr
C:\temp\git\third-party\pjsip\pjproject-2.0.1-win\pjnath\build\output\pjnath--Win32-vc8-Debug\turn_sock.obj
C:\temp\git\third-party\pjsip\pjproject-2.0.1-win\pjnath\build\output\pjnath--Win32-vc8-Debug\turn_sock.sbr
C:\temp\git\third-party\pjsip\pjproject-2.0.1-win\pjnath\build\output\pjnath--Win32-vc8-Debug\vc100.idb
C:\temp\git\third-party\pjsip\pjproject-2.0.1-win\pjnath\build\output\pjnath--Win32-vc8-Debug\vc100.pdb
C:\USERS\RPC\DOWNLOADS\PJPROJECT-2.0\PJNATH\BUILD\OUTPUT\PJNATH--WIN32-VC8-DEBUG\ERRNO.OBJ
C:\USERS\RPC\DOWNLOADS\PJPROJECT-2.0\PJNATH\BUILD\OUTPUT\PJNATH--WIN32-VC8-DEBUG\ERRNO.SBR
C:\USERS\RPC\DOWNLOADS\PJPROJECT-2.0\PJNATH\BUILD\OUTPUT\PJNATH--WIN32-VC8-DEBUG\ICE_SESSION.OBJ
C:\USERS\RPC\DOWNLOADS\PJPROJECT-2.0\PJNATH\BUILD\OUTPUT\PJNATH--WIN32-VC8-DEBUG\ICE_SESSION.SBR
C:\USERS\RPC\DOWNLOADS\PJPROJECT-2.0\PJNATH\BUILD\OUTPUT\PJNATH--WIN32-VC8-DEBUG\ICE_STRANS.OBJ
C:\USERS\RPC\DOWNLOADS\PJPROJECT-2.0\PJNATH\BUILD\OUTPUT\PJNATH--WIN32-VC8-DEBUG\ICE_STRANS.SBR
C:\USERS\RPC\DOWNLOADS\PJPROJECT-2.0\PJNATH\BUILD\OUTPUT\PJNATH--WIN32-VC8-DEBUG\NAT_DETECT.OBJ
C:\USERS\RPC\DOWNLOADS\PJPROJECT-2.0\PJNATH\BUILD\OUTPUT\PJNATH--WIN32-VC8-DEBUG\NAT_DETECT.SBR
C:\USERS\RPC\DOWNLOADS\PJPROJECT-2.0\PJNATH\BUILD\OUTPUT\PJNATH--WIN32-VC8-DEBUG\PJNATH.BSC
C:\USERS\RPC\DOWNLOADS\PJPROJECT-2.0\PJNATH\BUILD\OUTPUT\PJNATH--WIN32-VC8-DEBUG\STUN_AUTH.OBJ
C:\USERS\RPC\DOWNLOADS\PJPROJECT-2.0\PJNATH\BUILD\OUTPUT\PJNATH--WIN32-VC8-DEBUG\STUN_AUTH.SBR
C:\USERS\RPC\DOWNLOADS\PJPROJECT-2.0\PJNATH\BUILD\OUTPUT\PJNATH--WIN32-VC8-DEBUG\STUN_MSG.OBJ
C:\USERS\RPC\DOWNLOADS\PJPROJECT-2.0\PJNATH\BUILD\OUTPUT\PJNATH--WIN32-VC8-DEBUG\STUN_MSG.SBR
C:\USERS\RPC\DOWNLOADS\PJPROJECT-2.0\PJNATH\BUILD\OUTPUT\PJNATH--WIN32-VC8-DEBUG\STUN_MSG_DUMP.OBJ
C:\USERS\RPC\DOWNLOADS\PJPROJECT-2.0\PJNATH\BUILD\OUTPUT\PJNATH--WIN32-VC8-DEBUG\STUN_MSG_DUMP.SBR
C:\USERS\RPC\DOWNLOADS\PJPROJECT-2.0\PJNATH\BUILD\OUTPUT\PJNATH--WIN32-VC8-DEBUG\STUN_SESSION.OBJ
C:\USERS\RPC\DOWNLOADS\PJPROJECT-2.0\PJNATH\BUILD\OUTPUT\PJNATH--WIN32-VC8-DEBUG\STUN_SESSION.SBR
C:\USERS\RPC\DOWNLOADS\PJPROJECT-2.0\PJNATH\BUILD\OUTPUT\PJNATH--WIN32-VC8-DEBUG\STUN_SOCK.OBJ
C:\USERS\RPC\DOWNLOADS\PJPROJECT-2.0\PJNATH\BUILD\OUTPUT\PJNATH--WIN32-VC8-DEBUG\STUN_SOCK.SBR
C:\USERS\RPC\DOWNLOADS\PJPROJECT-2.0\PJNATH\BUILD\OUTPUT\PJNATH--WIN32-VC8-DEBUG\STUN_TRANSACTION.OBJ
C:\USERS\RPC\DOWNLOADS\PJPROJECT-2.0\PJNATH\BUILD\OUTPUT\PJNATH--WIN32-VC8-DEBUG\STUN_TRANSACTION.SBR
C:\USERS\RPC\DOWNLOADS\PJPROJECT-2.0\PJNATH\BUILD\OUTPUT\PJNATH--WIN32-VC8-DEBUG\TURN_SESSION.OBJ
C:\USERS\RPC\DOWNLOADS\PJPROJECT-2.0\PJNATH\BUILD\OUTPUT\PJNATH--WIN32-VC8-DEBUG\TURN_SESSION.SBR
C:\USERS\RPC\DOWNLOADS\PJPROJECT-2.0\PJNATH\BUILD\OUTPUT\PJNATH--WIN32-VC8-DEBUG\TURN_SOCK.OBJ
C:\USERS\RPC\DOWNLOADS\PJPROJECT-2.0\PJNATH\BUILD\OUTPUT\PJNATH--WIN32-VC8-DEBUG\TURN_SOCK.SBR
C:\USERS\RPC\DOWNLOADS\PJPROJECT-2.0\PJNATH\BUILD\OUTPUT\PJNATH--WIN32-VC8-DEBUG\VC100.PDB
C:\USERS\RPC\DOWNLOADS\PJPROJECT-2.0\PJNATH\LIB\PJNATH-I386-WIN32-VC8-DEBUG.LIB
