.\output\pjlib_util--Win32-vc8-Debug\pjlib_util.bsc
C:\temp\git\third-party\pjsip\pjproject-2.0.1-win\pjlib-util\build\output\pjlib_util--Win32-vc8-Debug\base64.obj
C:\temp\git\third-party\pjsip\pjproject-2.0.1-win\pjlib-util\build\output\pjlib_util--Win32-vc8-Debug\base64.sbr
C:\temp\git\third-party\pjsip\pjproject-2.0.1-win\pjlib-util\build\output\pjlib_util--Win32-vc8-Debug\BscMake.command.1.tlog
C:\temp\git\third-party\pjsip\pjproject-2.0.1-win\pjlib-util\build\output\pjlib_util--Win32-vc8-Debug\bscmake.read.1.tlog
C:\temp\git\third-party\pjsip\pjproject-2.0.1-win\pjlib-util\build\output\pjlib_util--Win32-vc8-Debug\bscmake.write.1.tlog
C:\temp\git\third-party\pjsip\pjproject-2.0.1-win\pjlib-util\build\output\pjlib_util--Win32-vc8-Debug\cl.command.1.tlog
C:\temp\git\third-party\pjsip\pjproject-2.0.1-win\pjlib-util\build\output\pjlib_util--Win32-vc8-Debug\CL.read.1.tlog
C:\temp\git\third-party\pjsip\pjproject-2.0.1-win\pjlib-util\build\output\pjlib_util--Win32-vc8-Debug\CL.write.1.tlog
C:\temp\git\third-party\pjsip\pjproject-2.0.1-win\pjlib-util\build\output\pjlib_util--Win32-vc8-Debug\crc32.obj
C:\temp\git\third-party\pjsip\pjproject-2.0.1-win\pjlib-util\build\output\pjlib_util--Win32-vc8-Debug\crc32.sbr
C:\temp\git\third-party\pjsip\pjproject-2.0.1-win\pjlib-util\build\output\pjlib_util--Win32-vc8-Debug\dns.obj
C:\temp\git\third-party\pjsip\pjproject-2.0.1-win\pjlib-util\build\output\pjlib_util--Win32-vc8-Debug\dns.sbr
C:\temp\git\third-party\pjsip\pjproject-2.0.1-win\pjlib-util\build\output\pjlib_util--Win32-vc8-Debug\dns_dump.obj
C:\temp\git\third-party\pjsip\pjproject-2.0.1-win\pjlib-util\build\output\pjlib_util--Win32-vc8-Debug\dns_dump.sbr
C:\temp\git\third-party\pjsip\pjproject-2.0.1-win\pjlib-util\build\output\pjlib_util--Win32-vc8-Debug\dns_server.obj
C:\temp\git\third-party\pjsip\pjproject-2.0.1-win\pjlib-util\build\output\pjlib_util--Win32-vc8-Debug\dns_server.sbr
C:\temp\git\third-party\pjsip\pjproject-2.0.1-win\pjlib-util\build\output\pjlib_util--Win32-vc8-Debug\errno.obj
C:\temp\git\third-party\pjsip\pjproject-2.0.1-win\pjlib-util\build\output\pjlib_util--Win32-vc8-Debug\errno.sbr
C:\temp\git\third-party\pjsip\pjproject-2.0.1-win\pjlib-util\build\output\pjlib_util--Win32-vc8-Debug\getopt.obj
C:\temp\git\third-party\pjsip\pjproject-2.0.1-win\pjlib-util\build\output\pjlib_util--Win32-vc8-Debug\getopt.sbr
C:\temp\git\third-party\pjsip\pjproject-2.0.1-win\pjlib-util\build\output\pjlib_util--Win32-vc8-Debug\hmac_md5.obj
C:\temp\git\third-party\pjsip\pjproject-2.0.1-win\pjlib-util\build\output\pjlib_util--Win32-vc8-Debug\hmac_md5.sbr
C:\temp\git\third-party\pjsip\pjproject-2.0.1-win\pjlib-util\build\output\pjlib_util--Win32-vc8-Debug\hmac_sha1.obj
C:\temp\git\third-party\pjsip\pjproject-2.0.1-win\pjlib-util\build\output\pjlib_util--Win32-vc8-Debug\hmac_sha1.sbr
C:\temp\git\third-party\pjsip\pjproject-2.0.1-win\pjlib-util\build\output\pjlib_util--Win32-vc8-Debug\http_client.obj
C:\temp\git\third-party\pjsip\pjproject-2.0.1-win\pjlib-util\build\output\pjlib_util--Win32-vc8-Debug\http_client.sbr
C:\temp\git\third-party\pjsip\pjproject-2.0.1-win\pjlib-util\build\output\pjlib_util--Win32-vc8-Debug\lib.command.1.tlog
C:\temp\git\third-party\pjsip\pjproject-2.0.1-win\pjlib-util\build\output\pjlib_util--Win32-vc8-Debug\Lib-link.read.1.tlog
C:\temp\git\third-party\pjsip\pjproject-2.0.1-win\pjlib-util\build\output\pjlib_util--Win32-vc8-Debug\Lib-link.write.1.tlog
C:\temp\git\third-party\pjsip\pjproject-2.0.1-win\pjlib-util\build\output\pjlib_util--Win32-vc8-Debug\md5.obj
C:\temp\git\third-party\pjsip\pjproject-2.0.1-win\pjlib-util\build\output\pjlib_util--Win32-vc8-Debug\md5.sbr
C:\temp\git\third-party\pjsip\pjproject-2.0.1-win\pjlib-util\build\output\pjlib_util--Win32-vc8-Debug\pcap.obj
C:\temp\git\third-party\pjsip\pjproject-2.0.1-win\pjlib-util\build\output\pjlib_util--Win32-vc8-Debug\pcap.sbr
C:\temp\git\third-party\pjsip\pjproject-2.0.1-win\pjlib-util\build\output\pjlib_util--Win32-vc8-Debug\pjlib_util.bsc
C:\temp\git\third-party\pjsip\pjproject-2.0.1-win\pjlib-util\build\output\pjlib_util--Win32-vc8-Debug\resolver.obj
C:\temp\git\third-party\pjsip\pjproject-2.0.1-win\pjlib-util\build\output\pjlib_util--Win32-vc8-Debug\resolver.sbr
C:\temp\git\third-party\pjsip\pjproject-2.0.1-win\pjlib-util\build\output\pjlib_util--Win32-vc8-Debug\scanner.obj
C:\temp\git\third-party\pjsip\pjproject-2.0.1-win\pjlib-util\build\output\pjlib_util--Win32-vc8-Debug\scanner.sbr
C:\temp\git\third-party\pjsip\pjproject-2.0.1-win\pjlib-util\build\output\pjlib_util--Win32-vc8-Debug\sha1.obj
C:\temp\git\third-party\pjsip\pjproject-2.0.1-win\pjlib-util\build\output\pjlib_util--Win32-vc8-Debug\sha1.sbr
C:\temp\git\third-party\pjsip\pjproject-2.0.1-win\pjlib-util\build\output\pjlib_util--Win32-vc8-Debug\srv_resolver.obj
C:\temp\git\third-party\pjsip\pjproject-2.0.1-win\pjlib-util\build\output\pjlib_util--Win32-vc8-Debug\srv_resolver.sbr
C:\temp\git\third-party\pjsip\pjproject-2.0.1-win\pjlib-util\build\output\pjlib_util--Win32-vc8-Debug\string.obj
C:\temp\git\third-party\pjsip\pjproject-2.0.1-win\pjlib-util\build\output\pjlib_util--Win32-vc8-Debug\string.sbr
C:\temp\git\third-party\pjsip\pjproject-2.0.1-win\pjlib-util\build\output\pjlib_util--Win32-vc8-Debug\stun_simple.obj
C:\temp\git\third-party\pjsip\pjproject-2.0.1-win\pjlib-util\build\output\pjlib_util--Win32-vc8-Debug\stun_simple.sbr
C:\temp\git\third-party\pjsip\pjproject-2.0.1-win\pjlib-util\build\output\pjlib_util--Win32-vc8-Debug\stun_simple_client.obj
C:\temp\git\third-party\pjsip\pjproject-2.0.1-win\pjlib-util\build\output\pjlib_util--Win32-vc8-Debug\stun_simple_client.sbr
C:\temp\git\third-party\pjsip\pjproject-2.0.1-win\pjlib-util\build\output\pjlib_util--Win32-vc8-Debug\symbols.obj
C:\temp\git\third-party\pjsip\pjproject-2.0.1-win\pjlib-util\build\output\pjlib_util--Win32-vc8-Debug\symbols.sbr
C:\temp\git\third-party\pjsip\pjproject-2.0.1-win\pjlib-util\build\output\pjlib_util--Win32-vc8-Debug\vc100.idb
C:\temp\git\third-party\pjsip\pjproject-2.0.1-win\pjlib-util\build\output\pjlib_util--Win32-vc8-Debug\vc100.pdb
C:\temp\git\third-party\pjsip\pjproject-2.0.1-win\pjlib-util\build\output\pjlib_util--Win32-vc8-Debug\xml.obj
C:\temp\git\third-party\pjsip\pjproject-2.0.1-win\pjlib-util\build\output\pjlib_util--Win32-vc8-Debug\xml.sbr
C:\USERS\RPC\DOWNLOADS\PJPROJECT-2.0\PJLIB-UTIL\BUILD\OUTPUT\PJLIB_UTIL--WIN32-VC8-DEBUG\BASE64.OBJ
C:\USERS\RPC\DOWNLOADS\PJPROJECT-2.0\PJLIB-UTIL\BUILD\OUTPUT\PJLIB_UTIL--WIN32-VC8-DEBUG\BASE64.SBR
C:\USERS\RPC\DOWNLOADS\PJPROJECT-2.0\PJLIB-UTIL\BUILD\OUTPUT\PJLIB_UTIL--WIN32-VC8-DEBUG\CRC32.OBJ
C:\USERS\RPC\DOWNLOADS\PJPROJECT-2.0\PJLIB-UTIL\BUILD\OUTPUT\PJLIB_UTIL--WIN32-VC8-DEBUG\CRC32.SBR
C:\USERS\RPC\DOWNLOADS\PJPROJECT-2.0\PJLIB-UTIL\BUILD\OUTPUT\PJLIB_UTIL--WIN32-VC8-DEBUG\DNS.OBJ
C:\USERS\RPC\DOWNLOADS\PJPROJECT-2.0\PJLIB-UTIL\BUILD\OUTPUT\PJLIB_UTIL--WIN32-VC8-DEBUG\DNS.SBR
C:\USERS\RPC\DOWNLOADS\PJPROJECT-2.0\PJLIB-UTIL\BUILD\OUTPUT\PJLIB_UTIL--WIN32-VC8-DEBUG\DNS_DUMP.OBJ
C:\USERS\RPC\DOWNLOADS\PJPROJECT-2.0\PJLIB-UTIL\BUILD\OUTPUT\PJLIB_UTIL--WIN32-VC8-DEBUG\DNS_DUMP.SBR
C:\USERS\RPC\DOWNLOADS\PJPROJECT-2.0\PJLIB-UTIL\BUILD\OUTPUT\PJLIB_UTIL--WIN32-VC8-DEBUG\DNS_SERVER.OBJ
C:\USERS\RPC\DOWNLOADS\PJPROJECT-2.0\PJLIB-UTIL\BUILD\OUTPUT\PJLIB_UTIL--WIN32-VC8-DEBUG\DNS_SERVER.SBR
C:\USERS\RPC\DOWNLOADS\PJPROJECT-2.0\PJLIB-UTIL\BUILD\OUTPUT\PJLIB_UTIL--WIN32-VC8-DEBUG\ERRNO.OBJ
C:\USERS\RPC\DOWNLOADS\PJPROJECT-2.0\PJLIB-UTIL\BUILD\OUTPUT\PJLIB_UTIL--WIN32-VC8-DEBUG\ERRNO.SBR
C:\USERS\RPC\DOWNLOADS\PJPROJECT-2.0\PJLIB-UTIL\BUILD\OUTPUT\PJLIB_UTIL--WIN32-VC8-DEBUG\GETOPT.OBJ
C:\USERS\RPC\DOWNLOADS\PJPROJECT-2.0\PJLIB-UTIL\BUILD\OUTPUT\PJLIB_UTIL--WIN32-VC8-DEBUG\GETOPT.SBR
C:\USERS\RPC\DOWNLOADS\PJPROJECT-2.0\PJLIB-UTIL\BUILD\OUTPUT\PJLIB_UTIL--WIN32-VC8-DEBUG\HMAC_MD5.OBJ
C:\USERS\RPC\DOWNLOADS\PJPROJECT-2.0\PJLIB-UTIL\BUILD\OUTPUT\PJLIB_UTIL--WIN32-VC8-DEBUG\HMAC_MD5.SBR
C:\USERS\RPC\DOWNLOADS\PJPROJECT-2.0\PJLIB-UTIL\BUILD\OUTPUT\PJLIB_UTIL--WIN32-VC8-DEBUG\HMAC_SHA1.OBJ
C:\USERS\RPC\DOWNLOADS\PJPROJECT-2.0\PJLIB-UTIL\BUILD\OUTPUT\PJLIB_UTIL--WIN32-VC8-DEBUG\HMAC_SHA1.SBR
C:\USERS\RPC\DOWNLOADS\PJPROJECT-2.0\PJLIB-UTIL\BUILD\OUTPUT\PJLIB_UTIL--WIN32-VC8-DEBUG\HTTP_CLIENT.OBJ
C:\USERS\RPC\DOWNLOADS\PJPROJECT-2.0\PJLIB-UTIL\BUILD\OUTPUT\PJLIB_UTIL--WIN32-VC8-DEBUG\HTTP_CLIENT.SBR
C:\USERS\RPC\DOWNLOADS\PJPROJECT-2.0\PJLIB-UTIL\BUILD\OUTPUT\PJLIB_UTIL--WIN32-VC8-DEBUG\MD5.OBJ
C:\USERS\RPC\DOWNLOADS\PJPROJECT-2.0\PJLIB-UTIL\BUILD\OUTPUT\PJLIB_UTIL--WIN32-VC8-DEBUG\MD5.SBR
C:\USERS\RPC\DOWNLOADS\PJPROJECT-2.0\PJLIB-UTIL\BUILD\OUTPUT\PJLIB_UTIL--WIN32-VC8-DEBUG\PCAP.OBJ
C:\USERS\RPC\DOWNLOADS\PJPROJECT-2.0\PJLIB-UTIL\BUILD\OUTPUT\PJLIB_UTIL--WIN32-VC8-DEBUG\PCAP.SBR
C:\USERS\RPC\DOWNLOADS\PJPROJECT-2.0\PJLIB-UTIL\BUILD\OUTPUT\PJLIB_UTIL--WIN32-VC8-DEBUG\PJLIB_UTIL.BSC
C:\USERS\RPC\DOWNLOADS\PJPROJECT-2.0\PJLIB-UTIL\BUILD\OUTPUT\PJLIB_UTIL--WIN32-VC8-DEBUG\RESOLVER.OBJ
C:\USERS\RPC\DOWNLOADS\PJPROJECT-2.0\PJLIB-UTIL\BUILD\OUTPUT\PJLIB_UTIL--WIN32-VC8-DEBUG\RESOLVER.SBR
C:\USERS\RPC\DOWNLOADS\PJPROJECT-2.0\PJLIB-UTIL\BUILD\OUTPUT\PJLIB_UTIL--WIN32-VC8-DEBUG\SCANNER.OBJ
C:\USERS\RPC\DOWNLOADS\PJPROJECT-2.0\PJLIB-UTIL\BUILD\OUTPUT\PJLIB_UTIL--WIN32-VC8-DEBUG\SCANNER.SBR
C:\USERS\RPC\DOWNLOADS\PJPROJECT-2.0\PJLIB-UTIL\BUILD\OUTPUT\PJLIB_UTIL--WIN32-VC8-DEBUG\SHA1.OBJ
C:\USERS\RPC\DOWNLOADS\PJPROJECT-2.0\PJLIB-UTIL\BUILD\OUTPUT\PJLIB_UTIL--WIN32-VC8-DEBUG\SHA1.SBR
C:\USERS\RPC\DOWNLOADS\PJPROJECT-2.0\PJLIB-UTIL\BUILD\OUTPUT\PJLIB_UTIL--WIN32-VC8-DEBUG\SRV_RESOLVER.OBJ
C:\USERS\RPC\DOWNLOADS\PJPROJECT-2.0\PJLIB-UTIL\BUILD\OUTPUT\PJLIB_UTIL--WIN32-VC8-DEBUG\SRV_RESOLVER.SBR
C:\USERS\RPC\DOWNLOADS\PJPROJECT-2.0\PJLIB-UTIL\BUILD\OUTPUT\PJLIB_UTIL--WIN32-VC8-DEBUG\STRING.OBJ
C:\USERS\RPC\DOWNLOADS\PJPROJECT-2.0\PJLIB-UTIL\BUILD\OUTPUT\PJLIB_UTIL--WIN32-VC8-DEBUG\STRING.SBR
C:\USERS\RPC\DOWNLOADS\PJPROJECT-2.0\PJLIB-UTIL\BUILD\OUTPUT\PJLIB_UTIL--WIN32-VC8-DEBUG\STUN_SIMPLE.OBJ
C:\USERS\RPC\DOWNLOADS\PJPROJECT-2.0\PJLIB-UTIL\BUILD\OUTPUT\PJLIB_UTIL--WIN32-VC8-DEBUG\STUN_SIMPLE.SBR
C:\USERS\RPC\DOWNLOADS\PJPROJECT-2.0\PJLIB-UTIL\BUILD\OUTPUT\PJLIB_UTIL--WIN32-VC8-DEBUG\STUN_SIMPLE_CLIENT.OBJ
C:\USERS\RPC\DOWNLOADS\PJPROJECT-2.0\PJLIB-UTIL\BUILD\OUTPUT\PJLIB_UTIL--WIN32-VC8-DEBUG\STUN_SIMPLE_CLIENT.SBR
C:\USERS\RPC\DOWNLOADS\PJPROJECT-2.0\PJLIB-UTIL\BUILD\OUTPUT\PJLIB_UTIL--WIN32-VC8-DEBUG\SYMBOLS.OBJ
C:\USERS\RPC\DOWNLOADS\PJPROJECT-2.0\PJLIB-UTIL\BUILD\OUTPUT\PJLIB_UTIL--WIN32-VC8-DEBUG\SYMBOLS.SBR
C:\USERS\RPC\DOWNLOADS\PJPROJECT-2.0\PJLIB-UTIL\BUILD\OUTPUT\PJLIB_UTIL--WIN32-VC8-DEBUG\VC100.PDB
C:\USERS\RPC\DOWNLOADS\PJPROJECT-2.0\PJLIB-UTIL\BUILD\OUTPUT\PJLIB_UTIL--WIN32-VC8-DEBUG\XML.OBJ
C:\USERS\RPC\DOWNLOADS\PJPROJECT-2.0\PJLIB-UTIL\BUILD\OUTPUT\PJLIB_UTIL--WIN32-VC8-DEBUG\XML.SBR
C:\USERS\RPC\DOWNLOADS\PJPROJECT-2.0\PJLIB-UTIL\LIB\PJLIB-UTIL-I386-WIN32-VC8-DEBUG.LIB
