.\output\pjlib--Win32-vc8-Debug\pjlib.bsc
C:\temp\git\third-party\pjsip\pjproject-2.0.1-win\pjlib\build\output\pjlib--Win32-vc8-Debug\activesock.obj
C:\temp\git\third-party\pjsip\pjproject-2.0.1-win\pjlib\build\output\pjlib--Win32-vc8-Debug\activesock.sbr
C:\temp\git\third-party\pjsip\pjproject-2.0.1-win\pjlib\build\output\pjlib--Win32-vc8-Debug\addr_resolv_sock.obj
C:\temp\git\third-party\pjsip\pjproject-2.0.1-win\pjlib\build\output\pjlib--Win32-vc8-Debug\addr_resolv_sock.sbr
C:\temp\git\third-party\pjsip\pjproject-2.0.1-win\pjlib\build\output\pjlib--Win32-vc8-Debug\array.obj
C:\temp\git\third-party\pjsip\pjproject-2.0.1-win\pjlib\build\output\pjlib--Win32-vc8-Debug\array.sbr
C:\temp\git\third-party\pjsip\pjproject-2.0.1-win\pjlib\build\output\pjlib--Win32-vc8-Debug\BscMake.command.1.tlog
C:\temp\git\third-party\pjsip\pjproject-2.0.1-win\pjlib\build\output\pjlib--Win32-vc8-Debug\bscmake.read.1.tlog
C:\temp\git\third-party\pjsip\pjproject-2.0.1-win\pjlib\build\output\pjlib--Win32-vc8-Debug\bscmake.write.1.tlog
C:\temp\git\third-party\pjsip\pjproject-2.0.1-win\pjlib\build\output\pjlib--Win32-vc8-Debug\cl.command.1.tlog
C:\temp\git\third-party\pjsip\pjproject-2.0.1-win\pjlib\build\output\pjlib--Win32-vc8-Debug\CL.read.1.tlog
C:\temp\git\third-party\pjsip\pjproject-2.0.1-win\pjlib\build\output\pjlib--Win32-vc8-Debug\CL.write.1.tlog
C:\temp\git\third-party\pjsip\pjproject-2.0.1-win\pjlib\build\output\pjlib--Win32-vc8-Debug\config.obj
C:\temp\git\third-party\pjsip\pjproject-2.0.1-win\pjlib\build\output\pjlib--Win32-vc8-Debug\config.sbr
C:\temp\git\third-party\pjsip\pjproject-2.0.1-win\pjlib\build\output\pjlib--Win32-vc8-Debug\ctype.obj
C:\temp\git\third-party\pjsip\pjproject-2.0.1-win\pjlib\build\output\pjlib--Win32-vc8-Debug\ctype.sbr
C:\temp\git\third-party\pjsip\pjproject-2.0.1-win\pjlib\build\output\pjlib--Win32-vc8-Debug\errno.obj
C:\temp\git\third-party\pjsip\pjproject-2.0.1-win\pjlib\build\output\pjlib--Win32-vc8-Debug\errno.sbr
C:\temp\git\third-party\pjsip\pjproject-2.0.1-win\pjlib\build\output\pjlib--Win32-vc8-Debug\except.obj
C:\temp\git\third-party\pjsip\pjproject-2.0.1-win\pjlib\build\output\pjlib--Win32-vc8-Debug\except.sbr
C:\temp\git\third-party\pjsip\pjproject-2.0.1-win\pjlib\build\output\pjlib--Win32-vc8-Debug\fifobuf.obj
C:\temp\git\third-party\pjsip\pjproject-2.0.1-win\pjlib\build\output\pjlib--Win32-vc8-Debug\fifobuf.sbr
C:\temp\git\third-party\pjsip\pjproject-2.0.1-win\pjlib\build\output\pjlib--Win32-vc8-Debug\file_access_win32.obj
C:\temp\git\third-party\pjsip\pjproject-2.0.1-win\pjlib\build\output\pjlib--Win32-vc8-Debug\file_access_win32.sbr
C:\temp\git\third-party\pjsip\pjproject-2.0.1-win\pjlib\build\output\pjlib--Win32-vc8-Debug\file_io_win32.obj
C:\temp\git\third-party\pjsip\pjproject-2.0.1-win\pjlib\build\output\pjlib--Win32-vc8-Debug\file_io_win32.sbr
C:\temp\git\third-party\pjsip\pjproject-2.0.1-win\pjlib\build\output\pjlib--Win32-vc8-Debug\guid.obj
C:\temp\git\third-party\pjsip\pjproject-2.0.1-win\pjlib\build\output\pjlib--Win32-vc8-Debug\guid.sbr
C:\temp\git\third-party\pjsip\pjproject-2.0.1-win\pjlib\build\output\pjlib--Win32-vc8-Debug\guid_win32.obj
C:\temp\git\third-party\pjsip\pjproject-2.0.1-win\pjlib\build\output\pjlib--Win32-vc8-Debug\guid_win32.sbr
C:\temp\git\third-party\pjsip\pjproject-2.0.1-win\pjlib\build\output\pjlib--Win32-vc8-Debug\hash.obj
C:\temp\git\third-party\pjsip\pjproject-2.0.1-win\pjlib\build\output\pjlib--Win32-vc8-Debug\hash.sbr
C:\temp\git\third-party\pjsip\pjproject-2.0.1-win\pjlib\build\output\pjlib--Win32-vc8-Debug\ioqueue_select.obj
C:\temp\git\third-party\pjsip\pjproject-2.0.1-win\pjlib\build\output\pjlib--Win32-vc8-Debug\ioqueue_select.sbr
C:\temp\git\third-party\pjsip\pjproject-2.0.1-win\pjlib\build\output\pjlib--Win32-vc8-Debug\ip_helper_win32.obj
C:\temp\git\third-party\pjsip\pjproject-2.0.1-win\pjlib\build\output\pjlib--Win32-vc8-Debug\ip_helper_win32.sbr
C:\temp\git\third-party\pjsip\pjproject-2.0.1-win\pjlib\build\output\pjlib--Win32-vc8-Debug\lib.command.1.tlog
C:\temp\git\third-party\pjsip\pjproject-2.0.1-win\pjlib\build\output\pjlib--Win32-vc8-Debug\Lib-link.read.1.tlog
C:\temp\git\third-party\pjsip\pjproject-2.0.1-win\pjlib\build\output\pjlib--Win32-vc8-Debug\Lib-link.write.1.tlog
C:\temp\git\third-party\pjsip\pjproject-2.0.1-win\pjlib\build\output\pjlib--Win32-vc8-Debug\list.obj
C:\temp\git\third-party\pjsip\pjproject-2.0.1-win\pjlib\build\output\pjlib--Win32-vc8-Debug\list.sbr
C:\temp\git\third-party\pjsip\pjproject-2.0.1-win\pjlib\build\output\pjlib--Win32-vc8-Debug\lock.obj
C:\temp\git\third-party\pjsip\pjproject-2.0.1-win\pjlib\build\output\pjlib--Win32-vc8-Debug\lock.sbr
C:\temp\git\third-party\pjsip\pjproject-2.0.1-win\pjlib\build\output\pjlib--Win32-vc8-Debug\log.obj
C:\temp\git\third-party\pjsip\pjproject-2.0.1-win\pjlib\build\output\pjlib--Win32-vc8-Debug\log.sbr
C:\temp\git\third-party\pjsip\pjproject-2.0.1-win\pjlib\build\output\pjlib--Win32-vc8-Debug\log_writer_stdout.obj
C:\temp\git\third-party\pjsip\pjproject-2.0.1-win\pjlib\build\output\pjlib--Win32-vc8-Debug\log_writer_stdout.sbr
C:\temp\git\third-party\pjsip\pjproject-2.0.1-win\pjlib\build\output\pjlib--Win32-vc8-Debug\os_core_win32.obj
C:\temp\git\third-party\pjsip\pjproject-2.0.1-win\pjlib\build\output\pjlib--Win32-vc8-Debug\os_core_win32.sbr
C:\temp\git\third-party\pjsip\pjproject-2.0.1-win\pjlib\build\output\pjlib--Win32-vc8-Debug\os_error_win32.obj
C:\temp\git\third-party\pjsip\pjproject-2.0.1-win\pjlib\build\output\pjlib--Win32-vc8-Debug\os_error_win32.sbr
C:\temp\git\third-party\pjsip\pjproject-2.0.1-win\pjlib\build\output\pjlib--Win32-vc8-Debug\os_info.obj
C:\temp\git\third-party\pjsip\pjproject-2.0.1-win\pjlib\build\output\pjlib--Win32-vc8-Debug\os_info.sbr
C:\temp\git\third-party\pjsip\pjproject-2.0.1-win\pjlib\build\output\pjlib--Win32-vc8-Debug\os_time_win32.obj
C:\temp\git\third-party\pjsip\pjproject-2.0.1-win\pjlib\build\output\pjlib--Win32-vc8-Debug\os_time_win32.sbr
C:\temp\git\third-party\pjsip\pjproject-2.0.1-win\pjlib\build\output\pjlib--Win32-vc8-Debug\os_timestamp_common.obj
C:\temp\git\third-party\pjsip\pjproject-2.0.1-win\pjlib\build\output\pjlib--Win32-vc8-Debug\os_timestamp_common.sbr
C:\temp\git\third-party\pjsip\pjproject-2.0.1-win\pjlib\build\output\pjlib--Win32-vc8-Debug\os_timestamp_win32.obj
C:\temp\git\third-party\pjsip\pjproject-2.0.1-win\pjlib\build\output\pjlib--Win32-vc8-Debug\os_timestamp_win32.sbr
C:\temp\git\third-party\pjsip\pjproject-2.0.1-win\pjlib\build\output\pjlib--Win32-vc8-Debug\pjlib.bsc
C:\temp\git\third-party\pjsip\pjproject-2.0.1-win\pjlib\build\output\pjlib--Win32-vc8-Debug\pool.obj
C:\temp\git\third-party\pjsip\pjproject-2.0.1-win\pjlib\build\output\pjlib--Win32-vc8-Debug\pool.sbr
C:\temp\git\third-party\pjsip\pjproject-2.0.1-win\pjlib\build\output\pjlib--Win32-vc8-Debug\pool_buf.obj
C:\temp\git\third-party\pjsip\pjproject-2.0.1-win\pjlib\build\output\pjlib--Win32-vc8-Debug\pool_buf.sbr
C:\temp\git\third-party\pjsip\pjproject-2.0.1-win\pjlib\build\output\pjlib--Win32-vc8-Debug\pool_caching.obj
C:\temp\git\third-party\pjsip\pjproject-2.0.1-win\pjlib\build\output\pjlib--Win32-vc8-Debug\pool_caching.sbr
C:\temp\git\third-party\pjsip\pjproject-2.0.1-win\pjlib\build\output\pjlib--Win32-vc8-Debug\pool_dbg.obj
C:\temp\git\third-party\pjsip\pjproject-2.0.1-win\pjlib\build\output\pjlib--Win32-vc8-Debug\pool_dbg.sbr
C:\temp\git\third-party\pjsip\pjproject-2.0.1-win\pjlib\build\output\pjlib--Win32-vc8-Debug\pool_policy_malloc.obj
C:\temp\git\third-party\pjsip\pjproject-2.0.1-win\pjlib\build\output\pjlib--Win32-vc8-Debug\pool_policy_malloc.sbr
C:\temp\git\third-party\pjsip\pjproject-2.0.1-win\pjlib\build\output\pjlib--Win32-vc8-Debug\rand.obj
C:\temp\git\third-party\pjsip\pjproject-2.0.1-win\pjlib\build\output\pjlib--Win32-vc8-Debug\rand.sbr
C:\temp\git\third-party\pjsip\pjproject-2.0.1-win\pjlib\build\output\pjlib--Win32-vc8-Debug\rbtree.obj
C:\temp\git\third-party\pjsip\pjproject-2.0.1-win\pjlib\build\output\pjlib--Win32-vc8-Debug\rbtree.sbr
C:\temp\git\third-party\pjsip\pjproject-2.0.1-win\pjlib\build\output\pjlib--Win32-vc8-Debug\sock_bsd.obj
C:\temp\git\third-party\pjsip\pjproject-2.0.1-win\pjlib\build\output\pjlib--Win32-vc8-Debug\sock_bsd.sbr
C:\temp\git\third-party\pjsip\pjproject-2.0.1-win\pjlib\build\output\pjlib--Win32-vc8-Debug\sock_common.obj
C:\temp\git\third-party\pjsip\pjproject-2.0.1-win\pjlib\build\output\pjlib--Win32-vc8-Debug\sock_common.sbr
C:\temp\git\third-party\pjsip\pjproject-2.0.1-win\pjlib\build\output\pjlib--Win32-vc8-Debug\sock_qos_bsd.obj
C:\temp\git\third-party\pjsip\pjproject-2.0.1-win\pjlib\build\output\pjlib--Win32-vc8-Debug\sock_qos_bsd.sbr
C:\temp\git\third-party\pjsip\pjproject-2.0.1-win\pjlib\build\output\pjlib--Win32-vc8-Debug\sock_qos_common.obj
C:\temp\git\third-party\pjsip\pjproject-2.0.1-win\pjlib\build\output\pjlib--Win32-vc8-Debug\sock_qos_common.sbr
C:\temp\git\third-party\pjsip\pjproject-2.0.1-win\pjlib\build\output\pjlib--Win32-vc8-Debug\sock_qos_dummy.obj
C:\temp\git\third-party\pjsip\pjproject-2.0.1-win\pjlib\build\output\pjlib--Win32-vc8-Debug\sock_qos_dummy.sbr
C:\temp\git\third-party\pjsip\pjproject-2.0.1-win\pjlib\build\output\pjlib--Win32-vc8-Debug\sock_qos_wm.obj
C:\temp\git\third-party\pjsip\pjproject-2.0.1-win\pjlib\build\output\pjlib--Win32-vc8-Debug\sock_qos_wm.sbr
C:\temp\git\third-party\pjsip\pjproject-2.0.1-win\pjlib\build\output\pjlib--Win32-vc8-Debug\sock_select.obj
C:\temp\git\third-party\pjsip\pjproject-2.0.1-win\pjlib\build\output\pjlib--Win32-vc8-Debug\sock_select.sbr
C:\temp\git\third-party\pjsip\pjproject-2.0.1-win\pjlib\build\output\pjlib--Win32-vc8-Debug\ssl_sock_common.obj
C:\temp\git\third-party\pjsip\pjproject-2.0.1-win\pjlib\build\output\pjlib--Win32-vc8-Debug\ssl_sock_common.sbr
C:\temp\git\third-party\pjsip\pjproject-2.0.1-win\pjlib\build\output\pjlib--Win32-vc8-Debug\ssl_sock_dump.obj
C:\temp\git\third-party\pjsip\pjproject-2.0.1-win\pjlib\build\output\pjlib--Win32-vc8-Debug\ssl_sock_dump.sbr
C:\temp\git\third-party\pjsip\pjproject-2.0.1-win\pjlib\build\output\pjlib--Win32-vc8-Debug\ssl_sock_ossl.obj
C:\temp\git\third-party\pjsip\pjproject-2.0.1-win\pjlib\build\output\pjlib--Win32-vc8-Debug\ssl_sock_ossl.sbr
C:\temp\git\third-party\pjsip\pjproject-2.0.1-win\pjlib\build\output\pjlib--Win32-vc8-Debug\string.obj
C:\temp\git\third-party\pjsip\pjproject-2.0.1-win\pjlib\build\output\pjlib--Win32-vc8-Debug\string.sbr
C:\temp\git\third-party\pjsip\pjproject-2.0.1-win\pjlib\build\output\pjlib--Win32-vc8-Debug\timer.obj
C:\temp\git\third-party\pjsip\pjproject-2.0.1-win\pjlib\build\output\pjlib--Win32-vc8-Debug\timer.sbr
C:\temp\git\third-party\pjsip\pjproject-2.0.1-win\pjlib\build\output\pjlib--Win32-vc8-Debug\types.obj
C:\temp\git\third-party\pjsip\pjproject-2.0.1-win\pjlib\build\output\pjlib--Win32-vc8-Debug\types.sbr
C:\temp\git\third-party\pjsip\pjproject-2.0.1-win\pjlib\build\output\pjlib--Win32-vc8-Debug\unicode_win32.obj
C:\temp\git\third-party\pjsip\pjproject-2.0.1-win\pjlib\build\output\pjlib--Win32-vc8-Debug\unicode_win32.sbr
C:\temp\git\third-party\pjsip\pjproject-2.0.1-win\pjlib\build\output\pjlib--Win32-vc8-Debug\vc100.idb
C:\temp\git\third-party\pjsip\pjproject-2.0.1-win\pjlib\build\output\pjlib--Win32-vc8-Debug\vc100.pdb
C:\USERS\RPC\DOWNLOADS\PJPROJECT-2.0\PJLIB\BUILD\OUTPUT\PJLIB--WIN32-VC8-DEBUG\ACTIVESOCK.OBJ
C:\USERS\RPC\DOWNLOADS\PJPROJECT-2.0\PJLIB\BUILD\OUTPUT\PJLIB--WIN32-VC8-DEBUG\ACTIVESOCK.SBR
C:\USERS\RPC\DOWNLOADS\PJPROJECT-2.0\PJLIB\BUILD\OUTPUT\PJLIB--WIN32-VC8-DEBUG\ADDR_RESOLV_SOCK.OBJ
C:\USERS\RPC\DOWNLOADS\PJPROJECT-2.0\PJLIB\BUILD\OUTPUT\PJLIB--WIN32-VC8-DEBUG\ADDR_RESOLV_SOCK.SBR
C:\USERS\RPC\DOWNLOADS\PJPROJECT-2.0\PJLIB\BUILD\OUTPUT\PJLIB--WIN32-VC8-DEBUG\ARRAY.OBJ
C:\USERS\RPC\DOWNLOADS\PJPROJECT-2.0\PJLIB\BUILD\OUTPUT\PJLIB--WIN32-VC8-DEBUG\ARRAY.SBR
C:\USERS\RPC\DOWNLOADS\PJPROJECT-2.0\PJLIB\BUILD\OUTPUT\PJLIB--WIN32-VC8-DEBUG\CONFIG.OBJ
C:\USERS\RPC\DOWNLOADS\PJPROJECT-2.0\PJLIB\BUILD\OUTPUT\PJLIB--WIN32-VC8-DEBUG\CONFIG.SBR
C:\USERS\RPC\DOWNLOADS\PJPROJECT-2.0\PJLIB\BUILD\OUTPUT\PJLIB--WIN32-VC8-DEBUG\CTYPE.OBJ
C:\USERS\RPC\DOWNLOADS\PJPROJECT-2.0\PJLIB\BUILD\OUTPUT\PJLIB--WIN32-VC8-DEBUG\CTYPE.SBR
C:\USERS\RPC\DOWNLOADS\PJPROJECT-2.0\PJLIB\BUILD\OUTPUT\PJLIB--WIN32-VC8-DEBUG\ERRNO.OBJ
C:\USERS\RPC\DOWNLOADS\PJPROJECT-2.0\PJLIB\BUILD\OUTPUT\PJLIB--WIN32-VC8-DEBUG\ERRNO.SBR
C:\USERS\RPC\DOWNLOADS\PJPROJECT-2.0\PJLIB\BUILD\OUTPUT\PJLIB--WIN32-VC8-DEBUG\EXCEPT.OBJ
C:\USERS\RPC\DOWNLOADS\PJPROJECT-2.0\PJLIB\BUILD\OUTPUT\PJLIB--WIN32-VC8-DEBUG\EXCEPT.SBR
C:\USERS\RPC\DOWNLOADS\PJPROJECT-2.0\PJLIB\BUILD\OUTPUT\PJLIB--WIN32-VC8-DEBUG\FIFOBUF.OBJ
C:\USERS\RPC\DOWNLOADS\PJPROJECT-2.0\PJLIB\BUILD\OUTPUT\PJLIB--WIN32-VC8-DEBUG\FIFOBUF.SBR
C:\USERS\RPC\DOWNLOADS\PJPROJECT-2.0\PJLIB\BUILD\OUTPUT\PJLIB--WIN32-VC8-DEBUG\FILE_ACCESS_WIN32.OBJ
C:\USERS\RPC\DOWNLOADS\PJPROJECT-2.0\PJLIB\BUILD\OUTPUT\PJLIB--WIN32-VC8-DEBUG\FILE_ACCESS_WIN32.SBR
C:\USERS\RPC\DOWNLOADS\PJPROJECT-2.0\PJLIB\BUILD\OUTPUT\PJLIB--WIN32-VC8-DEBUG\FILE_IO_WIN32.OBJ
C:\USERS\RPC\DOWNLOADS\PJPROJECT-2.0\PJLIB\BUILD\OUTPUT\PJLIB--WIN32-VC8-DEBUG\FILE_IO_WIN32.SBR
C:\USERS\RPC\DOWNLOADS\PJPROJECT-2.0\PJLIB\BUILD\OUTPUT\PJLIB--WIN32-VC8-DEBUG\GUID.OBJ
C:\USERS\RPC\DOWNLOADS\PJPROJECT-2.0\PJLIB\BUILD\OUTPUT\PJLIB--WIN32-VC8-DEBUG\GUID.SBR
C:\USERS\RPC\DOWNLOADS\PJPROJECT-2.0\PJLIB\BUILD\OUTPUT\PJLIB--WIN32-VC8-DEBUG\GUID_WIN32.OBJ
C:\USERS\RPC\DOWNLOADS\PJPROJECT-2.0\PJLIB\BUILD\OUTPUT\PJLIB--WIN32-VC8-DEBUG\GUID_WIN32.SBR
C:\USERS\RPC\DOWNLOADS\PJPROJECT-2.0\PJLIB\BUILD\OUTPUT\PJLIB--WIN32-VC8-DEBUG\HASH.OBJ
C:\USERS\RPC\DOWNLOADS\PJPROJECT-2.0\PJLIB\BUILD\OUTPUT\PJLIB--WIN32-VC8-DEBUG\HASH.SBR
C:\USERS\RPC\DOWNLOADS\PJPROJECT-2.0\PJLIB\BUILD\OUTPUT\PJLIB--WIN32-VC8-DEBUG\IOQUEUE_SELECT.OBJ
C:\USERS\RPC\DOWNLOADS\PJPROJECT-2.0\PJLIB\BUILD\OUTPUT\PJLIB--WIN32-VC8-DEBUG\IOQUEUE_SELECT.SBR
C:\USERS\RPC\DOWNLOADS\PJPROJECT-2.0\PJLIB\BUILD\OUTPUT\PJLIB--WIN32-VC8-DEBUG\IP_HELPER_WIN32.OBJ
C:\USERS\RPC\DOWNLOADS\PJPROJECT-2.0\PJLIB\BUILD\OUTPUT\PJLIB--WIN32-VC8-DEBUG\IP_HELPER_WIN32.SBR
C:\USERS\RPC\DOWNLOADS\PJPROJECT-2.0\PJLIB\BUILD\OUTPUT\PJLIB--WIN32-VC8-DEBUG\LIST.OBJ
C:\USERS\RPC\DOWNLOADS\PJPROJECT-2.0\PJLIB\BUILD\OUTPUT\PJLIB--WIN32-VC8-DEBUG\LIST.SBR
C:\USERS\RPC\DOWNLOADS\PJPROJECT-2.0\PJLIB\BUILD\OUTPUT\PJLIB--WIN32-VC8-DEBUG\LOCK.OBJ
C:\USERS\RPC\DOWNLOADS\PJPROJECT-2.0\PJLIB\BUILD\OUTPUT\PJLIB--WIN32-VC8-DEBUG\LOCK.SBR
C:\USERS\RPC\DOWNLOADS\PJPROJECT-2.0\PJLIB\BUILD\OUTPUT\PJLIB--WIN32-VC8-DEBUG\LOG.OBJ
C:\USERS\RPC\DOWNLOADS\PJPROJECT-2.0\PJLIB\BUILD\OUTPUT\PJLIB--WIN32-VC8-DEBUG\LOG.SBR
C:\USERS\RPC\DOWNLOADS\PJPROJECT-2.0\PJLIB\BUILD\OUTPUT\PJLIB--WIN32-VC8-DEBUG\LOG_WRITER_STDOUT.OBJ
C:\USERS\RPC\DOWNLOADS\PJPROJECT-2.0\PJLIB\BUILD\OUTPUT\PJLIB--WIN32-VC8-DEBUG\LOG_WRITER_STDOUT.SBR
C:\USERS\RPC\DOWNLOADS\PJPROJECT-2.0\PJLIB\BUILD\OUTPUT\PJLIB--WIN32-VC8-DEBUG\OS_CORE_WIN32.OBJ
C:\USERS\RPC\DOWNLOADS\PJPROJECT-2.0\PJLIB\BUILD\OUTPUT\PJLIB--WIN32-VC8-DEBUG\OS_CORE_WIN32.SBR
C:\USERS\RPC\DOWNLOADS\PJPROJECT-2.0\PJLIB\BUILD\OUTPUT\PJLIB--WIN32-VC8-DEBUG\OS_ERROR_WIN32.OBJ
C:\USERS\RPC\DOWNLOADS\PJPROJECT-2.0\PJLIB\BUILD\OUTPUT\PJLIB--WIN32-VC8-DEBUG\OS_ERROR_WIN32.SBR
C:\USERS\RPC\DOWNLOADS\PJPROJECT-2.0\PJLIB\BUILD\OUTPUT\PJLIB--WIN32-VC8-DEBUG\OS_INFO.OBJ
C:\USERS\RPC\DOWNLOADS\PJPROJECT-2.0\PJLIB\BUILD\OUTPUT\PJLIB--WIN32-VC8-DEBUG\OS_INFO.SBR
C:\USERS\RPC\DOWNLOADS\PJPROJECT-2.0\PJLIB\BUILD\OUTPUT\PJLIB--WIN32-VC8-DEBUG\OS_TIME_WIN32.OBJ
C:\USERS\RPC\DOWNLOADS\PJPROJECT-2.0\PJLIB\BUILD\OUTPUT\PJLIB--WIN32-VC8-DEBUG\OS_TIME_WIN32.SBR
C:\USERS\RPC\DOWNLOADS\PJPROJECT-2.0\PJLIB\BUILD\OUTPUT\PJLIB--WIN32-VC8-DEBUG\OS_TIMESTAMP_COMMON.OBJ
C:\USERS\RPC\DOWNLOADS\PJPROJECT-2.0\PJLIB\BUILD\OUTPUT\PJLIB--WIN32-VC8-DEBUG\OS_TIMESTAMP_COMMON.SBR
C:\USERS\RPC\DOWNLOADS\PJPROJECT-2.0\PJLIB\BUILD\OUTPUT\PJLIB--WIN32-VC8-DEBUG\OS_TIMESTAMP_WIN32.OBJ
C:\USERS\RPC\DOWNLOADS\PJPROJECT-2.0\PJLIB\BUILD\OUTPUT\PJLIB--WIN32-VC8-DEBUG\OS_TIMESTAMP_WIN32.SBR
C:\USERS\RPC\DOWNLOADS\PJPROJECT-2.0\PJLIB\BUILD\OUTPUT\PJLIB--WIN32-VC8-DEBUG\PJLIB.BSC
C:\USERS\RPC\DOWNLOADS\PJPROJECT-2.0\PJLIB\BUILD\OUTPUT\PJLIB--WIN32-VC8-DEBUG\POOL.OBJ
C:\USERS\RPC\DOWNLOADS\PJPROJECT-2.0\PJLIB\BUILD\OUTPUT\PJLIB--WIN32-VC8-DEBUG\POOL.SBR
C:\USERS\RPC\DOWNLOADS\PJPROJECT-2.0\PJLIB\BUILD\OUTPUT\PJLIB--WIN32-VC8-DEBUG\POOL_BUF.OBJ
C:\USERS\RPC\DOWNLOADS\PJPROJECT-2.0\PJLIB\BUILD\OUTPUT\PJLIB--WIN32-VC8-DEBUG\POOL_BUF.SBR
C:\USERS\RPC\DOWNLOADS\PJPROJECT-2.0\PJLIB\BUILD\OUTPUT\PJLIB--WIN32-VC8-DEBUG\POOL_CACHING.OBJ
C:\USERS\RPC\DOWNLOADS\PJPROJECT-2.0\PJLIB\BUILD\OUTPUT\PJLIB--WIN32-VC8-DEBUG\POOL_CACHING.SBR
C:\USERS\RPC\DOWNLOADS\PJPROJECT-2.0\PJLIB\BUILD\OUTPUT\PJLIB--WIN32-VC8-DEBUG\POOL_DBG.OBJ
C:\USERS\RPC\DOWNLOADS\PJPROJECT-2.0\PJLIB\BUILD\OUTPUT\PJLIB--WIN32-VC8-DEBUG\POOL_DBG.SBR
C:\USERS\RPC\DOWNLOADS\PJPROJECT-2.0\PJLIB\BUILD\OUTPUT\PJLIB--WIN32-VC8-DEBUG\POOL_POLICY_MALLOC.OBJ
C:\USERS\RPC\DOWNLOADS\PJPROJECT-2.0\PJLIB\BUILD\OUTPUT\PJLIB--WIN32-VC8-DEBUG\POOL_POLICY_MALLOC.SBR
C:\USERS\RPC\DOWNLOADS\PJPROJECT-2.0\PJLIB\BUILD\OUTPUT\PJLIB--WIN32-VC8-DEBUG\RAND.OBJ
C:\USERS\RPC\DOWNLOADS\PJPROJECT-2.0\PJLIB\BUILD\OUTPUT\PJLIB--WIN32-VC8-DEBUG\RAND.SBR
C:\USERS\RPC\DOWNLOADS\PJPROJECT-2.0\PJLIB\BUILD\OUTPUT\PJLIB--WIN32-VC8-DEBUG\RBTREE.OBJ
C:\USERS\RPC\DOWNLOADS\PJPROJECT-2.0\PJLIB\BUILD\OUTPUT\PJLIB--WIN32-VC8-DEBUG\RBTREE.SBR
C:\USERS\RPC\DOWNLOADS\PJPROJECT-2.0\PJLIB\BUILD\OUTPUT\PJLIB--WIN32-VC8-DEBUG\SOCK_BSD.OBJ
C:\USERS\RPC\DOWNLOADS\PJPROJECT-2.0\PJLIB\BUILD\OUTPUT\PJLIB--WIN32-VC8-DEBUG\SOCK_BSD.SBR
C:\USERS\RPC\DOWNLOADS\PJPROJECT-2.0\PJLIB\BUILD\OUTPUT\PJLIB--WIN32-VC8-DEBUG\SOCK_COMMON.OBJ
C:\USERS\RPC\DOWNLOADS\PJPROJECT-2.0\PJLIB\BUILD\OUTPUT\PJLIB--WIN32-VC8-DEBUG\SOCK_COMMON.SBR
C:\USERS\RPC\DOWNLOADS\PJPROJECT-2.0\PJLIB\BUILD\OUTPUT\PJLIB--WIN32-VC8-DEBUG\SOCK_QOS_BSD.OBJ
C:\USERS\RPC\DOWNLOADS\PJPROJECT-2.0\PJLIB\BUILD\OUTPUT\PJLIB--WIN32-VC8-DEBUG\SOCK_QOS_BSD.SBR
C:\USERS\RPC\DOWNLOADS\PJPROJECT-2.0\PJLIB\BUILD\OUTPUT\PJLIB--WIN32-VC8-DEBUG\SOCK_QOS_COMMON.OBJ
C:\USERS\RPC\DOWNLOADS\PJPROJECT-2.0\PJLIB\BUILD\OUTPUT\PJLIB--WIN32-VC8-DEBUG\SOCK_QOS_COMMON.SBR
C:\USERS\RPC\DOWNLOADS\PJPROJECT-2.0\PJLIB\BUILD\OUTPUT\PJLIB--WIN32-VC8-DEBUG\SOCK_QOS_DUMMY.OBJ
C:\USERS\RPC\DOWNLOADS\PJPROJECT-2.0\PJLIB\BUILD\OUTPUT\PJLIB--WIN32-VC8-DEBUG\SOCK_QOS_DUMMY.SBR
C:\USERS\RPC\DOWNLOADS\PJPROJECT-2.0\PJLIB\BUILD\OUTPUT\PJLIB--WIN32-VC8-DEBUG\SOCK_QOS_WM.OBJ
C:\USERS\RPC\DOWNLOADS\PJPROJECT-2.0\PJLIB\BUILD\OUTPUT\PJLIB--WIN32-VC8-DEBUG\SOCK_QOS_WM.SBR
C:\USERS\RPC\DOWNLOADS\PJPROJECT-2.0\PJLIB\BUILD\OUTPUT\PJLIB--WIN32-VC8-DEBUG\SOCK_SELECT.OBJ
C:\USERS\RPC\DOWNLOADS\PJPROJECT-2.0\PJLIB\BUILD\OUTPUT\PJLIB--WIN32-VC8-DEBUG\SOCK_SELECT.SBR
C:\USERS\RPC\DOWNLOADS\PJPROJECT-2.0\PJLIB\BUILD\OUTPUT\PJLIB--WIN32-VC8-DEBUG\SSL_SOCK_COMMON.OBJ
C:\USERS\RPC\DOWNLOADS\PJPROJECT-2.0\PJLIB\BUILD\OUTPUT\PJLIB--WIN32-VC8-DEBUG\SSL_SOCK_COMMON.SBR
C:\USERS\RPC\DOWNLOADS\PJPROJECT-2.0\PJLIB\BUILD\OUTPUT\PJLIB--WIN32-VC8-DEBUG\SSL_SOCK_DUMP.OBJ
C:\USERS\RPC\DOWNLOADS\PJPROJECT-2.0\PJLIB\BUILD\OUTPUT\PJLIB--WIN32-VC8-DEBUG\SSL_SOCK_DUMP.SBR
C:\USERS\RPC\DOWNLOADS\PJPROJECT-2.0\PJLIB\BUILD\OUTPUT\PJLIB--WIN32-VC8-DEBUG\SSL_SOCK_OSSL.OBJ
C:\USERS\RPC\DOWNLOADS\PJPROJECT-2.0\PJLIB\BUILD\OUTPUT\PJLIB--WIN32-VC8-DEBUG\SSL_SOCK_OSSL.SBR
C:\USERS\RPC\DOWNLOADS\PJPROJECT-2.0\PJLIB\BUILD\OUTPUT\PJLIB--WIN32-VC8-DEBUG\STRING.OBJ
C:\USERS\RPC\DOWNLOADS\PJPROJECT-2.0\PJLIB\BUILD\OUTPUT\PJLIB--WIN32-VC8-DEBUG\STRING.SBR
C:\USERS\RPC\DOWNLOADS\PJPROJECT-2.0\PJLIB\BUILD\OUTPUT\PJLIB--WIN32-VC8-DEBUG\TIMER.OBJ
C:\USERS\RPC\DOWNLOADS\PJPROJECT-2.0\PJLIB\BUILD\OUTPUT\PJLIB--WIN32-VC8-DEBUG\TIMER.SBR
C:\USERS\RPC\DOWNLOADS\PJPROJECT-2.0\PJLIB\BUILD\OUTPUT\PJLIB--WIN32-VC8-DEBUG\TYPES.OBJ
C:\USERS\RPC\DOWNLOADS\PJPROJECT-2.0\PJLIB\BUILD\OUTPUT\PJLIB--WIN32-VC8-DEBUG\TYPES.SBR
C:\USERS\RPC\DOWNLOADS\PJPROJECT-2.0\PJLIB\BUILD\OUTPUT\PJLIB--WIN32-VC8-DEBUG\UNICODE_WIN32.OBJ
C:\USERS\RPC\DOWNLOADS\PJPROJECT-2.0\PJLIB\BUILD\OUTPUT\PJLIB--WIN32-VC8-DEBUG\UNICODE_WIN32.SBR
C:\USERS\RPC\DOWNLOADS\PJPROJECT-2.0\PJLIB\BUILD\OUTPUT\PJLIB--WIN32-VC8-DEBUG\VC100.PDB
C:\USERS\RPC\DOWNLOADS\PJPROJECT-2.0\PJLIB\LIB\PJLIB-I386-WIN32-VC8-DEBUG.LIB
