.\output\pjsip_ua--Win32-vc8-Debug\pjsip_ua.bsc
C:\temp\git\third-party\pjsip\pjproject-2.0.1-win\pjsip\build\output\pjsip_ua--Win32-vc8-Debug\BscMake.command.1.tlog
C:\temp\git\third-party\pjsip\pjproject-2.0.1-win\pjsip\build\output\pjsip_ua--Win32-vc8-Debug\bscmake.read.1.tlog
C:\temp\git\third-party\pjsip\pjproject-2.0.1-win\pjsip\build\output\pjsip_ua--Win32-vc8-Debug\bscmake.write.1.tlog
C:\temp\git\third-party\pjsip\pjproject-2.0.1-win\pjsip\build\output\pjsip_ua--Win32-vc8-Debug\cl.command.1.tlog
C:\temp\git\third-party\pjsip\pjproject-2.0.1-win\pjsip\build\output\pjsip_ua--Win32-vc8-Debug\CL.read.1.tlog
C:\temp\git\third-party\pjsip\pjproject-2.0.1-win\pjsip\build\output\pjsip_ua--Win32-vc8-Debug\CL.write.1.tlog
C:\temp\git\third-party\pjsip\pjproject-2.0.1-win\pjsip\build\output\pjsip_ua--Win32-vc8-Debug\lib.command.1.tlog
C:\temp\git\third-party\pjsip\pjproject-2.0.1-win\pjsip\build\output\pjsip_ua--Win32-vc8-Debug\Lib-link.read.1.tlog
C:\temp\git\third-party\pjsip\pjproject-2.0.1-win\pjsip\build\output\pjsip_ua--Win32-vc8-Debug\Lib-link.write.1.tlog
C:\temp\git\third-party\pjsip\pjproject-2.0.1-win\pjsip\build\output\pjsip_ua--Win32-vc8-Debug\pjsip_ua.bsc
C:\temp\git\third-party\pjsip\pjproject-2.0.1-win\pjsip\build\output\pjsip_ua--Win32-vc8-Debug\sip_100rel.obj
C:\temp\git\third-party\pjsip\pjproject-2.0.1-win\pjsip\build\output\pjsip_ua--Win32-vc8-Debug\sip_100rel.sbr
C:\temp\git\third-party\pjsip\pjproject-2.0.1-win\pjsip\build\output\pjsip_ua--Win32-vc8-Debug\sip_inv.obj
C:\temp\git\third-party\pjsip\pjproject-2.0.1-win\pjsip\build\output\pjsip_ua--Win32-vc8-Debug\sip_inv.sbr
C:\temp\git\third-party\pjsip\pjproject-2.0.1-win\pjsip\build\output\pjsip_ua--Win32-vc8-Debug\sip_reg.obj
C:\temp\git\third-party\pjsip\pjproject-2.0.1-win\pjsip\build\output\pjsip_ua--Win32-vc8-Debug\sip_reg.sbr
C:\temp\git\third-party\pjsip\pjproject-2.0.1-win\pjsip\build\output\pjsip_ua--Win32-vc8-Debug\sip_replaces.obj
C:\temp\git\third-party\pjsip\pjproject-2.0.1-win\pjsip\build\output\pjsip_ua--Win32-vc8-Debug\sip_replaces.sbr
C:\temp\git\third-party\pjsip\pjproject-2.0.1-win\pjsip\build\output\pjsip_ua--Win32-vc8-Debug\sip_timer.obj
C:\temp\git\third-party\pjsip\pjproject-2.0.1-win\pjsip\build\output\pjsip_ua--Win32-vc8-Debug\sip_timer.sbr
C:\temp\git\third-party\pjsip\pjproject-2.0.1-win\pjsip\build\output\pjsip_ua--Win32-vc8-Debug\sip_xfer.obj
C:\temp\git\third-party\pjsip\pjproject-2.0.1-win\pjsip\build\output\pjsip_ua--Win32-vc8-Debug\sip_xfer.sbr
C:\temp\git\third-party\pjsip\pjproject-2.0.1-win\pjsip\build\output\pjsip_ua--Win32-vc8-Debug\vc100.idb
C:\temp\git\third-party\pjsip\pjproject-2.0.1-win\pjsip\build\output\pjsip_ua--Win32-vc8-Debug\vc100.pdb
C:\USERS\RPC\DOWNLOADS\PJPROJECT-2.0\PJSIP\BUILD\OUTPUT\PJSIP_UA--WIN32-VC8-DEBUG\PJSIP_UA.BSC
C:\USERS\RPC\DOWNLOADS\PJPROJECT-2.0\PJSIP\BUILD\OUTPUT\PJSIP_UA--WIN32-VC8-DEBUG\SIP_100REL.OBJ
C:\USERS\RPC\DOWNLOADS\PJPROJECT-2.0\PJSIP\BUILD\OUTPUT\PJSIP_UA--WIN32-VC8-DEBUG\SIP_100REL.SBR
C:\USERS\RPC\DOWNLOADS\PJPROJECT-2.0\PJSIP\BUILD\OUTPUT\PJSIP_UA--WIN32-VC8-DEBUG\SIP_INV.OBJ
C:\USERS\RPC\DOWNLOADS\PJPROJECT-2.0\PJSIP\BUILD\OUTPUT\PJSIP_UA--WIN32-VC8-DEBUG\SIP_INV.SBR
C:\USERS\RPC\DOWNLOADS\PJPROJECT-2.0\PJSIP\BUILD\OUTPUT\PJSIP_UA--WIN32-VC8-DEBUG\SIP_REG.OBJ
C:\USERS\RPC\DOWNLOADS\PJPROJECT-2.0\PJSIP\BUILD\OUTPUT\PJSIP_UA--WIN32-VC8-DEBUG\SIP_REG.SBR
C:\USERS\RPC\DOWNLOADS\PJPROJECT-2.0\PJSIP\BUILD\OUTPUT\PJSIP_UA--WIN32-VC8-DEBUG\SIP_REPLACES.OBJ
C:\USERS\RPC\DOWNLOADS\PJPROJECT-2.0\PJSIP\BUILD\OUTPUT\PJSIP_UA--WIN32-VC8-DEBUG\SIP_REPLACES.SBR
C:\USERS\RPC\DOWNLOADS\PJPROJECT-2.0\PJSIP\BUILD\OUTPUT\PJSIP_UA--WIN32-VC8-DEBUG\SIP_TIMER.OBJ
C:\USERS\RPC\DOWNLOADS\PJPROJECT-2.0\PJSIP\BUILD\OUTPUT\PJSIP_UA--WIN32-VC8-DEBUG\SIP_TIMER.SBR
C:\USERS\RPC\DOWNLOADS\PJPROJECT-2.0\PJSIP\BUILD\OUTPUT\PJSIP_UA--WIN32-VC8-DEBUG\SIP_XFER.OBJ
C:\USERS\RPC\DOWNLOADS\PJPROJECT-2.0\PJSIP\BUILD\OUTPUT\PJSIP_UA--WIN32-VC8-DEBUG\SIP_XFER.SBR
C:\USERS\RPC\DOWNLOADS\PJPROJECT-2.0\PJSIP\BUILD\OUTPUT\PJSIP_UA--WIN32-VC8-DEBUG\VC100.PDB
C:\USERS\RPC\DOWNLOADS\PJPROJECT-2.0\PJSIP\LIB\PJSIP-UA-I386-WIN32-VC8-DEBUG.LIB
