.\output\pjmedia--Win32-vc8-Debug\pjmedia.bsc
C:\temp\git\third-party\pjsip\pjproject-2.0.1-win\pjmedia\build\output\pjmedia--Win32-vc8-Debug\alaw_ulaw.obj
C:\temp\git\third-party\pjsip\pjproject-2.0.1-win\pjmedia\build\output\pjmedia--Win32-vc8-Debug\alaw_ulaw.sbr
C:\temp\git\third-party\pjsip\pjproject-2.0.1-win\pjmedia\build\output\pjmedia--Win32-vc8-Debug\alaw_ulaw_table.obj
C:\temp\git\third-party\pjsip\pjproject-2.0.1-win\pjmedia\build\output\pjmedia--Win32-vc8-Debug\alaw_ulaw_table.sbr
C:\temp\git\third-party\pjsip\pjproject-2.0.1-win\pjmedia\build\output\pjmedia--Win32-vc8-Debug\avi_player.obj
C:\temp\git\third-party\pjsip\pjproject-2.0.1-win\pjmedia\build\output\pjmedia--Win32-vc8-Debug\avi_player.sbr
C:\temp\git\third-party\pjsip\pjproject-2.0.1-win\pjmedia\build\output\pjmedia--Win32-vc8-Debug\bidirectional.obj
C:\temp\git\third-party\pjsip\pjproject-2.0.1-win\pjmedia\build\output\pjmedia--Win32-vc8-Debug\bidirectional.sbr
C:\temp\git\third-party\pjsip\pjproject-2.0.1-win\pjmedia\build\output\pjmedia--Win32-vc8-Debug\BscMake.command.1.tlog
C:\temp\git\third-party\pjsip\pjproject-2.0.1-win\pjmedia\build\output\pjmedia--Win32-vc8-Debug\bscmake.read.1.tlog
C:\temp\git\third-party\pjsip\pjproject-2.0.1-win\pjmedia\build\output\pjmedia--Win32-vc8-Debug\bscmake.write.1.tlog
C:\temp\git\third-party\pjsip\pjproject-2.0.1-win\pjmedia\build\output\pjmedia--Win32-vc8-Debug\cl.command.1.tlog
C:\temp\git\third-party\pjsip\pjproject-2.0.1-win\pjmedia\build\output\pjmedia--Win32-vc8-Debug\CL.read.1.tlog
C:\temp\git\third-party\pjsip\pjproject-2.0.1-win\pjmedia\build\output\pjmedia--Win32-vc8-Debug\CL.write.1.tlog
C:\temp\git\third-party\pjsip\pjproject-2.0.1-win\pjmedia\build\output\pjmedia--Win32-vc8-Debug\clock_thread.obj
C:\temp\git\third-party\pjsip\pjproject-2.0.1-win\pjmedia\build\output\pjmedia--Win32-vc8-Debug\clock_thread.sbr
C:\temp\git\third-party\pjsip\pjproject-2.0.1-win\pjmedia\build\output\pjmedia--Win32-vc8-Debug\codec.obj
C:\temp\git\third-party\pjsip\pjproject-2.0.1-win\pjmedia\build\output\pjmedia--Win32-vc8-Debug\codec.sbr
C:\temp\git\third-party\pjsip\pjproject-2.0.1-win\pjmedia\build\output\pjmedia--Win32-vc8-Debug\conf_switch.obj
C:\temp\git\third-party\pjsip\pjproject-2.0.1-win\pjmedia\build\output\pjmedia--Win32-vc8-Debug\conf_switch.sbr
C:\temp\git\third-party\pjsip\pjproject-2.0.1-win\pjmedia\build\output\pjmedia--Win32-vc8-Debug\conference.obj
C:\temp\git\third-party\pjsip\pjproject-2.0.1-win\pjmedia\build\output\pjmedia--Win32-vc8-Debug\conference.sbr
C:\temp\git\third-party\pjsip\pjproject-2.0.1-win\pjmedia\build\output\pjmedia--Win32-vc8-Debug\converter.obj
C:\temp\git\third-party\pjsip\pjproject-2.0.1-win\pjmedia\build\output\pjmedia--Win32-vc8-Debug\converter.sbr
C:\temp\git\third-party\pjsip\pjproject-2.0.1-win\pjmedia\build\output\pjmedia--Win32-vc8-Debug\converter_libswscale.obj
C:\temp\git\third-party\pjsip\pjproject-2.0.1-win\pjmedia\build\output\pjmedia--Win32-vc8-Debug\converter_libswscale.sbr
C:\temp\git\third-party\pjsip\pjproject-2.0.1-win\pjmedia\build\output\pjmedia--Win32-vc8-Debug\delaybuf.obj
C:\temp\git\third-party\pjsip\pjproject-2.0.1-win\pjmedia\build\output\pjmedia--Win32-vc8-Debug\delaybuf.sbr
C:\temp\git\third-party\pjsip\pjproject-2.0.1-win\pjmedia\build\output\pjmedia--Win32-vc8-Debug\echo_common.obj
C:\temp\git\third-party\pjsip\pjproject-2.0.1-win\pjmedia\build\output\pjmedia--Win32-vc8-Debug\echo_common.sbr
C:\temp\git\third-party\pjsip\pjproject-2.0.1-win\pjmedia\build\output\pjmedia--Win32-vc8-Debug\echo_port.obj
C:\temp\git\third-party\pjsip\pjproject-2.0.1-win\pjmedia\build\output\pjmedia--Win32-vc8-Debug\echo_port.sbr
C:\temp\git\third-party\pjsip\pjproject-2.0.1-win\pjmedia\build\output\pjmedia--Win32-vc8-Debug\echo_speex.obj
C:\temp\git\third-party\pjsip\pjproject-2.0.1-win\pjmedia\build\output\pjmedia--Win32-vc8-Debug\echo_speex.sbr
C:\temp\git\third-party\pjsip\pjproject-2.0.1-win\pjmedia\build\output\pjmedia--Win32-vc8-Debug\echo_suppress.obj
C:\temp\git\third-party\pjsip\pjproject-2.0.1-win\pjmedia\build\output\pjmedia--Win32-vc8-Debug\echo_suppress.sbr
C:\temp\git\third-party\pjsip\pjproject-2.0.1-win\pjmedia\build\output\pjmedia--Win32-vc8-Debug\endpoint.obj
C:\temp\git\third-party\pjsip\pjproject-2.0.1-win\pjmedia\build\output\pjmedia--Win32-vc8-Debug\endpoint.sbr
C:\temp\git\third-party\pjsip\pjproject-2.0.1-win\pjmedia\build\output\pjmedia--Win32-vc8-Debug\errno.obj
C:\temp\git\third-party\pjsip\pjproject-2.0.1-win\pjmedia\build\output\pjmedia--Win32-vc8-Debug\errno.sbr
C:\temp\git\third-party\pjsip\pjproject-2.0.1-win\pjmedia\build\output\pjmedia--Win32-vc8-Debug\event.obj
C:\temp\git\third-party\pjsip\pjproject-2.0.1-win\pjmedia\build\output\pjmedia--Win32-vc8-Debug\event.sbr
C:\temp\git\third-party\pjsip\pjproject-2.0.1-win\pjmedia\build\output\pjmedia--Win32-vc8-Debug\ffmpeg_util.obj
C:\temp\git\third-party\pjsip\pjproject-2.0.1-win\pjmedia\build\output\pjmedia--Win32-vc8-Debug\ffmpeg_util.sbr
C:\temp\git\third-party\pjsip\pjproject-2.0.1-win\pjmedia\build\output\pjmedia--Win32-vc8-Debug\format.obj
C:\temp\git\third-party\pjsip\pjproject-2.0.1-win\pjmedia\build\output\pjmedia--Win32-vc8-Debug\format.sbr
C:\temp\git\third-party\pjsip\pjproject-2.0.1-win\pjmedia\build\output\pjmedia--Win32-vc8-Debug\g711.obj
C:\temp\git\third-party\pjsip\pjproject-2.0.1-win\pjmedia\build\output\pjmedia--Win32-vc8-Debug\g711.sbr
C:\temp\git\third-party\pjsip\pjproject-2.0.1-win\pjmedia\build\output\pjmedia--Win32-vc8-Debug\jbuf.obj
C:\temp\git\third-party\pjsip\pjproject-2.0.1-win\pjmedia\build\output\pjmedia--Win32-vc8-Debug\jbuf.sbr
C:\temp\git\third-party\pjsip\pjproject-2.0.1-win\pjmedia\build\output\pjmedia--Win32-vc8-Debug\lib.command.1.tlog
C:\temp\git\third-party\pjsip\pjproject-2.0.1-win\pjmedia\build\output\pjmedia--Win32-vc8-Debug\Lib-link.read.1.tlog
C:\temp\git\third-party\pjsip\pjproject-2.0.1-win\pjmedia\build\output\pjmedia--Win32-vc8-Debug\Lib-link.write.1.tlog
C:\temp\git\third-party\pjsip\pjproject-2.0.1-win\pjmedia\build\output\pjmedia--Win32-vc8-Debug\master_port.obj
C:\temp\git\third-party\pjsip\pjproject-2.0.1-win\pjmedia\build\output\pjmedia--Win32-vc8-Debug\master_port.sbr
C:\temp\git\third-party\pjsip\pjproject-2.0.1-win\pjmedia\build\output\pjmedia--Win32-vc8-Debug\mem_capture.obj
C:\temp\git\third-party\pjsip\pjproject-2.0.1-win\pjmedia\build\output\pjmedia--Win32-vc8-Debug\mem_capture.sbr
C:\temp\git\third-party\pjsip\pjproject-2.0.1-win\pjmedia\build\output\pjmedia--Win32-vc8-Debug\mem_player.obj
C:\temp\git\third-party\pjsip\pjproject-2.0.1-win\pjmedia\build\output\pjmedia--Win32-vc8-Debug\mem_player.sbr
C:\temp\git\third-party\pjsip\pjproject-2.0.1-win\pjmedia\build\output\pjmedia--Win32-vc8-Debug\null_port.obj
C:\temp\git\third-party\pjsip\pjproject-2.0.1-win\pjmedia\build\output\pjmedia--Win32-vc8-Debug\null_port.sbr
C:\temp\git\third-party\pjsip\pjproject-2.0.1-win\pjmedia\build\output\pjmedia--Win32-vc8-Debug\pjmedia.bsc
C:\temp\git\third-party\pjsip\pjproject-2.0.1-win\pjmedia\build\output\pjmedia--Win32-vc8-Debug\plc_common.obj
C:\temp\git\third-party\pjsip\pjproject-2.0.1-win\pjmedia\build\output\pjmedia--Win32-vc8-Debug\plc_common.sbr
C:\temp\git\third-party\pjsip\pjproject-2.0.1-win\pjmedia\build\output\pjmedia--Win32-vc8-Debug\port.obj
C:\temp\git\third-party\pjsip\pjproject-2.0.1-win\pjmedia\build\output\pjmedia--Win32-vc8-Debug\port.sbr
C:\temp\git\third-party\pjsip\pjproject-2.0.1-win\pjmedia\build\output\pjmedia--Win32-vc8-Debug\resample_libsamplerate.obj
C:\temp\git\third-party\pjsip\pjproject-2.0.1-win\pjmedia\build\output\pjmedia--Win32-vc8-Debug\resample_libsamplerate.sbr
C:\temp\git\third-party\pjsip\pjproject-2.0.1-win\pjmedia\build\output\pjmedia--Win32-vc8-Debug\resample_port.obj
C:\temp\git\third-party\pjsip\pjproject-2.0.1-win\pjmedia\build\output\pjmedia--Win32-vc8-Debug\resample_port.sbr
C:\temp\git\third-party\pjsip\pjproject-2.0.1-win\pjmedia\build\output\pjmedia--Win32-vc8-Debug\resample_resample.obj
C:\temp\git\third-party\pjsip\pjproject-2.0.1-win\pjmedia\build\output\pjmedia--Win32-vc8-Debug\resample_resample.sbr
C:\temp\git\third-party\pjsip\pjproject-2.0.1-win\pjmedia\build\output\pjmedia--Win32-vc8-Debug\resample_speex.obj
C:\temp\git\third-party\pjsip\pjproject-2.0.1-win\pjmedia\build\output\pjmedia--Win32-vc8-Debug\resample_speex.sbr
C:\temp\git\third-party\pjsip\pjproject-2.0.1-win\pjmedia\build\output\pjmedia--Win32-vc8-Debug\rtcp.obj
C:\temp\git\third-party\pjsip\pjproject-2.0.1-win\pjmedia\build\output\pjmedia--Win32-vc8-Debug\rtcp.sbr
C:\temp\git\third-party\pjsip\pjproject-2.0.1-win\pjmedia\build\output\pjmedia--Win32-vc8-Debug\rtcp_xr.obj
C:\temp\git\third-party\pjsip\pjproject-2.0.1-win\pjmedia\build\output\pjmedia--Win32-vc8-Debug\rtcp_xr.sbr
C:\temp\git\third-party\pjsip\pjproject-2.0.1-win\pjmedia\build\output\pjmedia--Win32-vc8-Debug\rtp.obj
C:\temp\git\third-party\pjsip\pjproject-2.0.1-win\pjmedia\build\output\pjmedia--Win32-vc8-Debug\rtp.sbr
C:\temp\git\third-party\pjsip\pjproject-2.0.1-win\pjmedia\build\output\pjmedia--Win32-vc8-Debug\sdp.obj
C:\temp\git\third-party\pjsip\pjproject-2.0.1-win\pjmedia\build\output\pjmedia--Win32-vc8-Debug\sdp.sbr
C:\temp\git\third-party\pjsip\pjproject-2.0.1-win\pjmedia\build\output\pjmedia--Win32-vc8-Debug\sdp_cmp.obj
C:\temp\git\third-party\pjsip\pjproject-2.0.1-win\pjmedia\build\output\pjmedia--Win32-vc8-Debug\sdp_cmp.sbr
C:\temp\git\third-party\pjsip\pjproject-2.0.1-win\pjmedia\build\output\pjmedia--Win32-vc8-Debug\sdp_neg.obj
C:\temp\git\third-party\pjsip\pjproject-2.0.1-win\pjmedia\build\output\pjmedia--Win32-vc8-Debug\sdp_neg.sbr
C:\temp\git\third-party\pjsip\pjproject-2.0.1-win\pjmedia\build\output\pjmedia--Win32-vc8-Debug\silencedet.obj
C:\temp\git\third-party\pjsip\pjproject-2.0.1-win\pjmedia\build\output\pjmedia--Win32-vc8-Debug\silencedet.sbr
C:\temp\git\third-party\pjsip\pjproject-2.0.1-win\pjmedia\build\output\pjmedia--Win32-vc8-Debug\sound_legacy.obj
C:\temp\git\third-party\pjsip\pjproject-2.0.1-win\pjmedia\build\output\pjmedia--Win32-vc8-Debug\sound_legacy.sbr
C:\temp\git\third-party\pjsip\pjproject-2.0.1-win\pjmedia\build\output\pjmedia--Win32-vc8-Debug\sound_port.obj
C:\temp\git\third-party\pjsip\pjproject-2.0.1-win\pjmedia\build\output\pjmedia--Win32-vc8-Debug\sound_port.sbr
C:\temp\git\third-party\pjsip\pjproject-2.0.1-win\pjmedia\build\output\pjmedia--Win32-vc8-Debug\splitcomb.obj
C:\temp\git\third-party\pjsip\pjproject-2.0.1-win\pjmedia\build\output\pjmedia--Win32-vc8-Debug\splitcomb.sbr
C:\temp\git\third-party\pjsip\pjproject-2.0.1-win\pjmedia\build\output\pjmedia--Win32-vc8-Debug\stereo_port.obj
C:\temp\git\third-party\pjsip\pjproject-2.0.1-win\pjmedia\build\output\pjmedia--Win32-vc8-Debug\stereo_port.sbr
C:\temp\git\third-party\pjsip\pjproject-2.0.1-win\pjmedia\build\output\pjmedia--Win32-vc8-Debug\stream.obj
C:\temp\git\third-party\pjsip\pjproject-2.0.1-win\pjmedia\build\output\pjmedia--Win32-vc8-Debug\stream.sbr
C:\temp\git\third-party\pjsip\pjproject-2.0.1-win\pjmedia\build\output\pjmedia--Win32-vc8-Debug\stream_common.obj
C:\temp\git\third-party\pjsip\pjproject-2.0.1-win\pjmedia\build\output\pjmedia--Win32-vc8-Debug\stream_common.sbr
C:\temp\git\third-party\pjsip\pjproject-2.0.1-win\pjmedia\build\output\pjmedia--Win32-vc8-Debug\stream_info.obj
C:\temp\git\third-party\pjsip\pjproject-2.0.1-win\pjmedia\build\output\pjmedia--Win32-vc8-Debug\stream_info.sbr
C:\temp\git\third-party\pjsip\pjproject-2.0.1-win\pjmedia\build\output\pjmedia--Win32-vc8-Debug\tonegen.obj
C:\temp\git\third-party\pjsip\pjproject-2.0.1-win\pjmedia\build\output\pjmedia--Win32-vc8-Debug\tonegen.sbr
C:\temp\git\third-party\pjsip\pjproject-2.0.1-win\pjmedia\build\output\pjmedia--Win32-vc8-Debug\transport_adapter_sample.obj
C:\temp\git\third-party\pjsip\pjproject-2.0.1-win\pjmedia\build\output\pjmedia--Win32-vc8-Debug\transport_adapter_sample.sbr
C:\temp\git\third-party\pjsip\pjproject-2.0.1-win\pjmedia\build\output\pjmedia--Win32-vc8-Debug\transport_ice.obj
C:\temp\git\third-party\pjsip\pjproject-2.0.1-win\pjmedia\build\output\pjmedia--Win32-vc8-Debug\transport_ice.sbr
C:\temp\git\third-party\pjsip\pjproject-2.0.1-win\pjmedia\build\output\pjmedia--Win32-vc8-Debug\transport_loop.obj
C:\temp\git\third-party\pjsip\pjproject-2.0.1-win\pjmedia\build\output\pjmedia--Win32-vc8-Debug\transport_loop.sbr
C:\temp\git\third-party\pjsip\pjproject-2.0.1-win\pjmedia\build\output\pjmedia--Win32-vc8-Debug\transport_srtp.obj
C:\temp\git\third-party\pjsip\pjproject-2.0.1-win\pjmedia\build\output\pjmedia--Win32-vc8-Debug\transport_srtp.sbr
C:\temp\git\third-party\pjsip\pjproject-2.0.1-win\pjmedia\build\output\pjmedia--Win32-vc8-Debug\transport_udp.obj
C:\temp\git\third-party\pjsip\pjproject-2.0.1-win\pjmedia\build\output\pjmedia--Win32-vc8-Debug\transport_udp.sbr
C:\temp\git\third-party\pjsip\pjproject-2.0.1-win\pjmedia\build\output\pjmedia--Win32-vc8-Debug\types.obj
C:\temp\git\third-party\pjsip\pjproject-2.0.1-win\pjmedia\build\output\pjmedia--Win32-vc8-Debug\types.sbr
C:\temp\git\third-party\pjsip\pjproject-2.0.1-win\pjmedia\build\output\pjmedia--Win32-vc8-Debug\vc100.idb
C:\temp\git\third-party\pjsip\pjproject-2.0.1-win\pjmedia\build\output\pjmedia--Win32-vc8-Debug\vc100.pdb
C:\temp\git\third-party\pjsip\pjproject-2.0.1-win\pjmedia\build\output\pjmedia--Win32-vc8-Debug\vid_codec.obj
C:\temp\git\third-party\pjsip\pjproject-2.0.1-win\pjmedia\build\output\pjmedia--Win32-vc8-Debug\vid_codec.sbr
C:\temp\git\third-party\pjsip\pjproject-2.0.1-win\pjmedia\build\output\pjmedia--Win32-vc8-Debug\vid_codec_util.obj
C:\temp\git\third-party\pjsip\pjproject-2.0.1-win\pjmedia\build\output\pjmedia--Win32-vc8-Debug\vid_codec_util.sbr
C:\temp\git\third-party\pjsip\pjproject-2.0.1-win\pjmedia\build\output\pjmedia--Win32-vc8-Debug\vid_port.obj
C:\temp\git\third-party\pjsip\pjproject-2.0.1-win\pjmedia\build\output\pjmedia--Win32-vc8-Debug\vid_port.sbr
C:\temp\git\third-party\pjsip\pjproject-2.0.1-win\pjmedia\build\output\pjmedia--Win32-vc8-Debug\vid_stream.obj
C:\temp\git\third-party\pjsip\pjproject-2.0.1-win\pjmedia\build\output\pjmedia--Win32-vc8-Debug\vid_stream.sbr
C:\temp\git\third-party\pjsip\pjproject-2.0.1-win\pjmedia\build\output\pjmedia--Win32-vc8-Debug\vid_stream_info.obj
C:\temp\git\third-party\pjsip\pjproject-2.0.1-win\pjmedia\build\output\pjmedia--Win32-vc8-Debug\vid_stream_info.sbr
C:\temp\git\third-party\pjsip\pjproject-2.0.1-win\pjmedia\build\output\pjmedia--Win32-vc8-Debug\vid_tee.obj
C:\temp\git\third-party\pjsip\pjproject-2.0.1-win\pjmedia\build\output\pjmedia--Win32-vc8-Debug\vid_tee.sbr
C:\temp\git\third-party\pjsip\pjproject-2.0.1-win\pjmedia\build\output\pjmedia--Win32-vc8-Debug\wav_player.obj
C:\temp\git\third-party\pjsip\pjproject-2.0.1-win\pjmedia\build\output\pjmedia--Win32-vc8-Debug\wav_player.sbr
C:\temp\git\third-party\pjsip\pjproject-2.0.1-win\pjmedia\build\output\pjmedia--Win32-vc8-Debug\wav_playlist.obj
C:\temp\git\third-party\pjsip\pjproject-2.0.1-win\pjmedia\build\output\pjmedia--Win32-vc8-Debug\wav_playlist.sbr
C:\temp\git\third-party\pjsip\pjproject-2.0.1-win\pjmedia\build\output\pjmedia--Win32-vc8-Debug\wav_writer.obj
C:\temp\git\third-party\pjsip\pjproject-2.0.1-win\pjmedia\build\output\pjmedia--Win32-vc8-Debug\wav_writer.sbr
C:\temp\git\third-party\pjsip\pjproject-2.0.1-win\pjmedia\build\output\pjmedia--Win32-vc8-Debug\wave.obj
C:\temp\git\third-party\pjsip\pjproject-2.0.1-win\pjmedia\build\output\pjmedia--Win32-vc8-Debug\wave.sbr
C:\temp\git\third-party\pjsip\pjproject-2.0.1-win\pjmedia\build\output\pjmedia--Win32-vc8-Debug\wsola.obj
C:\temp\git\third-party\pjsip\pjproject-2.0.1-win\pjmedia\build\output\pjmedia--Win32-vc8-Debug\wsola.sbr
C:\USERS\RPC\DOWNLOADS\PJPROJECT-2.0\PJMEDIA\BUILD\OUTPUT\PJMEDIA--WIN32-VC8-DEBUG\ALAW_ULAW.OBJ
C:\USERS\RPC\DOWNLOADS\PJPROJECT-2.0\PJMEDIA\BUILD\OUTPUT\PJMEDIA--WIN32-VC8-DEBUG\ALAW_ULAW.SBR
C:\USERS\RPC\DOWNLOADS\PJPROJECT-2.0\PJMEDIA\BUILD\OUTPUT\PJMEDIA--WIN32-VC8-DEBUG\ALAW_ULAW_TABLE.OBJ
C:\USERS\RPC\DOWNLOADS\PJPROJECT-2.0\PJMEDIA\BUILD\OUTPUT\PJMEDIA--WIN32-VC8-DEBUG\ALAW_ULAW_TABLE.SBR
C:\USERS\RPC\DOWNLOADS\PJPROJECT-2.0\PJMEDIA\BUILD\OUTPUT\PJMEDIA--WIN32-VC8-DEBUG\AVI_PLAYER.OBJ
C:\USERS\RPC\DOWNLOADS\PJPROJECT-2.0\PJMEDIA\BUILD\OUTPUT\PJMEDIA--WIN32-VC8-DEBUG\AVI_PLAYER.SBR
C:\USERS\RPC\DOWNLOADS\PJPROJECT-2.0\PJMEDIA\BUILD\OUTPUT\PJMEDIA--WIN32-VC8-DEBUG\BIDIRECTIONAL.OBJ
C:\USERS\RPC\DOWNLOADS\PJPROJECT-2.0\PJMEDIA\BUILD\OUTPUT\PJMEDIA--WIN32-VC8-DEBUG\BIDIRECTIONAL.SBR
C:\USERS\RPC\DOWNLOADS\PJPROJECT-2.0\PJMEDIA\BUILD\OUTPUT\PJMEDIA--WIN32-VC8-DEBUG\CLOCK_THREAD.OBJ
C:\USERS\RPC\DOWNLOADS\PJPROJECT-2.0\PJMEDIA\BUILD\OUTPUT\PJMEDIA--WIN32-VC8-DEBUG\CLOCK_THREAD.SBR
C:\USERS\RPC\DOWNLOADS\PJPROJECT-2.0\PJMEDIA\BUILD\OUTPUT\PJMEDIA--WIN32-VC8-DEBUG\CODEC.OBJ
C:\USERS\RPC\DOWNLOADS\PJPROJECT-2.0\PJMEDIA\BUILD\OUTPUT\PJMEDIA--WIN32-VC8-DEBUG\CODEC.SBR
C:\USERS\RPC\DOWNLOADS\PJPROJECT-2.0\PJMEDIA\BUILD\OUTPUT\PJMEDIA--WIN32-VC8-DEBUG\CONF_SWITCH.OBJ
C:\USERS\RPC\DOWNLOADS\PJPROJECT-2.0\PJMEDIA\BUILD\OUTPUT\PJMEDIA--WIN32-VC8-DEBUG\CONF_SWITCH.SBR
C:\USERS\RPC\DOWNLOADS\PJPROJECT-2.0\PJMEDIA\BUILD\OUTPUT\PJMEDIA--WIN32-VC8-DEBUG\CONFERENCE.OBJ
C:\USERS\RPC\DOWNLOADS\PJPROJECT-2.0\PJMEDIA\BUILD\OUTPUT\PJMEDIA--WIN32-VC8-DEBUG\CONFERENCE.SBR
C:\USERS\RPC\DOWNLOADS\PJPROJECT-2.0\PJMEDIA\BUILD\OUTPUT\PJMEDIA--WIN32-VC8-DEBUG\CONVERTER.OBJ
C:\USERS\RPC\DOWNLOADS\PJPROJECT-2.0\PJMEDIA\BUILD\OUTPUT\PJMEDIA--WIN32-VC8-DEBUG\CONVERTER.SBR
C:\USERS\RPC\DOWNLOADS\PJPROJECT-2.0\PJMEDIA\BUILD\OUTPUT\PJMEDIA--WIN32-VC8-DEBUG\CONVERTER_LIBSWSCALE.OBJ
C:\USERS\RPC\DOWNLOADS\PJPROJECT-2.0\PJMEDIA\BUILD\OUTPUT\PJMEDIA--WIN32-VC8-DEBUG\CONVERTER_LIBSWSCALE.SBR
C:\USERS\RPC\DOWNLOADS\PJPROJECT-2.0\PJMEDIA\BUILD\OUTPUT\PJMEDIA--WIN32-VC8-DEBUG\DELAYBUF.OBJ
C:\USERS\RPC\DOWNLOADS\PJPROJECT-2.0\PJMEDIA\BUILD\OUTPUT\PJMEDIA--WIN32-VC8-DEBUG\DELAYBUF.SBR
C:\USERS\RPC\DOWNLOADS\PJPROJECT-2.0\PJMEDIA\BUILD\OUTPUT\PJMEDIA--WIN32-VC8-DEBUG\ECHO_COMMON.OBJ
C:\USERS\RPC\DOWNLOADS\PJPROJECT-2.0\PJMEDIA\BUILD\OUTPUT\PJMEDIA--WIN32-VC8-DEBUG\ECHO_COMMON.SBR
C:\USERS\RPC\DOWNLOADS\PJPROJECT-2.0\PJMEDIA\BUILD\OUTPUT\PJMEDIA--WIN32-VC8-DEBUG\ECHO_PORT.OBJ
C:\USERS\RPC\DOWNLOADS\PJPROJECT-2.0\PJMEDIA\BUILD\OUTPUT\PJMEDIA--WIN32-VC8-DEBUG\ECHO_PORT.SBR
C:\USERS\RPC\DOWNLOADS\PJPROJECT-2.0\PJMEDIA\BUILD\OUTPUT\PJMEDIA--WIN32-VC8-DEBUG\ECHO_SPEEX.OBJ
C:\USERS\RPC\DOWNLOADS\PJPROJECT-2.0\PJMEDIA\BUILD\OUTPUT\PJMEDIA--WIN32-VC8-DEBUG\ECHO_SPEEX.SBR
C:\USERS\RPC\DOWNLOADS\PJPROJECT-2.0\PJMEDIA\BUILD\OUTPUT\PJMEDIA--WIN32-VC8-DEBUG\ECHO_SUPPRESS.OBJ
C:\USERS\RPC\DOWNLOADS\PJPROJECT-2.0\PJMEDIA\BUILD\OUTPUT\PJMEDIA--WIN32-VC8-DEBUG\ECHO_SUPPRESS.SBR
C:\USERS\RPC\DOWNLOADS\PJPROJECT-2.0\PJMEDIA\BUILD\OUTPUT\PJMEDIA--WIN32-VC8-DEBUG\ENDPOINT.OBJ
C:\USERS\RPC\DOWNLOADS\PJPROJECT-2.0\PJMEDIA\BUILD\OUTPUT\PJMEDIA--WIN32-VC8-DEBUG\ENDPOINT.SBR
C:\USERS\RPC\DOWNLOADS\PJPROJECT-2.0\PJMEDIA\BUILD\OUTPUT\PJMEDIA--WIN32-VC8-DEBUG\ERRNO.OBJ
C:\USERS\RPC\DOWNLOADS\PJPROJECT-2.0\PJMEDIA\BUILD\OUTPUT\PJMEDIA--WIN32-VC8-DEBUG\ERRNO.SBR
C:\USERS\RPC\DOWNLOADS\PJPROJECT-2.0\PJMEDIA\BUILD\OUTPUT\PJMEDIA--WIN32-VC8-DEBUG\EVENT.OBJ
C:\USERS\RPC\DOWNLOADS\PJPROJECT-2.0\PJMEDIA\BUILD\OUTPUT\PJMEDIA--WIN32-VC8-DEBUG\EVENT.SBR
C:\USERS\RPC\DOWNLOADS\PJPROJECT-2.0\PJMEDIA\BUILD\OUTPUT\PJMEDIA--WIN32-VC8-DEBUG\FFMPEG_UTIL.OBJ
C:\USERS\RPC\DOWNLOADS\PJPROJECT-2.0\PJMEDIA\BUILD\OUTPUT\PJMEDIA--WIN32-VC8-DEBUG\FFMPEG_UTIL.SBR
C:\USERS\RPC\DOWNLOADS\PJPROJECT-2.0\PJMEDIA\BUILD\OUTPUT\PJMEDIA--WIN32-VC8-DEBUG\FORMAT.OBJ
C:\USERS\RPC\DOWNLOADS\PJPROJECT-2.0\PJMEDIA\BUILD\OUTPUT\PJMEDIA--WIN32-VC8-DEBUG\FORMAT.SBR
C:\USERS\RPC\DOWNLOADS\PJPROJECT-2.0\PJMEDIA\BUILD\OUTPUT\PJMEDIA--WIN32-VC8-DEBUG\G711.OBJ
C:\USERS\RPC\DOWNLOADS\PJPROJECT-2.0\PJMEDIA\BUILD\OUTPUT\PJMEDIA--WIN32-VC8-DEBUG\G711.SBR
C:\USERS\RPC\DOWNLOADS\PJPROJECT-2.0\PJMEDIA\BUILD\OUTPUT\PJMEDIA--WIN32-VC8-DEBUG\JBUF.OBJ
C:\USERS\RPC\DOWNLOADS\PJPROJECT-2.0\PJMEDIA\BUILD\OUTPUT\PJMEDIA--WIN32-VC8-DEBUG\JBUF.SBR
C:\USERS\RPC\DOWNLOADS\PJPROJECT-2.0\PJMEDIA\BUILD\OUTPUT\PJMEDIA--WIN32-VC8-DEBUG\MASTER_PORT.OBJ
C:\USERS\RPC\DOWNLOADS\PJPROJECT-2.0\PJMEDIA\BUILD\OUTPUT\PJMEDIA--WIN32-VC8-DEBUG\MASTER_PORT.SBR
C:\USERS\RPC\DOWNLOADS\PJPROJECT-2.0\PJMEDIA\BUILD\OUTPUT\PJMEDIA--WIN32-VC8-DEBUG\MEM_CAPTURE.OBJ
C:\USERS\RPC\DOWNLOADS\PJPROJECT-2.0\PJMEDIA\BUILD\OUTPUT\PJMEDIA--WIN32-VC8-DEBUG\MEM_CAPTURE.SBR
C:\USERS\RPC\DOWNLOADS\PJPROJECT-2.0\PJMEDIA\BUILD\OUTPUT\PJMEDIA--WIN32-VC8-DEBUG\MEM_PLAYER.OBJ
C:\USERS\RPC\DOWNLOADS\PJPROJECT-2.0\PJMEDIA\BUILD\OUTPUT\PJMEDIA--WIN32-VC8-DEBUG\MEM_PLAYER.SBR
C:\USERS\RPC\DOWNLOADS\PJPROJECT-2.0\PJMEDIA\BUILD\OUTPUT\PJMEDIA--WIN32-VC8-DEBUG\NULL_PORT.OBJ
C:\USERS\RPC\DOWNLOADS\PJPROJECT-2.0\PJMEDIA\BUILD\OUTPUT\PJMEDIA--WIN32-VC8-DEBUG\NULL_PORT.SBR
C:\USERS\RPC\DOWNLOADS\PJPROJECT-2.0\PJMEDIA\BUILD\OUTPUT\PJMEDIA--WIN32-VC8-DEBUG\PJMEDIA.BSC
C:\USERS\RPC\DOWNLOADS\PJPROJECT-2.0\PJMEDIA\BUILD\OUTPUT\PJMEDIA--WIN32-VC8-DEBUG\PLC_COMMON.OBJ
C:\USERS\RPC\DOWNLOADS\PJPROJECT-2.0\PJMEDIA\BUILD\OUTPUT\PJMEDIA--WIN32-VC8-DEBUG\PLC_COMMON.SBR
C:\USERS\RPC\DOWNLOADS\PJPROJECT-2.0\PJMEDIA\BUILD\OUTPUT\PJMEDIA--WIN32-VC8-DEBUG\PORT.OBJ
C:\USERS\RPC\DOWNLOADS\PJPROJECT-2.0\PJMEDIA\BUILD\OUTPUT\PJMEDIA--WIN32-VC8-DEBUG\PORT.SBR
C:\USERS\RPC\DOWNLOADS\PJPROJECT-2.0\PJMEDIA\BUILD\OUTPUT\PJMEDIA--WIN32-VC8-DEBUG\RESAMPLE_LIBSAMPLERATE.OBJ
C:\USERS\RPC\DOWNLOADS\PJPROJECT-2.0\PJMEDIA\BUILD\OUTPUT\PJMEDIA--WIN32-VC8-DEBUG\RESAMPLE_LIBSAMPLERATE.SBR
C:\USERS\RPC\DOWNLOADS\PJPROJECT-2.0\PJMEDIA\BUILD\OUTPUT\PJMEDIA--WIN32-VC8-DEBUG\RESAMPLE_PORT.OBJ
C:\USERS\RPC\DOWNLOADS\PJPROJECT-2.0\PJMEDIA\BUILD\OUTPUT\PJMEDIA--WIN32-VC8-DEBUG\RESAMPLE_PORT.SBR
C:\USERS\RPC\DOWNLOADS\PJPROJECT-2.0\PJMEDIA\BUILD\OUTPUT\PJMEDIA--WIN32-VC8-DEBUG\RESAMPLE_RESAMPLE.OBJ
C:\USERS\RPC\DOWNLOADS\PJPROJECT-2.0\PJMEDIA\BUILD\OUTPUT\PJMEDIA--WIN32-VC8-DEBUG\RESAMPLE_RESAMPLE.SBR
C:\USERS\RPC\DOWNLOADS\PJPROJECT-2.0\PJMEDIA\BUILD\OUTPUT\PJMEDIA--WIN32-VC8-DEBUG\RESAMPLE_SPEEX.OBJ
C:\USERS\RPC\DOWNLOADS\PJPROJECT-2.0\PJMEDIA\BUILD\OUTPUT\PJMEDIA--WIN32-VC8-DEBUG\RESAMPLE_SPEEX.SBR
C:\USERS\RPC\DOWNLOADS\PJPROJECT-2.0\PJMEDIA\BUILD\OUTPUT\PJMEDIA--WIN32-VC8-DEBUG\RTCP.OBJ
C:\USERS\RPC\DOWNLOADS\PJPROJECT-2.0\PJMEDIA\BUILD\OUTPUT\PJMEDIA--WIN32-VC8-DEBUG\RTCP.SBR
C:\USERS\RPC\DOWNLOADS\PJPROJECT-2.0\PJMEDIA\BUILD\OUTPUT\PJMEDIA--WIN32-VC8-DEBUG\RTCP_XR.OBJ
C:\USERS\RPC\DOWNLOADS\PJPROJECT-2.0\PJMEDIA\BUILD\OUTPUT\PJMEDIA--WIN32-VC8-DEBUG\RTCP_XR.SBR
C:\USERS\RPC\DOWNLOADS\PJPROJECT-2.0\PJMEDIA\BUILD\OUTPUT\PJMEDIA--WIN32-VC8-DEBUG\RTP.OBJ
C:\USERS\RPC\DOWNLOADS\PJPROJECT-2.0\PJMEDIA\BUILD\OUTPUT\PJMEDIA--WIN32-VC8-DEBUG\RTP.SBR
C:\USERS\RPC\DOWNLOADS\PJPROJECT-2.0\PJMEDIA\BUILD\OUTPUT\PJMEDIA--WIN32-VC8-DEBUG\SDP.OBJ
C:\USERS\RPC\DOWNLOADS\PJPROJECT-2.0\PJMEDIA\BUILD\OUTPUT\PJMEDIA--WIN32-VC8-DEBUG\SDP.SBR
C:\USERS\RPC\DOWNLOADS\PJPROJECT-2.0\PJMEDIA\BUILD\OUTPUT\PJMEDIA--WIN32-VC8-DEBUG\SDP_CMP.OBJ
C:\USERS\RPC\DOWNLOADS\PJPROJECT-2.0\PJMEDIA\BUILD\OUTPUT\PJMEDIA--WIN32-VC8-DEBUG\SDP_CMP.SBR
C:\USERS\RPC\DOWNLOADS\PJPROJECT-2.0\PJMEDIA\BUILD\OUTPUT\PJMEDIA--WIN32-VC8-DEBUG\SDP_NEG.OBJ
C:\USERS\RPC\DOWNLOADS\PJPROJECT-2.0\PJMEDIA\BUILD\OUTPUT\PJMEDIA--WIN32-VC8-DEBUG\SDP_NEG.SBR
C:\USERS\RPC\DOWNLOADS\PJPROJECT-2.0\PJMEDIA\BUILD\OUTPUT\PJMEDIA--WIN32-VC8-DEBUG\SILENCEDET.OBJ
C:\USERS\RPC\DOWNLOADS\PJPROJECT-2.0\PJMEDIA\BUILD\OUTPUT\PJMEDIA--WIN32-VC8-DEBUG\SILENCEDET.SBR
C:\USERS\RPC\DOWNLOADS\PJPROJECT-2.0\PJMEDIA\BUILD\OUTPUT\PJMEDIA--WIN32-VC8-DEBUG\SOUND_LEGACY.OBJ
C:\USERS\RPC\DOWNLOADS\PJPROJECT-2.0\PJMEDIA\BUILD\OUTPUT\PJMEDIA--WIN32-VC8-DEBUG\SOUND_LEGACY.SBR
C:\USERS\RPC\DOWNLOADS\PJPROJECT-2.0\PJMEDIA\BUILD\OUTPUT\PJMEDIA--WIN32-VC8-DEBUG\SOUND_PORT.OBJ
C:\USERS\RPC\DOWNLOADS\PJPROJECT-2.0\PJMEDIA\BUILD\OUTPUT\PJMEDIA--WIN32-VC8-DEBUG\SOUND_PORT.SBR
C:\USERS\RPC\DOWNLOADS\PJPROJECT-2.0\PJMEDIA\BUILD\OUTPUT\PJMEDIA--WIN32-VC8-DEBUG\SPLITCOMB.OBJ
C:\USERS\RPC\DOWNLOADS\PJPROJECT-2.0\PJMEDIA\BUILD\OUTPUT\PJMEDIA--WIN32-VC8-DEBUG\SPLITCOMB.SBR
C:\USERS\RPC\DOWNLOADS\PJPROJECT-2.0\PJMEDIA\BUILD\OUTPUT\PJMEDIA--WIN32-VC8-DEBUG\STEREO_PORT.OBJ
C:\USERS\RPC\DOWNLOADS\PJPROJECT-2.0\PJMEDIA\BUILD\OUTPUT\PJMEDIA--WIN32-VC8-DEBUG\STEREO_PORT.SBR
C:\USERS\RPC\DOWNLOADS\PJPROJECT-2.0\PJMEDIA\BUILD\OUTPUT\PJMEDIA--WIN32-VC8-DEBUG\STREAM.OBJ
C:\USERS\RPC\DOWNLOADS\PJPROJECT-2.0\PJMEDIA\BUILD\OUTPUT\PJMEDIA--WIN32-VC8-DEBUG\STREAM.SBR
C:\USERS\RPC\DOWNLOADS\PJPROJECT-2.0\PJMEDIA\BUILD\OUTPUT\PJMEDIA--WIN32-VC8-DEBUG\STREAM_COMMON.OBJ
C:\USERS\RPC\DOWNLOADS\PJPROJECT-2.0\PJMEDIA\BUILD\OUTPUT\PJMEDIA--WIN32-VC8-DEBUG\STREAM_COMMON.SBR
C:\USERS\RPC\DOWNLOADS\PJPROJECT-2.0\PJMEDIA\BUILD\OUTPUT\PJMEDIA--WIN32-VC8-DEBUG\STREAM_INFO.OBJ
C:\USERS\RPC\DOWNLOADS\PJPROJECT-2.0\PJMEDIA\BUILD\OUTPUT\PJMEDIA--WIN32-VC8-DEBUG\STREAM_INFO.SBR
C:\USERS\RPC\DOWNLOADS\PJPROJECT-2.0\PJMEDIA\BUILD\OUTPUT\PJMEDIA--WIN32-VC8-DEBUG\TONEGEN.OBJ
C:\USERS\RPC\DOWNLOADS\PJPROJECT-2.0\PJMEDIA\BUILD\OUTPUT\PJMEDIA--WIN32-VC8-DEBUG\TONEGEN.SBR
C:\USERS\RPC\DOWNLOADS\PJPROJECT-2.0\PJMEDIA\BUILD\OUTPUT\PJMEDIA--WIN32-VC8-DEBUG\TRANSPORT_ADAPTER_SAMPLE.OBJ
C:\USERS\RPC\DOWNLOADS\PJPROJECT-2.0\PJMEDIA\BUILD\OUTPUT\PJMEDIA--WIN32-VC8-DEBUG\TRANSPORT_ADAPTER_SAMPLE.SBR
C:\USERS\RPC\DOWNLOADS\PJPROJECT-2.0\PJMEDIA\BUILD\OUTPUT\PJMEDIA--WIN32-VC8-DEBUG\TRANSPORT_ICE.OBJ
C:\USERS\RPC\DOWNLOADS\PJPROJECT-2.0\PJMEDIA\BUILD\OUTPUT\PJMEDIA--WIN32-VC8-DEBUG\TRANSPORT_ICE.SBR
C:\USERS\RPC\DOWNLOADS\PJPROJECT-2.0\PJMEDIA\BUILD\OUTPUT\PJMEDIA--WIN32-VC8-DEBUG\TRANSPORT_LOOP.OBJ
C:\USERS\RPC\DOWNLOADS\PJPROJECT-2.0\PJMEDIA\BUILD\OUTPUT\PJMEDIA--WIN32-VC8-DEBUG\TRANSPORT_LOOP.SBR
C:\USERS\RPC\DOWNLOADS\PJPROJECT-2.0\PJMEDIA\BUILD\OUTPUT\PJMEDIA--WIN32-VC8-DEBUG\TRANSPORT_SRTP.OBJ
C:\USERS\RPC\DOWNLOADS\PJPROJECT-2.0\PJMEDIA\BUILD\OUTPUT\PJMEDIA--WIN32-VC8-DEBUG\TRANSPORT_SRTP.SBR
C:\USERS\RPC\DOWNLOADS\PJPROJECT-2.0\PJMEDIA\BUILD\OUTPUT\PJMEDIA--WIN32-VC8-DEBUG\TRANSPORT_UDP.OBJ
C:\USERS\RPC\DOWNLOADS\PJPROJECT-2.0\PJMEDIA\BUILD\OUTPUT\PJMEDIA--WIN32-VC8-DEBUG\TRANSPORT_UDP.SBR
C:\USERS\RPC\DOWNLOADS\PJPROJECT-2.0\PJMEDIA\BUILD\OUTPUT\PJMEDIA--WIN32-VC8-DEBUG\TYPES.OBJ
C:\USERS\RPC\DOWNLOADS\PJPROJECT-2.0\PJMEDIA\BUILD\OUTPUT\PJMEDIA--WIN32-VC8-DEBUG\TYPES.SBR
C:\USERS\RPC\DOWNLOADS\PJPROJECT-2.0\PJMEDIA\BUILD\OUTPUT\PJMEDIA--WIN32-VC8-DEBUG\VC100.PDB
C:\USERS\RPC\DOWNLOADS\PJPROJECT-2.0\PJMEDIA\BUILD\OUTPUT\PJMEDIA--WIN32-VC8-DEBUG\VID_CODEC.OBJ
C:\USERS\RPC\DOWNLOADS\PJPROJECT-2.0\PJMEDIA\BUILD\OUTPUT\PJMEDIA--WIN32-VC8-DEBUG\VID_CODEC.SBR
C:\USERS\RPC\DOWNLOADS\PJPROJECT-2.0\PJMEDIA\BUILD\OUTPUT\PJMEDIA--WIN32-VC8-DEBUG\VID_CODEC_UTIL.OBJ
C:\USERS\RPC\DOWNLOADS\PJPROJECT-2.0\PJMEDIA\BUILD\OUTPUT\PJMEDIA--WIN32-VC8-DEBUG\VID_CODEC_UTIL.SBR
C:\USERS\RPC\DOWNLOADS\PJPROJECT-2.0\PJMEDIA\BUILD\OUTPUT\PJMEDIA--WIN32-VC8-DEBUG\VID_PORT.OBJ
C:\USERS\RPC\DOWNLOADS\PJPROJECT-2.0\PJMEDIA\BUILD\OUTPUT\PJMEDIA--WIN32-VC8-DEBUG\VID_PORT.SBR
C:\USERS\RPC\DOWNLOADS\PJPROJECT-2.0\PJMEDIA\BUILD\OUTPUT\PJMEDIA--WIN32-VC8-DEBUG\VID_STREAM.OBJ
C:\USERS\RPC\DOWNLOADS\PJPROJECT-2.0\PJMEDIA\BUILD\OUTPUT\PJMEDIA--WIN32-VC8-DEBUG\VID_STREAM.SBR
C:\USERS\RPC\DOWNLOADS\PJPROJECT-2.0\PJMEDIA\BUILD\OUTPUT\PJMEDIA--WIN32-VC8-DEBUG\VID_STREAM_INFO.OBJ
C:\USERS\RPC\DOWNLOADS\PJPROJECT-2.0\PJMEDIA\BUILD\OUTPUT\PJMEDIA--WIN32-VC8-DEBUG\VID_STREAM_INFO.SBR
C:\USERS\RPC\DOWNLOADS\PJPROJECT-2.0\PJMEDIA\BUILD\OUTPUT\PJMEDIA--WIN32-VC8-DEBUG\VID_TEE.OBJ
C:\USERS\RPC\DOWNLOADS\PJPROJECT-2.0\PJMEDIA\BUILD\OUTPUT\PJMEDIA--WIN32-VC8-DEBUG\VID_TEE.SBR
C:\USERS\RPC\DOWNLOADS\PJPROJECT-2.0\PJMEDIA\BUILD\OUTPUT\PJMEDIA--WIN32-VC8-DEBUG\WAV_PLAYER.OBJ
C:\USERS\RPC\DOWNLOADS\PJPROJECT-2.0\PJMEDIA\BUILD\OUTPUT\PJMEDIA--WIN32-VC8-DEBUG\WAV_PLAYER.SBR
C:\USERS\RPC\DOWNLOADS\PJPROJECT-2.0\PJMEDIA\BUILD\OUTPUT\PJMEDIA--WIN32-VC8-DEBUG\WAV_PLAYLIST.OBJ
C:\USERS\RPC\DOWNLOADS\PJPROJECT-2.0\PJMEDIA\BUILD\OUTPUT\PJMEDIA--WIN32-VC8-DEBUG\WAV_PLAYLIST.SBR
C:\USERS\RPC\DOWNLOADS\PJPROJECT-2.0\PJMEDIA\BUILD\OUTPUT\PJMEDIA--WIN32-VC8-DEBUG\WAV_WRITER.OBJ
C:\USERS\RPC\DOWNLOADS\PJPROJECT-2.0\PJMEDIA\BUILD\OUTPUT\PJMEDIA--WIN32-VC8-DEBUG\WAV_WRITER.SBR
C:\USERS\RPC\DOWNLOADS\PJPROJECT-2.0\PJMEDIA\BUILD\OUTPUT\PJMEDIA--WIN32-VC8-DEBUG\WAVE.OBJ
C:\USERS\RPC\DOWNLOADS\PJPROJECT-2.0\PJMEDIA\BUILD\OUTPUT\PJMEDIA--WIN32-VC8-DEBUG\WAVE.SBR
C:\USERS\RPC\DOWNLOADS\PJPROJECT-2.0\PJMEDIA\BUILD\OUTPUT\PJMEDIA--WIN32-VC8-DEBUG\WSOLA.OBJ
C:\USERS\RPC\DOWNLOADS\PJPROJECT-2.0\PJMEDIA\BUILD\OUTPUT\PJMEDIA--WIN32-VC8-DEBUG\WSOLA.SBR
C:\USERS\RPC\DOWNLOADS\PJPROJECT-2.0\PJMEDIA\LIB\PJMEDIA-I386-WIN32-VC8-DEBUG.LIB
