.\output\libpjproject--Win32-vc8-Debug\libpjproject.bsc
C:\temp\git\third-party\pjsip\pjproject-2.0.1-win\pjsip-apps\build\output\libpjproject--Win32-vc8-Debug\BscMake.command.1.tlog
C:\temp\git\third-party\pjsip\pjproject-2.0.1-win\pjsip-apps\build\output\libpjproject--Win32-vc8-Debug\bscmake.read.1.tlog
C:\temp\git\third-party\pjsip\pjproject-2.0.1-win\pjsip-apps\build\output\libpjproject--Win32-vc8-Debug\bscmake.write.1.tlog
C:\temp\git\third-party\pjsip\pjproject-2.0.1-win\pjsip-apps\build\output\libpjproject--Win32-vc8-Debug\cl.command.1.tlog
C:\temp\git\third-party\pjsip\pjproject-2.0.1-win\pjsip-apps\build\output\libpjproject--Win32-vc8-Debug\CL.read.1.tlog
C:\temp\git\third-party\pjsip\pjproject-2.0.1-win\pjsip-apps\build\output\libpjproject--Win32-vc8-Debug\CL.write.1.tlog
C:\temp\git\third-party\pjsip\pjproject-2.0.1-win\pjsip-apps\build\output\libpjproject--Win32-vc8-Debug\dummy.obj
C:\temp\git\third-party\pjsip\pjproject-2.0.1-win\pjsip-apps\build\output\libpjproject--Win32-vc8-Debug\dummy.sbr
C:\temp\git\third-party\pjsip\pjproject-2.0.1-win\pjsip-apps\build\output\libpjproject--Win32-vc8-Debug\lib.command.1.tlog
C:\temp\git\third-party\pjsip\pjproject-2.0.1-win\pjsip-apps\build\output\libpjproject--Win32-vc8-Debug\Lib-link.read.1.tlog
C:\temp\git\third-party\pjsip\pjproject-2.0.1-win\pjsip-apps\build\output\libpjproject--Win32-vc8-Debug\Lib-link.write.1.tlog
C:\temp\git\third-party\pjsip\pjproject-2.0.1-win\pjsip-apps\build\output\libpjproject--Win32-vc8-Debug\libpjproject.bsc
C:\temp\git\third-party\pjsip\pjproject-2.0.1-win\pjsip-apps\build\output\libpjproject--Win32-vc8-Debug\libpjproject.write.1.tlog
C:\temp\git\third-party\pjsip\pjproject-2.0.1-win\pjsip-apps\build\output\libpjproject--Win32-vc8-Debug\vc100.idb
C:\temp\git\third-party\pjsip\pjproject-2.0.1-win\pjsip-apps\build\output\libpjproject--Win32-vc8-Debug\vc100.pdb
C:\USERS\RPC\DOWNLOADS\PJPROJECT-2.0\LIB\LIBPJPROJECT-I386-WIN32-VC8-DEBUG.LIB
C:\USERS\RPC\DOWNLOADS\PJPROJECT-2.0\PJSIP-APPS\BUILD\OUTPUT\LIBPJPROJECT--WIN32-VC8-DEBUG\DUMMY.OBJ
C:\USERS\RPC\DOWNLOADS\PJPROJECT-2.0\PJSIP-APPS\BUILD\OUTPUT\LIBPJPROJECT--WIN32-VC8-DEBUG\DUMMY.SBR
C:\USERS\RPC\DOWNLOADS\PJPROJECT-2.0\PJSIP-APPS\BUILD\OUTPUT\LIBPJPROJECT--WIN32-VC8-DEBUG\LIBPJPROJECT.BSC
C:\USERS\RPC\DOWNLOADS\PJPROJECT-2.0\PJSIP-APPS\BUILD\OUTPUT\LIBPJPROJECT--WIN32-VC8-DEBUG\VC100.PDB
