.\output\pjsua_lib--Win32-vc8-Debug\pjsua_lib.bsc
C:\temp\git\third-party\pjsip\pjproject-2.0.1-win\pjsip\build\output\pjsua_lib--Win32-vc8-Debug\BscMake.command.1.tlog
C:\temp\git\third-party\pjsip\pjproject-2.0.1-win\pjsip\build\output\pjsua_lib--Win32-vc8-Debug\bscmake.read.1.tlog
C:\temp\git\third-party\pjsip\pjproject-2.0.1-win\pjsip\build\output\pjsua_lib--Win32-vc8-Debug\bscmake.write.1.tlog
C:\temp\git\third-party\pjsip\pjproject-2.0.1-win\pjsip\build\output\pjsua_lib--Win32-vc8-Debug\cl.command.1.tlog
C:\temp\git\third-party\pjsip\pjproject-2.0.1-win\pjsip\build\output\pjsua_lib--Win32-vc8-Debug\CL.read.1.tlog
C:\temp\git\third-party\pjsip\pjproject-2.0.1-win\pjsip\build\output\pjsua_lib--Win32-vc8-Debug\CL.write.1.tlog
C:\temp\git\third-party\pjsip\pjproject-2.0.1-win\pjsip\build\output\pjsua_lib--Win32-vc8-Debug\lib.command.1.tlog
C:\temp\git\third-party\pjsip\pjproject-2.0.1-win\pjsip\build\output\pjsua_lib--Win32-vc8-Debug\Lib-link.read.1.tlog
C:\temp\git\third-party\pjsip\pjproject-2.0.1-win\pjsip\build\output\pjsua_lib--Win32-vc8-Debug\Lib-link.write.1.tlog
C:\temp\git\third-party\pjsip\pjproject-2.0.1-win\pjsip\build\output\pjsua_lib--Win32-vc8-Debug\pjsua_acc.obj
C:\temp\git\third-party\pjsip\pjproject-2.0.1-win\pjsip\build\output\pjsua_lib--Win32-vc8-Debug\pjsua_acc.sbr
C:\temp\git\third-party\pjsip\pjproject-2.0.1-win\pjsip\build\output\pjsua_lib--Win32-vc8-Debug\pjsua_aud.obj
C:\temp\git\third-party\pjsip\pjproject-2.0.1-win\pjsip\build\output\pjsua_lib--Win32-vc8-Debug\pjsua_aud.sbr
C:\temp\git\third-party\pjsip\pjproject-2.0.1-win\pjsip\build\output\pjsua_lib--Win32-vc8-Debug\pjsua_call.obj
C:\temp\git\third-party\pjsip\pjproject-2.0.1-win\pjsip\build\output\pjsua_lib--Win32-vc8-Debug\pjsua_call.sbr
C:\temp\git\third-party\pjsip\pjproject-2.0.1-win\pjsip\build\output\pjsua_lib--Win32-vc8-Debug\pjsua_core.obj
C:\temp\git\third-party\pjsip\pjproject-2.0.1-win\pjsip\build\output\pjsua_lib--Win32-vc8-Debug\pjsua_core.sbr
C:\temp\git\third-party\pjsip\pjproject-2.0.1-win\pjsip\build\output\pjsua_lib--Win32-vc8-Debug\pjsua_dump.obj
C:\temp\git\third-party\pjsip\pjproject-2.0.1-win\pjsip\build\output\pjsua_lib--Win32-vc8-Debug\pjsua_dump.sbr
C:\temp\git\third-party\pjsip\pjproject-2.0.1-win\pjsip\build\output\pjsua_lib--Win32-vc8-Debug\pjsua_im.obj
C:\temp\git\third-party\pjsip\pjproject-2.0.1-win\pjsip\build\output\pjsua_lib--Win32-vc8-Debug\pjsua_im.sbr
C:\temp\git\third-party\pjsip\pjproject-2.0.1-win\pjsip\build\output\pjsua_lib--Win32-vc8-Debug\pjsua_lib.bsc
C:\temp\git\third-party\pjsip\pjproject-2.0.1-win\pjsip\build\output\pjsua_lib--Win32-vc8-Debug\pjsua_media.obj
C:\temp\git\third-party\pjsip\pjproject-2.0.1-win\pjsip\build\output\pjsua_lib--Win32-vc8-Debug\pjsua_media.sbr
C:\temp\git\third-party\pjsip\pjproject-2.0.1-win\pjsip\build\output\pjsua_lib--Win32-vc8-Debug\pjsua_pres.obj
C:\temp\git\third-party\pjsip\pjproject-2.0.1-win\pjsip\build\output\pjsua_lib--Win32-vc8-Debug\pjsua_pres.sbr
C:\temp\git\third-party\pjsip\pjproject-2.0.1-win\pjsip\build\output\pjsua_lib--Win32-vc8-Debug\pjsua_vid.obj
C:\temp\git\third-party\pjsip\pjproject-2.0.1-win\pjsip\build\output\pjsua_lib--Win32-vc8-Debug\pjsua_vid.sbr
C:\temp\git\third-party\pjsip\pjproject-2.0.1-win\pjsip\build\output\pjsua_lib--Win32-vc8-Debug\vc100.idb
C:\temp\git\third-party\pjsip\pjproject-2.0.1-win\pjsip\build\output\pjsua_lib--Win32-vc8-Debug\vc100.pdb
C:\USERS\RPC\DOWNLOADS\PJPROJECT-2.0\PJSIP\BUILD\OUTPUT\PJSUA_LIB--WIN32-VC8-DEBUG\PJSUA_ACC.OBJ
C:\USERS\RPC\DOWNLOADS\PJPROJECT-2.0\PJSIP\BUILD\OUTPUT\PJSUA_LIB--WIN32-VC8-DEBUG\PJSUA_ACC.SBR
C:\USERS\RPC\DOWNLOADS\PJPROJECT-2.0\PJSIP\BUILD\OUTPUT\PJSUA_LIB--WIN32-VC8-DEBUG\PJSUA_AUD.OBJ
C:\USERS\RPC\DOWNLOADS\PJPROJECT-2.0\PJSIP\BUILD\OUTPUT\PJSUA_LIB--WIN32-VC8-DEBUG\PJSUA_AUD.SBR
C:\USERS\RPC\DOWNLOADS\PJPROJECT-2.0\PJSIP\BUILD\OUTPUT\PJSUA_LIB--WIN32-VC8-DEBUG\PJSUA_CALL.OBJ
C:\USERS\RPC\DOWNLOADS\PJPROJECT-2.0\PJSIP\BUILD\OUTPUT\PJSUA_LIB--WIN32-VC8-DEBUG\PJSUA_CALL.SBR
C:\USERS\RPC\DOWNLOADS\PJPROJECT-2.0\PJSIP\BUILD\OUTPUT\PJSUA_LIB--WIN32-VC8-DEBUG\PJSUA_CORE.OBJ
C:\USERS\RPC\DOWNLOADS\PJPROJECT-2.0\PJSIP\BUILD\OUTPUT\PJSUA_LIB--WIN32-VC8-DEBUG\PJSUA_CORE.SBR
C:\USERS\RPC\DOWNLOADS\PJPROJECT-2.0\PJSIP\BUILD\OUTPUT\PJSUA_LIB--WIN32-VC8-DEBUG\PJSUA_DUMP.OBJ
C:\USERS\RPC\DOWNLOADS\PJPROJECT-2.0\PJSIP\BUILD\OUTPUT\PJSUA_LIB--WIN32-VC8-DEBUG\PJSUA_DUMP.SBR
C:\USERS\RPC\DOWNLOADS\PJPROJECT-2.0\PJSIP\BUILD\OUTPUT\PJSUA_LIB--WIN32-VC8-DEBUG\PJSUA_IM.OBJ
C:\USERS\RPC\DOWNLOADS\PJPROJECT-2.0\PJSIP\BUILD\OUTPUT\PJSUA_LIB--WIN32-VC8-DEBUG\PJSUA_IM.SBR
C:\USERS\RPC\DOWNLOADS\PJPROJECT-2.0\PJSIP\BUILD\OUTPUT\PJSUA_LIB--WIN32-VC8-DEBUG\PJSUA_LIB.BSC
C:\USERS\RPC\DOWNLOADS\PJPROJECT-2.0\PJSIP\BUILD\OUTPUT\PJSUA_LIB--WIN32-VC8-DEBUG\PJSUA_MEDIA.OBJ
C:\USERS\RPC\DOWNLOADS\PJPROJECT-2.0\PJSIP\BUILD\OUTPUT\PJSUA_LIB--WIN32-VC8-DEBUG\PJSUA_MEDIA.SBR
C:\USERS\RPC\DOWNLOADS\PJPROJECT-2.0\PJSIP\BUILD\OUTPUT\PJSUA_LIB--WIN32-VC8-DEBUG\PJSUA_PRES.OBJ
C:\USERS\RPC\DOWNLOADS\PJPROJECT-2.0\PJSIP\BUILD\OUTPUT\PJSUA_LIB--WIN32-VC8-DEBUG\PJSUA_PRES.SBR
C:\USERS\RPC\DOWNLOADS\PJPROJECT-2.0\PJSIP\BUILD\OUTPUT\PJSUA_LIB--WIN32-VC8-DEBUG\PJSUA_VID.OBJ
C:\USERS\RPC\DOWNLOADS\PJPROJECT-2.0\PJSIP\BUILD\OUTPUT\PJSUA_LIB--WIN32-VC8-DEBUG\PJSUA_VID.SBR
C:\USERS\RPC\DOWNLOADS\PJPROJECT-2.0\PJSIP\BUILD\OUTPUT\PJSUA_LIB--WIN32-VC8-DEBUG\VC100.PDB
C:\USERS\RPC\DOWNLOADS\PJPROJECT-2.0\PJSIP\LIB\PJSUA-LIB-I386-WIN32-VC8-DEBUG.LIB
