.\output\pjsip_simple--Win32-vc8-Debug\pjsip_simple.bsc
C:\temp\git\third-party\pjsip\pjproject-2.0.1-win\pjsip\build\output\pjsip_simple--Win32-vc8-Debug\BscMake.command.1.tlog
C:\temp\git\third-party\pjsip\pjproject-2.0.1-win\pjsip\build\output\pjsip_simple--Win32-vc8-Debug\bscmake.read.1.tlog
C:\temp\git\third-party\pjsip\pjproject-2.0.1-win\pjsip\build\output\pjsip_simple--Win32-vc8-Debug\bscmake.write.1.tlog
C:\temp\git\third-party\pjsip\pjproject-2.0.1-win\pjsip\build\output\pjsip_simple--Win32-vc8-Debug\cl.command.1.tlog
C:\temp\git\third-party\pjsip\pjproject-2.0.1-win\pjsip\build\output\pjsip_simple--Win32-vc8-Debug\CL.read.1.tlog
C:\temp\git\third-party\pjsip\pjproject-2.0.1-win\pjsip\build\output\pjsip_simple--Win32-vc8-Debug\CL.write.1.tlog
C:\temp\git\third-party\pjsip\pjproject-2.0.1-win\pjsip\build\output\pjsip_simple--Win32-vc8-Debug\errno.obj
C:\temp\git\third-party\pjsip\pjproject-2.0.1-win\pjsip\build\output\pjsip_simple--Win32-vc8-Debug\errno.sbr
C:\temp\git\third-party\pjsip\pjproject-2.0.1-win\pjsip\build\output\pjsip_simple--Win32-vc8-Debug\evsub.obj
C:\temp\git\third-party\pjsip\pjproject-2.0.1-win\pjsip\build\output\pjsip_simple--Win32-vc8-Debug\evsub.sbr
C:\temp\git\third-party\pjsip\pjproject-2.0.1-win\pjsip\build\output\pjsip_simple--Win32-vc8-Debug\evsub_msg.obj
C:\temp\git\third-party\pjsip\pjproject-2.0.1-win\pjsip\build\output\pjsip_simple--Win32-vc8-Debug\evsub_msg.sbr
C:\temp\git\third-party\pjsip\pjproject-2.0.1-win\pjsip\build\output\pjsip_simple--Win32-vc8-Debug\iscomposing.obj
C:\temp\git\third-party\pjsip\pjproject-2.0.1-win\pjsip\build\output\pjsip_simple--Win32-vc8-Debug\iscomposing.sbr
C:\temp\git\third-party\pjsip\pjproject-2.0.1-win\pjsip\build\output\pjsip_simple--Win32-vc8-Debug\lib.command.1.tlog
C:\temp\git\third-party\pjsip\pjproject-2.0.1-win\pjsip\build\output\pjsip_simple--Win32-vc8-Debug\Lib-link.read.1.tlog
C:\temp\git\third-party\pjsip\pjproject-2.0.1-win\pjsip\build\output\pjsip_simple--Win32-vc8-Debug\Lib-link.write.1.tlog
C:\temp\git\third-party\pjsip\pjproject-2.0.1-win\pjsip\build\output\pjsip_simple--Win32-vc8-Debug\mwi.obj
C:\temp\git\third-party\pjsip\pjproject-2.0.1-win\pjsip\build\output\pjsip_simple--Win32-vc8-Debug\mwi.sbr
C:\temp\git\third-party\pjsip\pjproject-2.0.1-win\pjsip\build\output\pjsip_simple--Win32-vc8-Debug\pidf.obj
C:\temp\git\third-party\pjsip\pjproject-2.0.1-win\pjsip\build\output\pjsip_simple--Win32-vc8-Debug\pidf.sbr
C:\temp\git\third-party\pjsip\pjproject-2.0.1-win\pjsip\build\output\pjsip_simple--Win32-vc8-Debug\pjsip_simple.bsc
C:\temp\git\third-party\pjsip\pjproject-2.0.1-win\pjsip\build\output\pjsip_simple--Win32-vc8-Debug\presence.obj
C:\temp\git\third-party\pjsip\pjproject-2.0.1-win\pjsip\build\output\pjsip_simple--Win32-vc8-Debug\presence.sbr
C:\temp\git\third-party\pjsip\pjproject-2.0.1-win\pjsip\build\output\pjsip_simple--Win32-vc8-Debug\presence_body.obj
C:\temp\git\third-party\pjsip\pjproject-2.0.1-win\pjsip\build\output\pjsip_simple--Win32-vc8-Debug\presence_body.sbr
C:\temp\git\third-party\pjsip\pjproject-2.0.1-win\pjsip\build\output\pjsip_simple--Win32-vc8-Debug\publishc.obj
C:\temp\git\third-party\pjsip\pjproject-2.0.1-win\pjsip\build\output\pjsip_simple--Win32-vc8-Debug\publishc.sbr
C:\temp\git\third-party\pjsip\pjproject-2.0.1-win\pjsip\build\output\pjsip_simple--Win32-vc8-Debug\rpid.obj
C:\temp\git\third-party\pjsip\pjproject-2.0.1-win\pjsip\build\output\pjsip_simple--Win32-vc8-Debug\rpid.sbr
C:\temp\git\third-party\pjsip\pjproject-2.0.1-win\pjsip\build\output\pjsip_simple--Win32-vc8-Debug\vc100.idb
C:\temp\git\third-party\pjsip\pjproject-2.0.1-win\pjsip\build\output\pjsip_simple--Win32-vc8-Debug\vc100.pdb
C:\temp\git\third-party\pjsip\pjproject-2.0.1-win\pjsip\build\output\pjsip_simple--Win32-vc8-Debug\xpidf.obj
C:\temp\git\third-party\pjsip\pjproject-2.0.1-win\pjsip\build\output\pjsip_simple--Win32-vc8-Debug\xpidf.sbr
C:\USERS\RPC\DOWNLOADS\PJPROJECT-2.0\PJSIP\BUILD\OUTPUT\PJSIP_SIMPLE--WIN32-VC8-DEBUG\ERRNO.OBJ
C:\USERS\RPC\DOWNLOADS\PJPROJECT-2.0\PJSIP\BUILD\OUTPUT\PJSIP_SIMPLE--WIN32-VC8-DEBUG\ERRNO.SBR
C:\USERS\RPC\DOWNLOADS\PJPROJECT-2.0\PJSIP\BUILD\OUTPUT\PJSIP_SIMPLE--WIN32-VC8-DEBUG\EVSUB.OBJ
C:\USERS\RPC\DOWNLOADS\PJPROJECT-2.0\PJSIP\BUILD\OUTPUT\PJSIP_SIMPLE--WIN32-VC8-DEBUG\EVSUB.SBR
C:\USERS\RPC\DOWNLOADS\PJPROJECT-2.0\PJSIP\BUILD\OUTPUT\PJSIP_SIMPLE--WIN32-VC8-DEBUG\EVSUB_MSG.OBJ
C:\USERS\RPC\DOWNLOADS\PJPROJECT-2.0\PJSIP\BUILD\OUTPUT\PJSIP_SIMPLE--WIN32-VC8-DEBUG\EVSUB_MSG.SBR
C:\USERS\RPC\DOWNLOADS\PJPROJECT-2.0\PJSIP\BUILD\OUTPUT\PJSIP_SIMPLE--WIN32-VC8-DEBUG\ISCOMPOSING.OBJ
C:\USERS\RPC\DOWNLOADS\PJPROJECT-2.0\PJSIP\BUILD\OUTPUT\PJSIP_SIMPLE--WIN32-VC8-DEBUG\ISCOMPOSING.SBR
C:\USERS\RPC\DOWNLOADS\PJPROJECT-2.0\PJSIP\BUILD\OUTPUT\PJSIP_SIMPLE--WIN32-VC8-DEBUG\MWI.OBJ
C:\USERS\RPC\DOWNLOADS\PJPROJECT-2.0\PJSIP\BUILD\OUTPUT\PJSIP_SIMPLE--WIN32-VC8-DEBUG\MWI.SBR
C:\USERS\RPC\DOWNLOADS\PJPROJECT-2.0\PJSIP\BUILD\OUTPUT\PJSIP_SIMPLE--WIN32-VC8-DEBUG\PIDF.OBJ
C:\USERS\RPC\DOWNLOADS\PJPROJECT-2.0\PJSIP\BUILD\OUTPUT\PJSIP_SIMPLE--WIN32-VC8-DEBUG\PIDF.SBR
C:\USERS\RPC\DOWNLOADS\PJPROJECT-2.0\PJSIP\BUILD\OUTPUT\PJSIP_SIMPLE--WIN32-VC8-DEBUG\PJSIP_SIMPLE.BSC
C:\USERS\RPC\DOWNLOADS\PJPROJECT-2.0\PJSIP\BUILD\OUTPUT\PJSIP_SIMPLE--WIN32-VC8-DEBUG\PRESENCE.OBJ
C:\USERS\RPC\DOWNLOADS\PJPROJECT-2.0\PJSIP\BUILD\OUTPUT\PJSIP_SIMPLE--WIN32-VC8-DEBUG\PRESENCE.SBR
C:\USERS\RPC\DOWNLOADS\PJPROJECT-2.0\PJSIP\BUILD\OUTPUT\PJSIP_SIMPLE--WIN32-VC8-DEBUG\PRESENCE_BODY.OBJ
C:\USERS\RPC\DOWNLOADS\PJPROJECT-2.0\PJSIP\BUILD\OUTPUT\PJSIP_SIMPLE--WIN32-VC8-DEBUG\PRESENCE_BODY.SBR
C:\USERS\RPC\DOWNLOADS\PJPROJECT-2.0\PJSIP\BUILD\OUTPUT\PJSIP_SIMPLE--WIN32-VC8-DEBUG\PUBLISHC.OBJ
C:\USERS\RPC\DOWNLOADS\PJPROJECT-2.0\PJSIP\BUILD\OUTPUT\PJSIP_SIMPLE--WIN32-VC8-DEBUG\PUBLISHC.SBR
C:\USERS\RPC\DOWNLOADS\PJPROJECT-2.0\PJSIP\BUILD\OUTPUT\PJSIP_SIMPLE--WIN32-VC8-DEBUG\RPID.OBJ
C:\USERS\RPC\DOWNLOADS\PJPROJECT-2.0\PJSIP\BUILD\OUTPUT\PJSIP_SIMPLE--WIN32-VC8-DEBUG\RPID.SBR
C:\USERS\RPC\DOWNLOADS\PJPROJECT-2.0\PJSIP\BUILD\OUTPUT\PJSIP_SIMPLE--WIN32-VC8-DEBUG\VC100.PDB
C:\USERS\RPC\DOWNLOADS\PJPROJECT-2.0\PJSIP\BUILD\OUTPUT\PJSIP_SIMPLE--WIN32-VC8-DEBUG\XPIDF.OBJ
C:\USERS\RPC\DOWNLOADS\PJPROJECT-2.0\PJSIP\BUILD\OUTPUT\PJSIP_SIMPLE--WIN32-VC8-DEBUG\XPIDF.SBR
C:\USERS\RPC\DOWNLOADS\PJPROJECT-2.0\PJSIP\LIB\PJSIP-SIMPLE-I386-WIN32-VC8-DEBUG.LIB
