.\output\pjmedia_codec--Win32-vc8-Debug\pjmedia_codec.bsc
C:\temp\git\third-party\pjsip\pjproject-2.0.1-win\pjmedia\build\output\pjmedia_codec--Win32-vc8-Debug\amr_sdp_match.obj
C:\temp\git\third-party\pjsip\pjproject-2.0.1-win\pjmedia\build\output\pjmedia_codec--Win32-vc8-Debug\amr_sdp_match.sbr
C:\temp\git\third-party\pjsip\pjproject-2.0.1-win\pjmedia\build\output\pjmedia_codec--Win32-vc8-Debug\audio_codecs.obj
C:\temp\git\third-party\pjsip\pjproject-2.0.1-win\pjmedia\build\output\pjmedia_codec--Win32-vc8-Debug\audio_codecs.sbr
C:\temp\git\third-party\pjsip\pjproject-2.0.1-win\pjmedia\build\output\pjmedia_codec--Win32-vc8-Debug\BscMake.command.1.tlog
C:\temp\git\third-party\pjsip\pjproject-2.0.1-win\pjmedia\build\output\pjmedia_codec--Win32-vc8-Debug\bscmake.read.1.tlog
C:\temp\git\third-party\pjsip\pjproject-2.0.1-win\pjmedia\build\output\pjmedia_codec--Win32-vc8-Debug\bscmake.write.1.tlog
C:\temp\git\third-party\pjsip\pjproject-2.0.1-win\pjmedia\build\output\pjmedia_codec--Win32-vc8-Debug\cl.command.1.tlog
C:\temp\git\third-party\pjsip\pjproject-2.0.1-win\pjmedia\build\output\pjmedia_codec--Win32-vc8-Debug\CL.read.1.tlog
C:\temp\git\third-party\pjsip\pjproject-2.0.1-win\pjmedia\build\output\pjmedia_codec--Win32-vc8-Debug\CL.write.1.tlog
C:\temp\git\third-party\pjsip\pjproject-2.0.1-win\pjmedia\build\output\pjmedia_codec--Win32-vc8-Debug\ffmpeg_vid_codecs.obj
C:\temp\git\third-party\pjsip\pjproject-2.0.1-win\pjmedia\build\output\pjmedia_codec--Win32-vc8-Debug\ffmpeg_vid_codecs.sbr
C:\temp\git\third-party\pjsip\pjproject-2.0.1-win\pjmedia\build\output\pjmedia_codec--Win32-vc8-Debug\g722.obj
C:\temp\git\third-party\pjsip\pjproject-2.0.1-win\pjmedia\build\output\pjmedia_codec--Win32-vc8-Debug\g722.sbr
C:\temp\git\third-party\pjsip\pjproject-2.0.1-win\pjmedia\build\output\pjmedia_codec--Win32-vc8-Debug\g722_dec.obj
C:\temp\git\third-party\pjsip\pjproject-2.0.1-win\pjmedia\build\output\pjmedia_codec--Win32-vc8-Debug\g722_dec.sbr
C:\temp\git\third-party\pjsip\pjproject-2.0.1-win\pjmedia\build\output\pjmedia_codec--Win32-vc8-Debug\g722_enc.obj
C:\temp\git\third-party\pjsip\pjproject-2.0.1-win\pjmedia\build\output\pjmedia_codec--Win32-vc8-Debug\g722_enc.sbr
C:\temp\git\third-party\pjsip\pjproject-2.0.1-win\pjmedia\build\output\pjmedia_codec--Win32-vc8-Debug\g7221.obj
C:\temp\git\third-party\pjsip\pjproject-2.0.1-win\pjmedia\build\output\pjmedia_codec--Win32-vc8-Debug\g7221.sbr
C:\temp\git\third-party\pjsip\pjproject-2.0.1-win\pjmedia\build\output\pjmedia_codec--Win32-vc8-Debug\g7221_sdp_match.obj
C:\temp\git\third-party\pjsip\pjproject-2.0.1-win\pjmedia\build\output\pjmedia_codec--Win32-vc8-Debug\g7221_sdp_match.sbr
C:\temp\git\third-party\pjsip\pjproject-2.0.1-win\pjmedia\build\output\pjmedia_codec--Win32-vc8-Debug\gsm.obj
C:\temp\git\third-party\pjsip\pjproject-2.0.1-win\pjmedia\build\output\pjmedia_codec--Win32-vc8-Debug\gsm.sbr
C:\temp\git\third-party\pjsip\pjproject-2.0.1-win\pjmedia\build\output\pjmedia_codec--Win32-vc8-Debug\h263_packetizer.obj
C:\temp\git\third-party\pjsip\pjproject-2.0.1-win\pjmedia\build\output\pjmedia_codec--Win32-vc8-Debug\h263_packetizer.sbr
C:\temp\git\third-party\pjsip\pjproject-2.0.1-win\pjmedia\build\output\pjmedia_codec--Win32-vc8-Debug\h264_packetizer.obj
C:\temp\git\third-party\pjsip\pjproject-2.0.1-win\pjmedia\build\output\pjmedia_codec--Win32-vc8-Debug\h264_packetizer.sbr
C:\temp\git\third-party\pjsip\pjproject-2.0.1-win\pjmedia\build\output\pjmedia_codec--Win32-vc8-Debug\ilbc.obj
C:\temp\git\third-party\pjsip\pjproject-2.0.1-win\pjmedia\build\output\pjmedia_codec--Win32-vc8-Debug\ilbc.sbr
C:\temp\git\third-party\pjsip\pjproject-2.0.1-win\pjmedia\build\output\pjmedia_codec--Win32-vc8-Debug\ipp_codecs.obj
C:\temp\git\third-party\pjsip\pjproject-2.0.1-win\pjmedia\build\output\pjmedia_codec--Win32-vc8-Debug\ipp_codecs.sbr
C:\temp\git\third-party\pjsip\pjproject-2.0.1-win\pjmedia\build\output\pjmedia_codec--Win32-vc8-Debug\l16.obj
C:\temp\git\third-party\pjsip\pjproject-2.0.1-win\pjmedia\build\output\pjmedia_codec--Win32-vc8-Debug\l16.sbr
C:\temp\git\third-party\pjsip\pjproject-2.0.1-win\pjmedia\build\output\pjmedia_codec--Win32-vc8-Debug\lib.command.1.tlog
C:\temp\git\third-party\pjsip\pjproject-2.0.1-win\pjmedia\build\output\pjmedia_codec--Win32-vc8-Debug\Lib-link.read.1.tlog
C:\temp\git\third-party\pjsip\pjproject-2.0.1-win\pjmedia\build\output\pjmedia_codec--Win32-vc8-Debug\Lib-link.write.1.tlog
C:\temp\git\third-party\pjsip\pjproject-2.0.1-win\pjmedia\build\output\pjmedia_codec--Win32-vc8-Debug\opencore_amrnb.obj
C:\temp\git\third-party\pjsip\pjproject-2.0.1-win\pjmedia\build\output\pjmedia_codec--Win32-vc8-Debug\opencore_amrnb.sbr
C:\temp\git\third-party\pjsip\pjproject-2.0.1-win\pjmedia\build\output\pjmedia_codec--Win32-vc8-Debug\passthrough.obj
C:\temp\git\third-party\pjsip\pjproject-2.0.1-win\pjmedia\build\output\pjmedia_codec--Win32-vc8-Debug\passthrough.sbr
C:\temp\git\third-party\pjsip\pjproject-2.0.1-win\pjmedia\build\output\pjmedia_codec--Win32-vc8-Debug\pjmedia_codec.bsc
C:\temp\git\third-party\pjsip\pjproject-2.0.1-win\pjmedia\build\output\pjmedia_codec--Win32-vc8-Debug\speex_codec.obj
C:\temp\git\third-party\pjsip\pjproject-2.0.1-win\pjmedia\build\output\pjmedia_codec--Win32-vc8-Debug\speex_codec.sbr
C:\temp\git\third-party\pjsip\pjproject-2.0.1-win\pjmedia\build\output\pjmedia_codec--Win32-vc8-Debug\vc100.idb
C:\temp\git\third-party\pjsip\pjproject-2.0.1-win\pjmedia\build\output\pjmedia_codec--Win32-vc8-Debug\vc100.pdb
C:\USERS\RPC\DOWNLOADS\PJPROJECT-2.0\PJMEDIA\BUILD\OUTPUT\PJMEDIA_CODEC--WIN32-VC8-DEBUG\AMR_SDP_MATCH.OBJ
C:\USERS\RPC\DOWNLOADS\PJPROJECT-2.0\PJMEDIA\BUILD\OUTPUT\PJMEDIA_CODEC--WIN32-VC8-DEBUG\AMR_SDP_MATCH.SBR
C:\USERS\RPC\DOWNLOADS\PJPROJECT-2.0\PJMEDIA\BUILD\OUTPUT\PJMEDIA_CODEC--WIN32-VC8-DEBUG\AUDIO_CODECS.OBJ
C:\USERS\RPC\DOWNLOADS\PJPROJECT-2.0\PJMEDIA\BUILD\OUTPUT\PJMEDIA_CODEC--WIN32-VC8-DEBUG\AUDIO_CODECS.SBR
C:\USERS\RPC\DOWNLOADS\PJPROJECT-2.0\PJMEDIA\BUILD\OUTPUT\PJMEDIA_CODEC--WIN32-VC8-DEBUG\FFMPEG_VID_CODECS.OBJ
C:\USERS\RPC\DOWNLOADS\PJPROJECT-2.0\PJMEDIA\BUILD\OUTPUT\PJMEDIA_CODEC--WIN32-VC8-DEBUG\FFMPEG_VID_CODECS.SBR
C:\USERS\RPC\DOWNLOADS\PJPROJECT-2.0\PJMEDIA\BUILD\OUTPUT\PJMEDIA_CODEC--WIN32-VC8-DEBUG\G722.OBJ
C:\USERS\RPC\DOWNLOADS\PJPROJECT-2.0\PJMEDIA\BUILD\OUTPUT\PJMEDIA_CODEC--WIN32-VC8-DEBUG\G722.SBR
C:\USERS\RPC\DOWNLOADS\PJPROJECT-2.0\PJMEDIA\BUILD\OUTPUT\PJMEDIA_CODEC--WIN32-VC8-DEBUG\G722_DEC.OBJ
C:\USERS\RPC\DOWNLOADS\PJPROJECT-2.0\PJMEDIA\BUILD\OUTPUT\PJMEDIA_CODEC--WIN32-VC8-DEBUG\G722_DEC.SBR
C:\USERS\RPC\DOWNLOADS\PJPROJECT-2.0\PJMEDIA\BUILD\OUTPUT\PJMEDIA_CODEC--WIN32-VC8-DEBUG\G722_ENC.OBJ
C:\USERS\RPC\DOWNLOADS\PJPROJECT-2.0\PJMEDIA\BUILD\OUTPUT\PJMEDIA_CODEC--WIN32-VC8-DEBUG\G722_ENC.SBR
C:\USERS\RPC\DOWNLOADS\PJPROJECT-2.0\PJMEDIA\BUILD\OUTPUT\PJMEDIA_CODEC--WIN32-VC8-DEBUG\G7221.OBJ
C:\USERS\RPC\DOWNLOADS\PJPROJECT-2.0\PJMEDIA\BUILD\OUTPUT\PJMEDIA_CODEC--WIN32-VC8-DEBUG\G7221.SBR
C:\USERS\RPC\DOWNLOADS\PJPROJECT-2.0\PJMEDIA\BUILD\OUTPUT\PJMEDIA_CODEC--WIN32-VC8-DEBUG\G7221_SDP_MATCH.OBJ
C:\USERS\RPC\DOWNLOADS\PJPROJECT-2.0\PJMEDIA\BUILD\OUTPUT\PJMEDIA_CODEC--WIN32-VC8-DEBUG\G7221_SDP_MATCH.SBR
C:\USERS\RPC\DOWNLOADS\PJPROJECT-2.0\PJMEDIA\BUILD\OUTPUT\PJMEDIA_CODEC--WIN32-VC8-DEBUG\GSM.OBJ
C:\USERS\RPC\DOWNLOADS\PJPROJECT-2.0\PJMEDIA\BUILD\OUTPUT\PJMEDIA_CODEC--WIN32-VC8-DEBUG\GSM.SBR
C:\USERS\RPC\DOWNLOADS\PJPROJECT-2.0\PJMEDIA\BUILD\OUTPUT\PJMEDIA_CODEC--WIN32-VC8-DEBUG\H263_PACKETIZER.OBJ
C:\USERS\RPC\DOWNLOADS\PJPROJECT-2.0\PJMEDIA\BUILD\OUTPUT\PJMEDIA_CODEC--WIN32-VC8-DEBUG\H263_PACKETIZER.SBR
C:\USERS\RPC\DOWNLOADS\PJPROJECT-2.0\PJMEDIA\BUILD\OUTPUT\PJMEDIA_CODEC--WIN32-VC8-DEBUG\H264_PACKETIZER.OBJ
C:\USERS\RPC\DOWNLOADS\PJPROJECT-2.0\PJMEDIA\BUILD\OUTPUT\PJMEDIA_CODEC--WIN32-VC8-DEBUG\H264_PACKETIZER.SBR
C:\USERS\RPC\DOWNLOADS\PJPROJECT-2.0\PJMEDIA\BUILD\OUTPUT\PJMEDIA_CODEC--WIN32-VC8-DEBUG\ILBC.OBJ
C:\USERS\RPC\DOWNLOADS\PJPROJECT-2.0\PJMEDIA\BUILD\OUTPUT\PJMEDIA_CODEC--WIN32-VC8-DEBUG\ILBC.SBR
C:\USERS\RPC\DOWNLOADS\PJPROJECT-2.0\PJMEDIA\BUILD\OUTPUT\PJMEDIA_CODEC--WIN32-VC8-DEBUG\IPP_CODECS.OBJ
C:\USERS\RPC\DOWNLOADS\PJPROJECT-2.0\PJMEDIA\BUILD\OUTPUT\PJMEDIA_CODEC--WIN32-VC8-DEBUG\IPP_CODECS.SBR
C:\USERS\RPC\DOWNLOADS\PJPROJECT-2.0\PJMEDIA\BUILD\OUTPUT\PJMEDIA_CODEC--WIN32-VC8-DEBUG\L16.OBJ
C:\USERS\RPC\DOWNLOADS\PJPROJECT-2.0\PJMEDIA\BUILD\OUTPUT\PJMEDIA_CODEC--WIN32-VC8-DEBUG\L16.SBR
C:\USERS\RPC\DOWNLOADS\PJPROJECT-2.0\PJMEDIA\BUILD\OUTPUT\PJMEDIA_CODEC--WIN32-VC8-DEBUG\OPENCORE_AMRNB.OBJ
C:\USERS\RPC\DOWNLOADS\PJPROJECT-2.0\PJMEDIA\BUILD\OUTPUT\PJMEDIA_CODEC--WIN32-VC8-DEBUG\OPENCORE_AMRNB.SBR
C:\USERS\RPC\DOWNLOADS\PJPROJECT-2.0\PJMEDIA\BUILD\OUTPUT\PJMEDIA_CODEC--WIN32-VC8-DEBUG\PASSTHROUGH.OBJ
C:\USERS\RPC\DOWNLOADS\PJPROJECT-2.0\PJMEDIA\BUILD\OUTPUT\PJMEDIA_CODEC--WIN32-VC8-DEBUG\PASSTHROUGH.SBR
C:\USERS\RPC\DOWNLOADS\PJPROJECT-2.0\PJMEDIA\BUILD\OUTPUT\PJMEDIA_CODEC--WIN32-VC8-DEBUG\PJMEDIA_CODEC.BSC
C:\USERS\RPC\DOWNLOADS\PJPROJECT-2.0\PJMEDIA\BUILD\OUTPUT\PJMEDIA_CODEC--WIN32-VC8-DEBUG\SPEEX_CODEC.OBJ
C:\USERS\RPC\DOWNLOADS\PJPROJECT-2.0\PJMEDIA\BUILD\OUTPUT\PJMEDIA_CODEC--WIN32-VC8-DEBUG\SPEEX_CODEC.SBR
C:\USERS\RPC\DOWNLOADS\PJPROJECT-2.0\PJMEDIA\BUILD\OUTPUT\PJMEDIA_CODEC--WIN32-VC8-DEBUG\VC100.PDB
C:\USERS\RPC\DOWNLOADS\PJPROJECT-2.0\PJMEDIA\LIB\PJMEDIA-CODEC-I386-WIN32-VC8-DEBUG.LIB
