.\output\pjsip_core--Win32-vc8-Debug\pjsip_core.bsc
C:\temp\git\third-party\pjsip\pjproject-2.0.1-win\pjsip\build\output\pjsip_core--Win32-vc8-Debug\BscMake.command.1.tlog
C:\temp\git\third-party\pjsip\pjproject-2.0.1-win\pjsip\build\output\pjsip_core--Win32-vc8-Debug\bscmake.read.1.tlog
C:\temp\git\third-party\pjsip\pjproject-2.0.1-win\pjsip\build\output\pjsip_core--Win32-vc8-Debug\bscmake.write.1.tlog
C:\temp\git\third-party\pjsip\pjproject-2.0.1-win\pjsip\build\output\pjsip_core--Win32-vc8-Debug\cl.command.1.tlog
C:\temp\git\third-party\pjsip\pjproject-2.0.1-win\pjsip\build\output\pjsip_core--Win32-vc8-Debug\CL.read.1.tlog
C:\temp\git\third-party\pjsip\pjproject-2.0.1-win\pjsip\build\output\pjsip_core--Win32-vc8-Debug\CL.write.1.tlog
C:\temp\git\third-party\pjsip\pjproject-2.0.1-win\pjsip\build\output\pjsip_core--Win32-vc8-Debug\lib.command.1.tlog
C:\temp\git\third-party\pjsip\pjproject-2.0.1-win\pjsip\build\output\pjsip_core--Win32-vc8-Debug\Lib-link.read.1.tlog
C:\temp\git\third-party\pjsip\pjproject-2.0.1-win\pjsip\build\output\pjsip_core--Win32-vc8-Debug\Lib-link.write.1.tlog
C:\temp\git\third-party\pjsip\pjproject-2.0.1-win\pjsip\build\output\pjsip_core--Win32-vc8-Debug\pjsip_core.bsc
C:\temp\git\third-party\pjsip\pjproject-2.0.1-win\pjsip\build\output\pjsip_core--Win32-vc8-Debug\sip_auth_aka.obj
C:\temp\git\third-party\pjsip\pjproject-2.0.1-win\pjsip\build\output\pjsip_core--Win32-vc8-Debug\sip_auth_aka.sbr
C:\temp\git\third-party\pjsip\pjproject-2.0.1-win\pjsip\build\output\pjsip_core--Win32-vc8-Debug\sip_auth_client.obj
C:\temp\git\third-party\pjsip\pjproject-2.0.1-win\pjsip\build\output\pjsip_core--Win32-vc8-Debug\sip_auth_client.sbr
C:\temp\git\third-party\pjsip\pjproject-2.0.1-win\pjsip\build\output\pjsip_core--Win32-vc8-Debug\sip_auth_msg.obj
C:\temp\git\third-party\pjsip\pjproject-2.0.1-win\pjsip\build\output\pjsip_core--Win32-vc8-Debug\sip_auth_msg.sbr
C:\temp\git\third-party\pjsip\pjproject-2.0.1-win\pjsip\build\output\pjsip_core--Win32-vc8-Debug\sip_auth_parser.obj
C:\temp\git\third-party\pjsip\pjproject-2.0.1-win\pjsip\build\output\pjsip_core--Win32-vc8-Debug\sip_auth_parser.sbr
C:\temp\git\third-party\pjsip\pjproject-2.0.1-win\pjsip\build\output\pjsip_core--Win32-vc8-Debug\sip_auth_server.obj
C:\temp\git\third-party\pjsip\pjproject-2.0.1-win\pjsip\build\output\pjsip_core--Win32-vc8-Debug\sip_auth_server.sbr
C:\temp\git\third-party\pjsip\pjproject-2.0.1-win\pjsip\build\output\pjsip_core--Win32-vc8-Debug\sip_config.obj
C:\temp\git\third-party\pjsip\pjproject-2.0.1-win\pjsip\build\output\pjsip_core--Win32-vc8-Debug\sip_config.sbr
C:\temp\git\third-party\pjsip\pjproject-2.0.1-win\pjsip\build\output\pjsip_core--Win32-vc8-Debug\sip_dialog.obj
C:\temp\git\third-party\pjsip\pjproject-2.0.1-win\pjsip\build\output\pjsip_core--Win32-vc8-Debug\sip_dialog.sbr
C:\temp\git\third-party\pjsip\pjproject-2.0.1-win\pjsip\build\output\pjsip_core--Win32-vc8-Debug\sip_endpoint.obj
C:\temp\git\third-party\pjsip\pjproject-2.0.1-win\pjsip\build\output\pjsip_core--Win32-vc8-Debug\sip_endpoint.sbr
C:\temp\git\third-party\pjsip\pjproject-2.0.1-win\pjsip\build\output\pjsip_core--Win32-vc8-Debug\sip_errno.obj
C:\temp\git\third-party\pjsip\pjproject-2.0.1-win\pjsip\build\output\pjsip_core--Win32-vc8-Debug\sip_errno.sbr
C:\temp\git\third-party\pjsip\pjproject-2.0.1-win\pjsip\build\output\pjsip_core--Win32-vc8-Debug\sip_msg.obj
C:\temp\git\third-party\pjsip\pjproject-2.0.1-win\pjsip\build\output\pjsip_core--Win32-vc8-Debug\sip_msg.sbr
C:\temp\git\third-party\pjsip\pjproject-2.0.1-win\pjsip\build\output\pjsip_core--Win32-vc8-Debug\sip_multipart.obj
C:\temp\git\third-party\pjsip\pjproject-2.0.1-win\pjsip\build\output\pjsip_core--Win32-vc8-Debug\sip_multipart.sbr
C:\temp\git\third-party\pjsip\pjproject-2.0.1-win\pjsip\build\output\pjsip_core--Win32-vc8-Debug\sip_parser.obj
C:\temp\git\third-party\pjsip\pjproject-2.0.1-win\pjsip\build\output\pjsip_core--Win32-vc8-Debug\sip_parser.sbr
C:\temp\git\third-party\pjsip\pjproject-2.0.1-win\pjsip\build\output\pjsip_core--Win32-vc8-Debug\sip_resolve.obj
C:\temp\git\third-party\pjsip\pjproject-2.0.1-win\pjsip\build\output\pjsip_core--Win32-vc8-Debug\sip_resolve.sbr
C:\temp\git\third-party\pjsip\pjproject-2.0.1-win\pjsip\build\output\pjsip_core--Win32-vc8-Debug\sip_tel_uri.obj
C:\temp\git\third-party\pjsip\pjproject-2.0.1-win\pjsip\build\output\pjsip_core--Win32-vc8-Debug\sip_tel_uri.sbr
C:\temp\git\third-party\pjsip\pjproject-2.0.1-win\pjsip\build\output\pjsip_core--Win32-vc8-Debug\sip_transaction.obj
C:\temp\git\third-party\pjsip\pjproject-2.0.1-win\pjsip\build\output\pjsip_core--Win32-vc8-Debug\sip_transaction.sbr
C:\temp\git\third-party\pjsip\pjproject-2.0.1-win\pjsip\build\output\pjsip_core--Win32-vc8-Debug\sip_transport.obj
C:\temp\git\third-party\pjsip\pjproject-2.0.1-win\pjsip\build\output\pjsip_core--Win32-vc8-Debug\sip_transport.sbr
C:\temp\git\third-party\pjsip\pjproject-2.0.1-win\pjsip\build\output\pjsip_core--Win32-vc8-Debug\sip_transport_loop.obj
C:\temp\git\third-party\pjsip\pjproject-2.0.1-win\pjsip\build\output\pjsip_core--Win32-vc8-Debug\sip_transport_loop.sbr
C:\temp\git\third-party\pjsip\pjproject-2.0.1-win\pjsip\build\output\pjsip_core--Win32-vc8-Debug\sip_transport_tcp.obj
C:\temp\git\third-party\pjsip\pjproject-2.0.1-win\pjsip\build\output\pjsip_core--Win32-vc8-Debug\sip_transport_tcp.sbr
C:\temp\git\third-party\pjsip\pjproject-2.0.1-win\pjsip\build\output\pjsip_core--Win32-vc8-Debug\sip_transport_tls.obj
C:\temp\git\third-party\pjsip\pjproject-2.0.1-win\pjsip\build\output\pjsip_core--Win32-vc8-Debug\sip_transport_tls.sbr
C:\temp\git\third-party\pjsip\pjproject-2.0.1-win\pjsip\build\output\pjsip_core--Win32-vc8-Debug\sip_transport_udp.obj
C:\temp\git\third-party\pjsip\pjproject-2.0.1-win\pjsip\build\output\pjsip_core--Win32-vc8-Debug\sip_transport_udp.sbr
C:\temp\git\third-party\pjsip\pjproject-2.0.1-win\pjsip\build\output\pjsip_core--Win32-vc8-Debug\sip_ua_layer.obj
C:\temp\git\third-party\pjsip\pjproject-2.0.1-win\pjsip\build\output\pjsip_core--Win32-vc8-Debug\sip_ua_layer.sbr
C:\temp\git\third-party\pjsip\pjproject-2.0.1-win\pjsip\build\output\pjsip_core--Win32-vc8-Debug\sip_uri.obj
C:\temp\git\third-party\pjsip\pjproject-2.0.1-win\pjsip\build\output\pjsip_core--Win32-vc8-Debug\sip_uri.sbr
C:\temp\git\third-party\pjsip\pjproject-2.0.1-win\pjsip\build\output\pjsip_core--Win32-vc8-Debug\sip_util.obj
C:\temp\git\third-party\pjsip\pjproject-2.0.1-win\pjsip\build\output\pjsip_core--Win32-vc8-Debug\sip_util.sbr
C:\temp\git\third-party\pjsip\pjproject-2.0.1-win\pjsip\build\output\pjsip_core--Win32-vc8-Debug\sip_util_proxy.obj
C:\temp\git\third-party\pjsip\pjproject-2.0.1-win\pjsip\build\output\pjsip_core--Win32-vc8-Debug\sip_util_proxy.sbr
C:\temp\git\third-party\pjsip\pjproject-2.0.1-win\pjsip\build\output\pjsip_core--Win32-vc8-Debug\sip_util_statefull.obj
C:\temp\git\third-party\pjsip\pjproject-2.0.1-win\pjsip\build\output\pjsip_core--Win32-vc8-Debug\sip_util_statefull.sbr
C:\temp\git\third-party\pjsip\pjproject-2.0.1-win\pjsip\build\output\pjsip_core--Win32-vc8-Debug\vc100.idb
C:\temp\git\third-party\pjsip\pjproject-2.0.1-win\pjsip\build\output\pjsip_core--Win32-vc8-Debug\vc100.pdb
C:\USERS\RPC\DOWNLOADS\PJPROJECT-2.0\PJSIP\BUILD\OUTPUT\PJSIP_CORE--WIN32-VC8-DEBUG\PJSIP_CORE.BSC
C:\USERS\RPC\DOWNLOADS\PJPROJECT-2.0\PJSIP\BUILD\OUTPUT\PJSIP_CORE--WIN32-VC8-DEBUG\SIP_AUTH_AKA.OBJ
C:\USERS\RPC\DOWNLOADS\PJPROJECT-2.0\PJSIP\BUILD\OUTPUT\PJSIP_CORE--WIN32-VC8-DEBUG\SIP_AUTH_AKA.SBR
C:\USERS\RPC\DOWNLOADS\PJPROJECT-2.0\PJSIP\BUILD\OUTPUT\PJSIP_CORE--WIN32-VC8-DEBUG\SIP_AUTH_CLIENT.OBJ
C:\USERS\RPC\DOWNLOADS\PJPROJECT-2.0\PJSIP\BUILD\OUTPUT\PJSIP_CORE--WIN32-VC8-DEBUG\SIP_AUTH_CLIENT.SBR
C:\USERS\RPC\DOWNLOADS\PJPROJECT-2.0\PJSIP\BUILD\OUTPUT\PJSIP_CORE--WIN32-VC8-DEBUG\SIP_AUTH_MSG.OBJ
C:\USERS\RPC\DOWNLOADS\PJPROJECT-2.0\PJSIP\BUILD\OUTPUT\PJSIP_CORE--WIN32-VC8-DEBUG\SIP_AUTH_MSG.SBR
C:\USERS\RPC\DOWNLOADS\PJPROJECT-2.0\PJSIP\BUILD\OUTPUT\PJSIP_CORE--WIN32-VC8-DEBUG\SIP_AUTH_PARSER.OBJ
C:\USERS\RPC\DOWNLOADS\PJPROJECT-2.0\PJSIP\BUILD\OUTPUT\PJSIP_CORE--WIN32-VC8-DEBUG\SIP_AUTH_PARSER.SBR
C:\USERS\RPC\DOWNLOADS\PJPROJECT-2.0\PJSIP\BUILD\OUTPUT\PJSIP_CORE--WIN32-VC8-DEBUG\SIP_AUTH_SERVER.OBJ
C:\USERS\RPC\DOWNLOADS\PJPROJECT-2.0\PJSIP\BUILD\OUTPUT\PJSIP_CORE--WIN32-VC8-DEBUG\SIP_AUTH_SERVER.SBR
C:\USERS\RPC\DOWNLOADS\PJPROJECT-2.0\PJSIP\BUILD\OUTPUT\PJSIP_CORE--WIN32-VC8-DEBUG\SIP_CONFIG.OBJ
C:\USERS\RPC\DOWNLOADS\PJPROJECT-2.0\PJSIP\BUILD\OUTPUT\PJSIP_CORE--WIN32-VC8-DEBUG\SIP_CONFIG.SBR
C:\USERS\RPC\DOWNLOADS\PJPROJECT-2.0\PJSIP\BUILD\OUTPUT\PJSIP_CORE--WIN32-VC8-DEBUG\SIP_DIALOG.OBJ
C:\USERS\RPC\DOWNLOADS\PJPROJECT-2.0\PJSIP\BUILD\OUTPUT\PJSIP_CORE--WIN32-VC8-DEBUG\SIP_DIALOG.SBR
C:\USERS\RPC\DOWNLOADS\PJPROJECT-2.0\PJSIP\BUILD\OUTPUT\PJSIP_CORE--WIN32-VC8-DEBUG\SIP_ENDPOINT.OBJ
C:\USERS\RPC\DOWNLOADS\PJPROJECT-2.0\PJSIP\BUILD\OUTPUT\PJSIP_CORE--WIN32-VC8-DEBUG\SIP_ENDPOINT.SBR
C:\USERS\RPC\DOWNLOADS\PJPROJECT-2.0\PJSIP\BUILD\OUTPUT\PJSIP_CORE--WIN32-VC8-DEBUG\SIP_ERRNO.OBJ
C:\USERS\RPC\DOWNLOADS\PJPROJECT-2.0\PJSIP\BUILD\OUTPUT\PJSIP_CORE--WIN32-VC8-DEBUG\SIP_ERRNO.SBR
C:\USERS\RPC\DOWNLOADS\PJPROJECT-2.0\PJSIP\BUILD\OUTPUT\PJSIP_CORE--WIN32-VC8-DEBUG\SIP_MSG.OBJ
C:\USERS\RPC\DOWNLOADS\PJPROJECT-2.0\PJSIP\BUILD\OUTPUT\PJSIP_CORE--WIN32-VC8-DEBUG\SIP_MSG.SBR
C:\USERS\RPC\DOWNLOADS\PJPROJECT-2.0\PJSIP\BUILD\OUTPUT\PJSIP_CORE--WIN32-VC8-DEBUG\SIP_MULTIPART.OBJ
C:\USERS\RPC\DOWNLOADS\PJPROJECT-2.0\PJSIP\BUILD\OUTPUT\PJSIP_CORE--WIN32-VC8-DEBUG\SIP_MULTIPART.SBR
C:\USERS\RPC\DOWNLOADS\PJPROJECT-2.0\PJSIP\BUILD\OUTPUT\PJSIP_CORE--WIN32-VC8-DEBUG\SIP_PARSER.OBJ
C:\USERS\RPC\DOWNLOADS\PJPROJECT-2.0\PJSIP\BUILD\OUTPUT\PJSIP_CORE--WIN32-VC8-DEBUG\SIP_PARSER.SBR
C:\USERS\RPC\DOWNLOADS\PJPROJECT-2.0\PJSIP\BUILD\OUTPUT\PJSIP_CORE--WIN32-VC8-DEBUG\SIP_RESOLVE.OBJ
C:\USERS\RPC\DOWNLOADS\PJPROJECT-2.0\PJSIP\BUILD\OUTPUT\PJSIP_CORE--WIN32-VC8-DEBUG\SIP_RESOLVE.SBR
C:\USERS\RPC\DOWNLOADS\PJPROJECT-2.0\PJSIP\BUILD\OUTPUT\PJSIP_CORE--WIN32-VC8-DEBUG\SIP_TEL_URI.OBJ
C:\USERS\RPC\DOWNLOADS\PJPROJECT-2.0\PJSIP\BUILD\OUTPUT\PJSIP_CORE--WIN32-VC8-DEBUG\SIP_TEL_URI.SBR
C:\USERS\RPC\DOWNLOADS\PJPROJECT-2.0\PJSIP\BUILD\OUTPUT\PJSIP_CORE--WIN32-VC8-DEBUG\SIP_TRANSACTION.OBJ
C:\USERS\RPC\DOWNLOADS\PJPROJECT-2.0\PJSIP\BUILD\OUTPUT\PJSIP_CORE--WIN32-VC8-DEBUG\SIP_TRANSACTION.SBR
C:\USERS\RPC\DOWNLOADS\PJPROJECT-2.0\PJSIP\BUILD\OUTPUT\PJSIP_CORE--WIN32-VC8-DEBUG\SIP_TRANSPORT.OBJ
C:\USERS\RPC\DOWNLOADS\PJPROJECT-2.0\PJSIP\BUILD\OUTPUT\PJSIP_CORE--WIN32-VC8-DEBUG\SIP_TRANSPORT.SBR
C:\USERS\RPC\DOWNLOADS\PJPROJECT-2.0\PJSIP\BUILD\OUTPUT\PJSIP_CORE--WIN32-VC8-DEBUG\SIP_TRANSPORT_LOOP.OBJ
C:\USERS\RPC\DOWNLOADS\PJPROJECT-2.0\PJSIP\BUILD\OUTPUT\PJSIP_CORE--WIN32-VC8-DEBUG\SIP_TRANSPORT_LOOP.SBR
C:\USERS\RPC\DOWNLOADS\PJPROJECT-2.0\PJSIP\BUILD\OUTPUT\PJSIP_CORE--WIN32-VC8-DEBUG\SIP_TRANSPORT_TCP.OBJ
C:\USERS\RPC\DOWNLOADS\PJPROJECT-2.0\PJSIP\BUILD\OUTPUT\PJSIP_CORE--WIN32-VC8-DEBUG\SIP_TRANSPORT_TCP.SBR
C:\USERS\RPC\DOWNLOADS\PJPROJECT-2.0\PJSIP\BUILD\OUTPUT\PJSIP_CORE--WIN32-VC8-DEBUG\SIP_TRANSPORT_TLS.OBJ
C:\USERS\RPC\DOWNLOADS\PJPROJECT-2.0\PJSIP\BUILD\OUTPUT\PJSIP_CORE--WIN32-VC8-DEBUG\SIP_TRANSPORT_TLS.SBR
C:\USERS\RPC\DOWNLOADS\PJPROJECT-2.0\PJSIP\BUILD\OUTPUT\PJSIP_CORE--WIN32-VC8-DEBUG\SIP_TRANSPORT_UDP.OBJ
C:\USERS\RPC\DOWNLOADS\PJPROJECT-2.0\PJSIP\BUILD\OUTPUT\PJSIP_CORE--WIN32-VC8-DEBUG\SIP_TRANSPORT_UDP.SBR
C:\USERS\RPC\DOWNLOADS\PJPROJECT-2.0\PJSIP\BUILD\OUTPUT\PJSIP_CORE--WIN32-VC8-DEBUG\SIP_UA_LAYER.OBJ
C:\USERS\RPC\DOWNLOADS\PJPROJECT-2.0\PJSIP\BUILD\OUTPUT\PJSIP_CORE--WIN32-VC8-DEBUG\SIP_UA_LAYER.SBR
C:\USERS\RPC\DOWNLOADS\PJPROJECT-2.0\PJSIP\BUILD\OUTPUT\PJSIP_CORE--WIN32-VC8-DEBUG\SIP_URI.OBJ
C:\USERS\RPC\DOWNLOADS\PJPROJECT-2.0\PJSIP\BUILD\OUTPUT\PJSIP_CORE--WIN32-VC8-DEBUG\SIP_URI.SBR
C:\USERS\RPC\DOWNLOADS\PJPROJECT-2.0\PJSIP\BUILD\OUTPUT\PJSIP_CORE--WIN32-VC8-DEBUG\SIP_UTIL.OBJ
C:\USERS\RPC\DOWNLOADS\PJPROJECT-2.0\PJSIP\BUILD\OUTPUT\PJSIP_CORE--WIN32-VC8-DEBUG\SIP_UTIL.SBR
C:\USERS\RPC\DOWNLOADS\PJPROJECT-2.0\PJSIP\BUILD\OUTPUT\PJSIP_CORE--WIN32-VC8-DEBUG\SIP_UTIL_PROXY.OBJ
C:\USERS\RPC\DOWNLOADS\PJPROJECT-2.0\PJSIP\BUILD\OUTPUT\PJSIP_CORE--WIN32-VC8-DEBUG\SIP_UTIL_PROXY.SBR
C:\USERS\RPC\DOWNLOADS\PJPROJECT-2.0\PJSIP\BUILD\OUTPUT\PJSIP_CORE--WIN32-VC8-DEBUG\SIP_UTIL_STATEFULL.OBJ
C:\USERS\RPC\DOWNLOADS\PJPROJECT-2.0\PJSIP\BUILD\OUTPUT\PJSIP_CORE--WIN32-VC8-DEBUG\SIP_UTIL_STATEFULL.SBR
C:\USERS\RPC\DOWNLOADS\PJPROJECT-2.0\PJSIP\BUILD\OUTPUT\PJSIP_CORE--WIN32-VC8-DEBUG\VC100.PDB
C:\USERS\RPC\DOWNLOADS\PJPROJECT-2.0\PJSIP\LIB\PJSIP-CORE-I386-WIN32-VC8-DEBUG.LIB
