.\output\pjmedia_videodev--Win32-vc8-Debug\pjmedia_videodev.bsc
C:\temp\git\third-party\pjsip\pjproject-2.0.1-win\pjmedia\build\output\pjmedia_videodev--Win32-vc8-Debug\avi_dev.obj
C:\temp\git\third-party\pjsip\pjproject-2.0.1-win\pjmedia\build\output\pjmedia_videodev--Win32-vc8-Debug\avi_dev.sbr
C:\temp\git\third-party\pjsip\pjproject-2.0.1-win\pjmedia\build\output\pjmedia_videodev--Win32-vc8-Debug\BscMake.command.1.tlog
C:\temp\git\third-party\pjsip\pjproject-2.0.1-win\pjmedia\build\output\pjmedia_videodev--Win32-vc8-Debug\bscmake.read.1.tlog
C:\temp\git\third-party\pjsip\pjproject-2.0.1-win\pjmedia\build\output\pjmedia_videodev--Win32-vc8-Debug\bscmake.write.1.tlog
C:\temp\git\third-party\pjsip\pjproject-2.0.1-win\pjmedia\build\output\pjmedia_videodev--Win32-vc8-Debug\cl.command.1.tlog
C:\temp\git\third-party\pjsip\pjproject-2.0.1-win\pjmedia\build\output\pjmedia_videodev--Win32-vc8-Debug\CL.read.1.tlog
C:\temp\git\third-party\pjsip\pjproject-2.0.1-win\pjmedia\build\output\pjmedia_videodev--Win32-vc8-Debug\CL.write.1.tlog
C:\temp\git\third-party\pjsip\pjproject-2.0.1-win\pjmedia\build\output\pjmedia_videodev--Win32-vc8-Debug\colorbar_dev.obj
C:\temp\git\third-party\pjsip\pjproject-2.0.1-win\pjmedia\build\output\pjmedia_videodev--Win32-vc8-Debug\colorbar_dev.sbr
C:\temp\git\third-party\pjsip\pjproject-2.0.1-win\pjmedia\build\output\pjmedia_videodev--Win32-vc8-Debug\dshow_dev.obj
C:\temp\git\third-party\pjsip\pjproject-2.0.1-win\pjmedia\build\output\pjmedia_videodev--Win32-vc8-Debug\dshow_dev.sbr
C:\temp\git\third-party\pjsip\pjproject-2.0.1-win\pjmedia\build\output\pjmedia_videodev--Win32-vc8-Debug\dshowclasses.obj
C:\temp\git\third-party\pjsip\pjproject-2.0.1-win\pjmedia\build\output\pjmedia_videodev--Win32-vc8-Debug\dshowclasses.sbr
C:\temp\git\third-party\pjsip\pjproject-2.0.1-win\pjmedia\build\output\pjmedia_videodev--Win32-vc8-Debug\errno.obj
C:\temp\git\third-party\pjsip\pjproject-2.0.1-win\pjmedia\build\output\pjmedia_videodev--Win32-vc8-Debug\errno.sbr
C:\temp\git\third-party\pjsip\pjproject-2.0.1-win\pjmedia\build\output\pjmedia_videodev--Win32-vc8-Debug\ffmpeg_dev.obj
C:\temp\git\third-party\pjsip\pjproject-2.0.1-win\pjmedia\build\output\pjmedia_videodev--Win32-vc8-Debug\ffmpeg_dev.sbr
C:\temp\git\third-party\pjsip\pjproject-2.0.1-win\pjmedia\build\output\pjmedia_videodev--Win32-vc8-Debug\lib.command.1.tlog
C:\temp\git\third-party\pjsip\pjproject-2.0.1-win\pjmedia\build\output\pjmedia_videodev--Win32-vc8-Debug\Lib-link.read.1.tlog
C:\temp\git\third-party\pjsip\pjproject-2.0.1-win\pjmedia\build\output\pjmedia_videodev--Win32-vc8-Debug\Lib-link.write.1.tlog
C:\temp\git\third-party\pjsip\pjproject-2.0.1-win\pjmedia\build\output\pjmedia_videodev--Win32-vc8-Debug\pjmedia_videodev.bsc
C:\temp\git\third-party\pjsip\pjproject-2.0.1-win\pjmedia\build\output\pjmedia_videodev--Win32-vc8-Debug\sdl_dev.obj
C:\temp\git\third-party\pjsip\pjproject-2.0.1-win\pjmedia\build\output\pjmedia_videodev--Win32-vc8-Debug\sdl_dev.sbr
C:\temp\git\third-party\pjsip\pjproject-2.0.1-win\pjmedia\build\output\pjmedia_videodev--Win32-vc8-Debug\vc100.idb
C:\temp\git\third-party\pjsip\pjproject-2.0.1-win\pjmedia\build\output\pjmedia_videodev--Win32-vc8-Debug\vc100.pdb
C:\temp\git\third-party\pjsip\pjproject-2.0.1-win\pjmedia\build\output\pjmedia_videodev--Win32-vc8-Debug\videodev.obj
C:\temp\git\third-party\pjsip\pjproject-2.0.1-win\pjmedia\build\output\pjmedia_videodev--Win32-vc8-Debug\videodev.sbr
C:\USERS\RPC\DOWNLOADS\PJPROJECT-2.0\PJMEDIA\BUILD\OUTPUT\PJMEDIA_VIDEODEV--WIN32-VC8-DEBUG\AVI_DEV.OBJ
C:\USERS\RPC\DOWNLOADS\PJPROJECT-2.0\PJMEDIA\BUILD\OUTPUT\PJMEDIA_VIDEODEV--WIN32-VC8-DEBUG\AVI_DEV.SBR
C:\USERS\RPC\DOWNLOADS\PJPROJECT-2.0\PJMEDIA\BUILD\OUTPUT\PJMEDIA_VIDEODEV--WIN32-VC8-DEBUG\COLORBAR_DEV.OBJ
C:\USERS\RPC\DOWNLOADS\PJPROJECT-2.0\PJMEDIA\BUILD\OUTPUT\PJMEDIA_VIDEODEV--WIN32-VC8-DEBUG\COLORBAR_DEV.SBR
C:\USERS\RPC\DOWNLOADS\PJPROJECT-2.0\PJMEDIA\BUILD\OUTPUT\PJMEDIA_VIDEODEV--WIN32-VC8-DEBUG\DSHOW_DEV.OBJ
C:\USERS\RPC\DOWNLOADS\PJPROJECT-2.0\PJMEDIA\BUILD\OUTPUT\PJMEDIA_VIDEODEV--WIN32-VC8-DEBUG\DSHOW_DEV.SBR
C:\USERS\RPC\DOWNLOADS\PJPROJECT-2.0\PJMEDIA\BUILD\OUTPUT\PJMEDIA_VIDEODEV--WIN32-VC8-DEBUG\DSHOWCLASSES.OBJ
C:\USERS\RPC\DOWNLOADS\PJPROJECT-2.0\PJMEDIA\BUILD\OUTPUT\PJMEDIA_VIDEODEV--WIN32-VC8-DEBUG\DSHOWCLASSES.SBR
C:\USERS\RPC\DOWNLOADS\PJPROJECT-2.0\PJMEDIA\BUILD\OUTPUT\PJMEDIA_VIDEODEV--WIN32-VC8-DEBUG\ERRNO.OBJ
C:\USERS\RPC\DOWNLOADS\PJPROJECT-2.0\PJMEDIA\BUILD\OUTPUT\PJMEDIA_VIDEODEV--WIN32-VC8-DEBUG\ERRNO.SBR
C:\USERS\RPC\DOWNLOADS\PJPROJECT-2.0\PJMEDIA\BUILD\OUTPUT\PJMEDIA_VIDEODEV--WIN32-VC8-DEBUG\FFMPEG_DEV.OBJ
C:\USERS\RPC\DOWNLOADS\PJPROJECT-2.0\PJMEDIA\BUILD\OUTPUT\PJMEDIA_VIDEODEV--WIN32-VC8-DEBUG\FFMPEG_DEV.SBR
C:\USERS\RPC\DOWNLOADS\PJPROJECT-2.0\PJMEDIA\BUILD\OUTPUT\PJMEDIA_VIDEODEV--WIN32-VC8-DEBUG\PJMEDIA_VIDEODEV.BSC
C:\USERS\RPC\DOWNLOADS\PJPROJECT-2.0\PJMEDIA\BUILD\OUTPUT\PJMEDIA_VIDEODEV--WIN32-VC8-DEBUG\SDL_DEV.OBJ
C:\USERS\RPC\DOWNLOADS\PJPROJECT-2.0\PJMEDIA\BUILD\OUTPUT\PJMEDIA_VIDEODEV--WIN32-VC8-DEBUG\SDL_DEV.SBR
C:\USERS\RPC\DOWNLOADS\PJPROJECT-2.0\PJMEDIA\BUILD\OUTPUT\PJMEDIA_VIDEODEV--WIN32-VC8-DEBUG\VC100.PDB
C:\USERS\RPC\DOWNLOADS\PJPROJECT-2.0\PJMEDIA\BUILD\OUTPUT\PJMEDIA_VIDEODEV--WIN32-VC8-DEBUG\VIDEODEV.OBJ
C:\USERS\RPC\DOWNLOADS\PJPROJECT-2.0\PJMEDIA\BUILD\OUTPUT\PJMEDIA_VIDEODEV--WIN32-VC8-DEBUG\VIDEODEV.SBR
C:\USERS\RPC\DOWNLOADS\PJPROJECT-2.0\PJMEDIA\LIB\PJMEDIA-VIDEODEV-I386-WIN32-VC8-DEBUG.LIB
