.\output\pjmedia_audiodev--Win32-vc8-Debug\pjmedia_audiodev.bsc
C:\temp\git\third-party\pjsip\pjproject-2.0.1-win\pjmedia\build\output\pjmedia_audiodev--Win32-vc8-Debug\audiodev.obj
C:\temp\git\third-party\pjsip\pjproject-2.0.1-win\pjmedia\build\output\pjmedia_audiodev--Win32-vc8-Debug\audiodev.sbr
C:\temp\git\third-party\pjsip\pjproject-2.0.1-win\pjmedia\build\output\pjmedia_audiodev--Win32-vc8-Debug\audiotest.obj
C:\temp\git\third-party\pjsip\pjproject-2.0.1-win\pjmedia\build\output\pjmedia_audiodev--Win32-vc8-Debug\audiotest.sbr
C:\temp\git\third-party\pjsip\pjproject-2.0.1-win\pjmedia\build\output\pjmedia_audiodev--Win32-vc8-Debug\BscMake.command.1.tlog
C:\temp\git\third-party\pjsip\pjproject-2.0.1-win\pjmedia\build\output\pjmedia_audiodev--Win32-vc8-Debug\bscmake.read.1.tlog
C:\temp\git\third-party\pjsip\pjproject-2.0.1-win\pjmedia\build\output\pjmedia_audiodev--Win32-vc8-Debug\bscmake.write.1.tlog
C:\temp\git\third-party\pjsip\pjproject-2.0.1-win\pjmedia\build\output\pjmedia_audiodev--Win32-vc8-Debug\cl.command.1.tlog
C:\temp\git\third-party\pjsip\pjproject-2.0.1-win\pjmedia\build\output\pjmedia_audiodev--Win32-vc8-Debug\CL.read.1.tlog
C:\temp\git\third-party\pjsip\pjproject-2.0.1-win\pjmedia\build\output\pjmedia_audiodev--Win32-vc8-Debug\CL.write.1.tlog
C:\temp\git\third-party\pjsip\pjproject-2.0.1-win\pjmedia\build\output\pjmedia_audiodev--Win32-vc8-Debug\errno.obj
C:\temp\git\third-party\pjsip\pjproject-2.0.1-win\pjmedia\build\output\pjmedia_audiodev--Win32-vc8-Debug\errno.sbr
C:\temp\git\third-party\pjsip\pjproject-2.0.1-win\pjmedia\build\output\pjmedia_audiodev--Win32-vc8-Debug\legacy_dev.obj
C:\temp\git\third-party\pjsip\pjproject-2.0.1-win\pjmedia\build\output\pjmedia_audiodev--Win32-vc8-Debug\legacy_dev.sbr
C:\temp\git\third-party\pjsip\pjproject-2.0.1-win\pjmedia\build\output\pjmedia_audiodev--Win32-vc8-Debug\lib.command.1.tlog
C:\temp\git\third-party\pjsip\pjproject-2.0.1-win\pjmedia\build\output\pjmedia_audiodev--Win32-vc8-Debug\Lib-link.read.1.tlog
C:\temp\git\third-party\pjsip\pjproject-2.0.1-win\pjmedia\build\output\pjmedia_audiodev--Win32-vc8-Debug\Lib-link.write.1.tlog
C:\temp\git\third-party\pjsip\pjproject-2.0.1-win\pjmedia\build\output\pjmedia_audiodev--Win32-vc8-Debug\null_dev.obj
C:\temp\git\third-party\pjsip\pjproject-2.0.1-win\pjmedia\build\output\pjmedia_audiodev--Win32-vc8-Debug\null_dev.sbr
C:\temp\git\third-party\pjsip\pjproject-2.0.1-win\pjmedia\build\output\pjmedia_audiodev--Win32-vc8-Debug\pa_dev.obj
C:\temp\git\third-party\pjsip\pjproject-2.0.1-win\pjmedia\build\output\pjmedia_audiodev--Win32-vc8-Debug\pa_dev.sbr
C:\temp\git\third-party\pjsip\pjproject-2.0.1-win\pjmedia\build\output\pjmedia_audiodev--Win32-vc8-Debug\pjmedia_audiodev.bsc
C:\temp\git\third-party\pjsip\pjproject-2.0.1-win\pjmedia\build\output\pjmedia_audiodev--Win32-vc8-Debug\vc100.idb
C:\temp\git\third-party\pjsip\pjproject-2.0.1-win\pjmedia\build\output\pjmedia_audiodev--Win32-vc8-Debug\vc100.pdb
C:\temp\git\third-party\pjsip\pjproject-2.0.1-win\pjmedia\build\output\pjmedia_audiodev--Win32-vc8-Debug\wmme_dev.obj
C:\temp\git\third-party\pjsip\pjproject-2.0.1-win\pjmedia\build\output\pjmedia_audiodev--Win32-vc8-Debug\wmme_dev.sbr
C:\USERS\RPC\DOWNLOADS\PJPROJECT-2.0\PJMEDIA\BUILD\OUTPUT\PJMEDIA_AUDIODEV--WIN32-VC8-DEBUG\AUDIODEV.OBJ
C:\USERS\RPC\DOWNLOADS\PJPROJECT-2.0\PJMEDIA\BUILD\OUTPUT\PJMEDIA_AUDIODEV--WIN32-VC8-DEBUG\AUDIODEV.SBR
C:\USERS\RPC\DOWNLOADS\PJPROJECT-2.0\PJMEDIA\BUILD\OUTPUT\PJMEDIA_AUDIODEV--WIN32-VC8-DEBUG\AUDIOTEST.OBJ
C:\USERS\RPC\DOWNLOADS\PJPROJECT-2.0\PJMEDIA\BUILD\OUTPUT\PJMEDIA_AUDIODEV--WIN32-VC8-DEBUG\AUDIOTEST.SBR
C:\USERS\RPC\DOWNLOADS\PJPROJECT-2.0\PJMEDIA\BUILD\OUTPUT\PJMEDIA_AUDIODEV--WIN32-VC8-DEBUG\ERRNO.OBJ
C:\USERS\RPC\DOWNLOADS\PJPROJECT-2.0\PJMEDIA\BUILD\OUTPUT\PJMEDIA_AUDIODEV--WIN32-VC8-DEBUG\ERRNO.SBR
C:\USERS\RPC\DOWNLOADS\PJPROJECT-2.0\PJMEDIA\BUILD\OUTPUT\PJMEDIA_AUDIODEV--WIN32-VC8-DEBUG\LEGACY_DEV.OBJ
C:\USERS\RPC\DOWNLOADS\PJPROJECT-2.0\PJMEDIA\BUILD\OUTPUT\PJMEDIA_AUDIODEV--WIN32-VC8-DEBUG\LEGACY_DEV.SBR
C:\USERS\RPC\DOWNLOADS\PJPROJECT-2.0\PJMEDIA\BUILD\OUTPUT\PJMEDIA_AUDIODEV--WIN32-VC8-DEBUG\NULL_DEV.OBJ
C:\USERS\RPC\DOWNLOADS\PJPROJECT-2.0\PJMEDIA\BUILD\OUTPUT\PJMEDIA_AUDIODEV--WIN32-VC8-DEBUG\NULL_DEV.SBR
C:\USERS\RPC\DOWNLOADS\PJPROJECT-2.0\PJMEDIA\BUILD\OUTPUT\PJMEDIA_AUDIODEV--WIN32-VC8-DEBUG\PA_DEV.OBJ
C:\USERS\RPC\DOWNLOADS\PJPROJECT-2.0\PJMEDIA\BUILD\OUTPUT\PJMEDIA_AUDIODEV--WIN32-VC8-DEBUG\PA_DEV.SBR
C:\USERS\RPC\DOWNLOADS\PJPROJECT-2.0\PJMEDIA\BUILD\OUTPUT\PJMEDIA_AUDIODEV--WIN32-VC8-DEBUG\PJMEDIA_AUDIODEV.BSC
C:\USERS\RPC\DOWNLOADS\PJPROJECT-2.0\PJMEDIA\BUILD\OUTPUT\PJMEDIA_AUDIODEV--WIN32-VC8-DEBUG\VC100.PDB
C:\USERS\RPC\DOWNLOADS\PJPROJECT-2.0\PJMEDIA\BUILD\OUTPUT\PJMEDIA_AUDIODEV--WIN32-VC8-DEBUG\WMME_DEV.OBJ
C:\USERS\RPC\DOWNLOADS\PJPROJECT-2.0\PJMEDIA\BUILD\OUTPUT\PJMEDIA_AUDIODEV--WIN32-VC8-DEBUG\WMME_DEV.SBR
C:\USERS\RPC\DOWNLOADS\PJPROJECT-2.0\PJMEDIA\LIB\PJMEDIA-AUDIODEV-I386-WIN32-VC8-DEBUG.LIB
