.\output\pjsua--Win32-vc8-Debug\pjsua.bsc
C:\temp\git\third-party\pjsip\pjproject-2.0.1-win\pjsip-apps\build\.\output\pjsua--Win32-vc8-Debug\pjsua.exe
C:\temp\git\third-party\pjsip\pjproject-2.0.1-win\pjsip-apps\build\.\output\pjsua--Win32-vc8-Debug\pjsua.exe.intermediate.manifest
C:\temp\git\third-party\pjsip\pjproject-2.0.1-win\pjsip-apps\build\output\pjsua--Win32-vc8-Debug\BscMake.command.1.tlog
C:\temp\git\third-party\pjsip\pjproject-2.0.1-win\pjsip-apps\build\output\pjsua--Win32-vc8-Debug\bscmake.read.1.tlog
C:\temp\git\third-party\pjsip\pjproject-2.0.1-win\pjsip-apps\build\output\pjsua--Win32-vc8-Debug\bscmake.write.1.tlog
C:\temp\git\third-party\pjsip\pjproject-2.0.1-win\pjsip-apps\build\output\pjsua--Win32-vc8-Debug\cl.command.1.tlog
C:\temp\git\third-party\pjsip\pjproject-2.0.1-win\pjsip-apps\build\output\pjsua--Win32-vc8-Debug\CL.read.1.tlog
C:\temp\git\third-party\pjsip\pjproject-2.0.1-win\pjsip-apps\build\output\pjsua--Win32-vc8-Debug\CL.write.1.tlog
C:\temp\git\third-party\pjsip\pjproject-2.0.1-win\pjsip-apps\build\output\pjsua--Win32-vc8-Debug\link.command.1.tlog
C:\temp\git\third-party\pjsip\pjproject-2.0.1-win\pjsip-apps\build\output\pjsua--Win32-vc8-Debug\link.read.1.tlog
C:\temp\git\third-party\pjsip\pjproject-2.0.1-win\pjsip-apps\build\output\pjsua--Win32-vc8-Debug\link.write.1.tlog
C:\temp\git\third-party\pjsip\pjproject-2.0.1-win\pjsip-apps\build\output\pjsua--Win32-vc8-Debug\main.obj
C:\temp\git\third-party\pjsip\pjproject-2.0.1-win\pjsip-apps\build\output\pjsua--Win32-vc8-Debug\main.sbr
C:\temp\git\third-party\pjsip\pjproject-2.0.1-win\pjsip-apps\build\output\pjsua--Win32-vc8-Debug\mt.command.1.tlog
C:\temp\git\third-party\pjsip\pjproject-2.0.1-win\pjsip-apps\build\output\pjsua--Win32-vc8-Debug\mt.read.1.tlog
C:\temp\git\third-party\pjsip\pjproject-2.0.1-win\pjsip-apps\build\output\pjsua--Win32-vc8-Debug\mt.write.1.tlog
C:\temp\git\third-party\pjsip\pjproject-2.0.1-win\pjsip-apps\build\output\pjsua--Win32-vc8-Debug\pjsua.bsc
C:\temp\git\third-party\pjsip\pjproject-2.0.1-win\pjsip-apps\build\output\pjsua--Win32-vc8-Debug\pjsua.exe.intermediate.manifest
C:\temp\git\third-party\pjsip\pjproject-2.0.1-win\pjsip-apps\build\output\pjsua--Win32-vc8-Debug\pjsua.write.1.tlog
C:\temp\git\third-party\pjsip\pjproject-2.0.1-win\pjsip-apps\build\output\pjsua--Win32-vc8-Debug\pjsua_app.obj
C:\temp\git\third-party\pjsip\pjproject-2.0.1-win\pjsip-apps\build\output\pjsua--Win32-vc8-Debug\pjsua_app.sbr
C:\temp\git\third-party\pjsip\pjproject-2.0.1-win\pjsip-apps\build\output\pjsua--Win32-vc8-Debug\vc100.idb
C:\temp\git\third-party\pjsip\pjproject-2.0.1-win\pjsip-apps\build\output\pjsua--Win32-vc8-Debug\vc100.pdb
C:\USERS\RPC\DOWNLOADS\PJPROJECT-2.0\PJSIP-APPS\BUILD\OUTPUT\PJSUA--WIN32-VC8-DEBUG\MAIN.OBJ
C:\USERS\RPC\DOWNLOADS\PJPROJECT-2.0\PJSIP-APPS\BUILD\OUTPUT\PJSUA--WIN32-VC8-DEBUG\MAIN.SBR
C:\USERS\RPC\DOWNLOADS\PJPROJECT-2.0\PJSIP-APPS\BUILD\OUTPUT\PJSUA--WIN32-VC8-DEBUG\PJSUA.BSC
C:\USERS\RPC\DOWNLOADS\PJPROJECT-2.0\PJSIP-APPS\BUILD\OUTPUT\PJSUA--WIN32-VC8-DEBUG\PJSUA.EXE
C:\USERS\RPC\DOWNLOADS\PJPROJECT-2.0\PJSIP-APPS\BUILD\OUTPUT\PJSUA--WIN32-VC8-DEBUG\PJSUA.EXE.INTERMEDIATE.MANIFEST
C:\USERS\RPC\DOWNLOADS\PJPROJECT-2.0\PJSIP-APPS\BUILD\OUTPUT\PJSUA--WIN32-VC8-DEBUG\PJSUA_APP.OBJ
C:\USERS\RPC\DOWNLOADS\PJPROJECT-2.0\PJSIP-APPS\BUILD\OUTPUT\PJSUA--WIN32-VC8-DEBUG\PJSUA_APP.SBR
C:\USERS\RPC\DOWNLOADS\PJPROJECT-2.0\PJSIP-APPS\BUILD\OUTPUT\PJSUA--WIN32-VC8-DEBUG\VC100.PDB
